mode: set
github.com/snapcore/snapd/asserts/account.go:41.46,43.2 1 0
github.com/snapcore/snapd/asserts/account.go:46.40,48.2 1 0
github.com/snapcore/snapd/asserts/account.go:51.39,53.2 1 0
github.com/snapcore/snapd/asserts/account.go:56.42,58.2 1 0
github.com/snapcore/snapd/asserts/account.go:62.41,64.2 1 0
github.com/snapcore/snapd/asserts/account.go:67.43,69.2 1 0
github.com/snapcore/snapd/asserts/account.go:72.77,73.45 1 0
github.com/snapcore/snapd/asserts/account.go:73.45,75.3 1 0
github.com/snapcore/snapd/asserts/account.go:76.2,76.12 1 0
github.com/snapcore/snapd/asserts/account.go:82.63,84.16 2 0
github.com/snapcore/snapd/asserts/account.go:84.16,86.3 1 0
github.com/snapcore/snapd/asserts/account.go:88.2,89.16 2 0
github.com/snapcore/snapd/asserts/account.go:89.16,91.3 1 0
github.com/snapcore/snapd/asserts/account.go:96.2,96.31 1 0
github.com/snapcore/snapd/asserts/account.go:96.31,98.3 1 0
github.com/snapcore/snapd/asserts/account.go:100.2,101.16 2 0
github.com/snapcore/snapd/asserts/account.go:101.16,103.3 1 0
github.com/snapcore/snapd/asserts/account.go:105.2,106.16 2 0
github.com/snapcore/snapd/asserts/account.go:106.16,108.3 1 0
github.com/snapcore/snapd/asserts/account.go:110.2,114.8 1 0
github.com/snapcore/snapd/asserts/account_key.go:45.78,47.16 2 0
github.com/snapcore/snapd/asserts/account_key.go:47.16,49.3 1 0
github.com/snapcore/snapd/asserts/account_key.go:51.2,52.16 2 0
github.com/snapcore/snapd/asserts/account_key.go:52.16,54.3 1 0
github.com/snapcore/snapd/asserts/account_key.go:55.2,55.44 1 0
github.com/snapcore/snapd/asserts/account_key.go:55.44,57.3 1 0
github.com/snapcore/snapd/asserts/account_key.go:59.2,62.8 1 0
github.com/snapcore/snapd/asserts/account_key.go:66.42,68.2 1 0
github.com/snapcore/snapd/asserts/account_key.go:71.37,73.2 1 0
github.com/snapcore/snapd/asserts/account_key.go:75.46,77.2 1 0
github.com/snapcore/snapd/asserts/account_key.go:80.41,82.2 1 0
github.com/snapcore/snapd/asserts/account_key.go:85.41,87.2 1 0
github.com/snapcore/snapd/asserts/account_key.go:90.44,92.2 1 0
github.com/snapcore/snapd/asserts/account_key.go:95.54,97.33 2 0
github.com/snapcore/snapd/asserts/account_key.go:97.33,99.3 1 0
github.com/snapcore/snapd/asserts/account_key.go:100.2,100.14 1 0
github.com/snapcore/snapd/asserts/account_key.go:109.85,110.22 1 0
github.com/snapcore/snapd/asserts/account_key.go:110.22,112.30 1 0
github.com/snapcore/snapd/asserts/account_key.go:112.30,114.4 1 0
github.com/snapcore/snapd/asserts/account_key.go:115.3,115.30 1 0
github.com/snapcore/snapd/asserts/account_key.go:115.30,117.4 1 0
github.com/snapcore/snapd/asserts/account_key.go:119.2,119.24 1 0
github.com/snapcore/snapd/asserts/account_key.go:119.24,120.59 1 0
github.com/snapcore/snapd/asserts/account_key.go:120.59,122.4 1 0
github.com/snapcore/snapd/asserts/account_key.go:124.2,124.13 1 0
github.com/snapcore/snapd/asserts/account_key.go:128.45,130.2 1 0
github.com/snapcore/snapd/asserts/account_key.go:133.100,136.50 3 0
github.com/snapcore/snapd/asserts/account_key.go:136.50,138.3 1 0
github.com/snapcore/snapd/asserts/account_key.go:139.2,139.12 1 0
github.com/snapcore/snapd/asserts/account_key.go:142.76,145.24 2 0
github.com/snapcore/snapd/asserts/account_key.go:145.24,147.3 1 0
github.com/snapcore/snapd/asserts/account_key.go:148.2,148.29 1 0
github.com/snapcore/snapd/asserts/account_key.go:148.29,151.13 1 0
github.com/snapcore/snapd/asserts/account_key.go:151.13,153.4 1 0
github.com/snapcore/snapd/asserts/account_key.go:155.2,155.14 1 0
github.com/snapcore/snapd/asserts/account_key.go:159.49,161.2 1 0
github.com/snapcore/snapd/asserts/account_key.go:163.77,165.16 2 0
github.com/snapcore/snapd/asserts/account_key.go:165.16,167.3 1 0
github.com/snapcore/snapd/asserts/account_key.go:168.2,169.16 2 0
github.com/snapcore/snapd/asserts/account_key.go:169.16,171.3 1 0
github.com/snapcore/snapd/asserts/account_key.go:172.2,172.26 1 0
github.com/snapcore/snapd/asserts/account_key.go:172.26,174.3 1 0
github.com/snapcore/snapd/asserts/account_key.go:175.2,175.20 1 0
github.com/snapcore/snapd/asserts/account_key.go:179.79,180.44 1 0
github.com/snapcore/snapd/asserts/account_key.go:180.44,182.3 1 0
github.com/snapcore/snapd/asserts/account_key.go:183.2,186.38 2 0
github.com/snapcore/snapd/asserts/account_key.go:186.38,188.3 1 0
github.com/snapcore/snapd/asserts/account_key.go:189.2,189.16 1 0
github.com/snapcore/snapd/asserts/account_key.go:189.16,191.3 1 0
github.com/snapcore/snapd/asserts/account_key.go:193.2,193.21 1 0
github.com/snapcore/snapd/asserts/account_key.go:193.21,203.54 2 0
github.com/snapcore/snapd/asserts/account_key.go:203.54,205.4 1 0
github.com/snapcore/snapd/asserts/account_key.go:206.3,206.40 1 0
github.com/snapcore/snapd/asserts/account_key.go:206.40,208.56 2 0
github.com/snapcore/snapd/asserts/account_key.go:208.56,210.5 1 0
github.com/snapcore/snapd/asserts/account_key.go:213.2,213.12 1 0
github.com/snapcore/snapd/asserts/account_key.go:220.46,224.2 1 0
github.com/snapcore/snapd/asserts/account_key.go:226.66,228.16 2 0
github.com/snapcore/snapd/asserts/account_key.go:228.16,230.3 1 0
github.com/snapcore/snapd/asserts/account_key.go:233.2,234.8 2 0
github.com/snapcore/snapd/asserts/account_key.go:234.8,236.17 2 0
github.com/snapcore/snapd/asserts/account_key.go:236.17,238.4 1 0
github.com/snapcore/snapd/asserts/account_key.go:241.2,242.16 2 0
github.com/snapcore/snapd/asserts/account_key.go:242.16,244.3 1 0
github.com/snapcore/snapd/asserts/account_key.go:246.2,247.16 2 0
github.com/snapcore/snapd/asserts/account_key.go:247.16,249.3 1 0
github.com/snapcore/snapd/asserts/account_key.go:251.2,252.49 2 0
github.com/snapcore/snapd/asserts/account_key.go:252.49,254.17 2 0
github.com/snapcore/snapd/asserts/account_key.go:254.17,256.4 1 0
github.com/snapcore/snapd/asserts/account_key.go:260.2,265.8 1 0
github.com/snapcore/snapd/asserts/account_key.go:268.56,270.9 2 0
github.com/snapcore/snapd/asserts/account_key.go:270.9,272.3 1 0
github.com/snapcore/snapd/asserts/account_key.go:273.2,273.22 1 0
github.com/snapcore/snapd/asserts/account_key.go:273.22,276.3 1 0
github.com/snapcore/snapd/asserts/account_key.go:277.2,278.31 2 0
github.com/snapcore/snapd/asserts/account_key.go:278.31,280.10 2 0
github.com/snapcore/snapd/asserts/account_key.go:280.10,282.4 1 0
github.com/snapcore/snapd/asserts/account_key.go:283.3,284.17 2 0
github.com/snapcore/snapd/asserts/account_key.go:284.17,286.4 1 0
github.com/snapcore/snapd/asserts/account_key.go:287.3,287.16 1 0
github.com/snapcore/snapd/asserts/account_key.go:287.16,289.4 1 0
github.com/snapcore/snapd/asserts/account_key.go:290.3,291.10 2 0
github.com/snapcore/snapd/asserts/account_key.go:291.10,293.4 1 0
github.com/snapcore/snapd/asserts/account_key.go:294.3,295.10 2 0
github.com/snapcore/snapd/asserts/account_key.go:295.10,297.4 1 0
github.com/snapcore/snapd/asserts/account_key.go:298.3,298.37 1 0
github.com/snapcore/snapd/asserts/account_key.go:298.37,300.4 1 0
github.com/snapcore/snapd/asserts/account_key.go:301.3,305.17 3 0
github.com/snapcore/snapd/asserts/account_key.go:305.17,307.4 1 0
github.com/snapcore/snapd/asserts/account_key.go:308.3,308.39 1 0
github.com/snapcore/snapd/asserts/account_key.go:310.2,310.22 1 0
github.com/snapcore/snapd/asserts/account_key.go:313.94,315.41 2 0
github.com/snapcore/snapd/asserts/account_key.go:315.41,317.3 1 0
github.com/snapcore/snapd/asserts/account_key.go:318.2,318.23 1 0
github.com/snapcore/snapd/asserts/account_key.go:329.50,331.2 1 0
github.com/snapcore/snapd/asserts/account_key.go:334.45,336.2 1 0
github.com/snapcore/snapd/asserts/account_key.go:339.49,341.2 1 0
github.com/snapcore/snapd/asserts/account_key.go:344.49,346.2 1 0
github.com/snapcore/snapd/asserts/account_key.go:349.52,351.2 1 0
github.com/snapcore/snapd/asserts/account_key.go:354.73,356.2 1 0
github.com/snapcore/snapd/asserts/account_key.go:359.87,363.38 2 0
github.com/snapcore/snapd/asserts/account_key.go:363.38,365.3 1 0
github.com/snapcore/snapd/asserts/account_key.go:366.2,366.16 1 0
github.com/snapcore/snapd/asserts/account_key.go:366.16,368.3 1 0
github.com/snapcore/snapd/asserts/account_key.go:369.2,369.12 1 0
github.com/snapcore/snapd/asserts/account_key.go:379.54,383.2 1 0
github.com/snapcore/snapd/asserts/account_key.go:385.73,387.16 2 0
github.com/snapcore/snapd/asserts/account_key.go:387.16,389.3 1 0
github.com/snapcore/snapd/asserts/account_key.go:391.2,392.16 2 0
github.com/snapcore/snapd/asserts/account_key.go:392.16,394.3 1 0
github.com/snapcore/snapd/asserts/account_key.go:396.2,397.16 2 0
github.com/snapcore/snapd/asserts/account_key.go:397.16,399.3 1 0
github.com/snapcore/snapd/asserts/account_key.go:401.2,402.16 2 0
github.com/snapcore/snapd/asserts/account_key.go:402.16,404.3 1 0
github.com/snapcore/snapd/asserts/account_key.go:410.2,414.8 1 0
github.com/snapcore/snapd/asserts/asserts.go:80.37,81.78 1 1
github.com/snapcore/snapd/asserts/asserts.go:81.78,82.114 1 0
github.com/snapcore/snapd/asserts/asserts.go:84.2,85.34 2 1
github.com/snapcore/snapd/asserts/asserts.go:85.34,87.20 2 1
github.com/snapcore/snapd/asserts/asserts.go:87.20,88.18 1 0
github.com/snapcore/snapd/asserts/asserts.go:88.18,89.159 1 0
github.com/snapcore/snapd/asserts/asserts.go:92.3,92.17 1 1
github.com/snapcore/snapd/asserts/asserts.go:92.17,94.4 1 1
github.com/snapcore/snapd/asserts/asserts.go:96.2,96.53 1 1
github.com/snapcore/snapd/asserts/asserts.go:96.53,97.103 1 0
github.com/snapcore/snapd/asserts/asserts.go:102.51,104.2 1 0
github.com/snapcore/snapd/asserts/asserts.go:112.49,114.2 1 0
github.com/snapcore/snapd/asserts/asserts.go:117.66,121.33 4 0
github.com/snapcore/snapd/asserts/asserts.go:121.33,123.3 1 0
github.com/snapcore/snapd/asserts/asserts.go:124.2,124.13 1 0
github.com/snapcore/snapd/asserts/asserts.go:128.42,130.2 1 0
github.com/snapcore/snapd/asserts/asserts.go:192.39,194.2 1 1
github.com/snapcore/snapd/asserts/asserts.go:197.27,199.30 2 0
github.com/snapcore/snapd/asserts/asserts.go:199.30,201.3 1 0
github.com/snapcore/snapd/asserts/asserts.go:203.2,205.14 2 0
github.com/snapcore/snapd/asserts/asserts.go:210.13,228.34 4 1
github.com/snapcore/snapd/asserts/asserts.go:228.34,230.3 1 1
github.com/snapcore/snapd/asserts/asserts.go:233.88,236.16 3 0
github.com/snapcore/snapd/asserts/asserts.go:236.16,238.3 1 0
github.com/snapcore/snapd/asserts/asserts.go:241.99,246.53 5 0
github.com/snapcore/snapd/asserts/asserts.go:246.53,248.3 1 0
github.com/snapcore/snapd/asserts/asserts.go:249.2,252.16 4 0
github.com/snapcore/snapd/asserts/asserts.go:252.16,255.3 2 0
github.com/snapcore/snapd/asserts/asserts.go:267.63,268.14 1 0
github.com/snapcore/snapd/asserts/asserts.go:268.14,270.3 1 0
github.com/snapcore/snapd/asserts/asserts.go:270.8,272.3 1 0
github.com/snapcore/snapd/asserts/asserts.go:273.2,273.33 1 0
github.com/snapcore/snapd/asserts/asserts.go:273.33,275.15 2 0
github.com/snapcore/snapd/asserts/asserts.go:275.15,277.4 1 0
github.com/snapcore/snapd/asserts/asserts.go:279.2,279.19 1 0
github.com/snapcore/snapd/asserts/asserts.go:283.111,285.21 2 0
github.com/snapcore/snapd/asserts/asserts.go:285.21,288.3 1 0
github.com/snapcore/snapd/asserts/asserts.go:289.2,290.16 2 0
github.com/snapcore/snapd/asserts/asserts.go:290.16,292.3 1 0
github.com/snapcore/snapd/asserts/asserts.go:293.2,293.23 1 0
github.com/snapcore/snapd/asserts/asserts.go:300.115,301.50 1 0
github.com/snapcore/snapd/asserts/asserts.go:301.50,303.3 1 0
github.com/snapcore/snapd/asserts/asserts.go:304.2,306.45 3 0
github.com/snapcore/snapd/asserts/asserts.go:306.45,308.15 2 0
github.com/snapcore/snapd/asserts/asserts.go:308.15,310.20 2 0
github.com/snapcore/snapd/asserts/asserts.go:310.20,312.5 1 0
github.com/snapcore/snapd/asserts/asserts.go:313.9,315.4 1 0
github.com/snapcore/snapd/asserts/asserts.go:316.3,316.25 1 0
github.com/snapcore/snapd/asserts/asserts.go:318.2,318.21 1 0
github.com/snapcore/snapd/asserts/asserts.go:325.117,326.35 1 0
github.com/snapcore/snapd/asserts/asserts.go:326.35,328.3 1 0
github.com/snapcore/snapd/asserts/asserts.go:329.2,329.54 1 0
github.com/snapcore/snapd/asserts/asserts.go:329.54,331.3 1 0
github.com/snapcore/snapd/asserts/asserts.go:332.2,333.34 2 0
github.com/snapcore/snapd/asserts/asserts.go:333.34,335.16 2 0
github.com/snapcore/snapd/asserts/asserts.go:335.16,337.4 1 0
github.com/snapcore/snapd/asserts/asserts.go:338.3,338.21 1 0
github.com/snapcore/snapd/asserts/asserts.go:340.2,340.21 1 0
github.com/snapcore/snapd/asserts/asserts.go:347.115,349.2 1 0
github.com/snapcore/snapd/asserts/asserts.go:351.124,353.25 2 0
github.com/snapcore/snapd/asserts/asserts.go:353.25,355.19 2 0
github.com/snapcore/snapd/asserts/asserts.go:355.19,357.20 2 0
github.com/snapcore/snapd/asserts/asserts.go:357.20,359.5 1 0
github.com/snapcore/snapd/asserts/asserts.go:361.3,361.24 1 0
github.com/snapcore/snapd/asserts/asserts.go:363.2,363.23 1 0
github.com/snapcore/snapd/asserts/asserts.go:369.80,373.33 4 0
github.com/snapcore/snapd/asserts/asserts.go:373.33,375.3 1 0
github.com/snapcore/snapd/asserts/asserts.go:376.2,379.38 4 0
github.com/snapcore/snapd/asserts/asserts.go:379.38,381.28 2 0
github.com/snapcore/snapd/asserts/asserts.go:381.28,382.9 1 0
github.com/snapcore/snapd/asserts/asserts.go:385.3,385.9 1 0
github.com/snapcore/snapd/asserts/asserts.go:387.2,388.16 2 0
github.com/snapcore/snapd/asserts/asserts.go:397.33,402.33 5 0
github.com/snapcore/snapd/asserts/asserts.go:402.33,404.3 1 0
github.com/snapcore/snapd/asserts/asserts.go:404.8,404.18 1 0
github.com/snapcore/snapd/asserts/asserts.go:404.18,406.12 2 0
github.com/snapcore/snapd/asserts/asserts.go:406.12,408.53 2 0
github.com/snapcore/snapd/asserts/asserts.go:408.53,410.5 1 0
github.com/snapcore/snapd/asserts/asserts.go:412.4,412.37 1 0
github.com/snapcore/snapd/asserts/asserts.go:412.37,416.18 4 0
github.com/snapcore/snapd/asserts/asserts.go:416.18,418.6 1 0
github.com/snapcore/snapd/asserts/asserts.go:420.4,420.34 1 0
github.com/snapcore/snapd/asserts/asserts.go:423.2,423.53 1 0
github.com/snapcore/snapd/asserts/asserts.go:427.33,429.2 1 0
github.com/snapcore/snapd/asserts/asserts.go:432.128,434.16 2 0
github.com/snapcore/snapd/asserts/asserts.go:434.16,436.3 1 0
github.com/snapcore/snapd/asserts/asserts.go:437.2,437.32 1 0
github.com/snapcore/snapd/asserts/asserts.go:449.39,451.37 2 0
github.com/snapcore/snapd/asserts/asserts.go:451.37,453.3 1 0
github.com/snapcore/snapd/asserts/asserts.go:454.2,454.57 1 0
github.com/snapcore/snapd/asserts/asserts.go:473.39,475.2 1 0
github.com/snapcore/snapd/asserts/asserts.go:477.39,479.54 2 0
github.com/snapcore/snapd/asserts/asserts.go:479.54,481.3 1 0
github.com/snapcore/snapd/asserts/asserts.go:481.8,484.40 2 0
github.com/snapcore/snapd/asserts/asserts.go:484.40,486.4 1 0
github.com/snapcore/snapd/asserts/asserts.go:487.3,488.22 2 0
github.com/snapcore/snapd/asserts/asserts.go:488.22,490.17 2 0
github.com/snapcore/snapd/asserts/asserts.go:490.17,492.5 1 0
github.com/snapcore/snapd/asserts/asserts.go:493.4,493.58 1 0
github.com/snapcore/snapd/asserts/asserts.go:496.2,497.37 2 0
github.com/snapcore/snapd/asserts/asserts.go:497.37,499.3 1 0
github.com/snapcore/snapd/asserts/asserts.go:500.2,500.58 1 0
github.com/snapcore/snapd/asserts/asserts.go:504.134,505.22 1 0
github.com/snapcore/snapd/asserts/asserts.go:505.22,507.17 2 0
github.com/snapcore/snapd/asserts/asserts.go:507.17,509.4 1 0
github.com/snapcore/snapd/asserts/asserts.go:510.3,513.4 1 0
github.com/snapcore/snapd/asserts/asserts.go:515.2,517.16 3 0
github.com/snapcore/snapd/asserts/asserts.go:517.16,519.3 1 0
github.com/snapcore/snapd/asserts/asserts.go:520.2,520.31 1 0
github.com/snapcore/snapd/asserts/asserts.go:599.59,602.2 2 0
github.com/snapcore/snapd/asserts/asserts.go:605.48,607.2 1 0
github.com/snapcore/snapd/asserts/asserts.go:610.39,612.2 1 0
github.com/snapcore/snapd/asserts/asserts.go:617.49,619.2 1 0
github.com/snapcore/snapd/asserts/asserts.go:622.41,624.2 1 0
github.com/snapcore/snapd/asserts/asserts.go:627.47,629.2 1 0
github.com/snapcore/snapd/asserts/asserts.go:632.50,634.14 2 0
github.com/snapcore/snapd/asserts/asserts.go:634.14,636.3 1 0
github.com/snapcore/snapd/asserts/asserts.go:637.2,637.22 1 0
github.com/snapcore/snapd/asserts/asserts.go:641.51,643.2 1 0
github.com/snapcore/snapd/asserts/asserts.go:646.40,648.2 1 0
github.com/snapcore/snapd/asserts/asserts.go:651.66,653.2 1 0
github.com/snapcore/snapd/asserts/asserts.go:656.45,658.2 1 0
github.com/snapcore/snapd/asserts/asserts.go:661.49,663.2 1 0
github.com/snapcore/snapd/asserts/asserts.go:666.37,669.45 3 0
github.com/snapcore/snapd/asserts/asserts.go:669.45,671.3 1 0
github.com/snapcore/snapd/asserts/asserts.go:672.2,675.3 1 0
github.com/snapcore/snapd/asserts/asserts.go:679.43,681.2 1 0
github.com/snapcore/snapd/asserts/asserts.go:743.60,748.33 4 1
github.com/snapcore/snapd/asserts/asserts.go:748.33,750.3 1 0
github.com/snapcore/snapd/asserts/asserts.go:751.2,756.28 5 1
github.com/snapcore/snapd/asserts/asserts.go:756.28,758.3 1 1
github.com/snapcore/snapd/asserts/asserts.go:758.8,760.21 2 1
github.com/snapcore/snapd/asserts/asserts.go:760.21,762.4 1 0
github.com/snapcore/snapd/asserts/asserts.go:763.3,763.36 1 1
github.com/snapcore/snapd/asserts/asserts.go:766.2,767.16 2 1
github.com/snapcore/snapd/asserts/asserts.go:767.16,769.3 1 0
github.com/snapcore/snapd/asserts/asserts.go:771.2,771.52 1 1
github.com/snapcore/snapd/asserts/asserts.go:796.41,799.2 2 0
github.com/snapcore/snapd/asserts/asserts.go:804.39,812.2 1 0
github.com/snapcore/snapd/asserts/asserts.go:815.98,824.2 1 0
github.com/snapcore/snapd/asserts/asserts.go:826.50,828.32 2 0
github.com/snapcore/snapd/asserts/asserts.go:828.32,830.19 2 0
github.com/snapcore/snapd/asserts/asserts.go:830.19,831.16 1 0
github.com/snapcore/snapd/asserts/asserts.go:833.3,835.28 3 0
github.com/snapcore/snapd/asserts/asserts.go:837.2,837.32 1 0
github.com/snapcore/snapd/asserts/asserts.go:837.32,839.3 1 0
github.com/snapcore/snapd/asserts/asserts.go:840.2,840.19 1 0
github.com/snapcore/snapd/asserts/asserts.go:846.55,849.22 3 0
github.com/snapcore/snapd/asserts/asserts.go:849.22,851.3 1 0
github.com/snapcore/snapd/asserts/asserts.go:852.2,852.19 1 0
github.com/snapcore/snapd/asserts/asserts.go:852.19,854.3 1 0
github.com/snapcore/snapd/asserts/asserts.go:855.2,855.17 1 0
github.com/snapcore/snapd/asserts/asserts.go:858.72,861.6 3 0
github.com/snapcore/snapd/asserts/asserts.go:861.6,863.50 2 0
github.com/snapcore/snapd/asserts/asserts.go:863.50,866.4 2 0
github.com/snapcore/snapd/asserts/asserts.go:868.3,868.47 1 0
github.com/snapcore/snapd/asserts/asserts.go:868.47,871.4 2 0
github.com/snapcore/snapd/asserts/asserts.go:872.3,874.21 3 0
github.com/snapcore/snapd/asserts/asserts.go:874.21,876.4 1 0
github.com/snapcore/snapd/asserts/asserts.go:882.47,885.16 2 0
github.com/snapcore/snapd/asserts/asserts.go:885.16,886.20 1 0
github.com/snapcore/snapd/asserts/asserts.go:886.20,887.28 1 0
github.com/snapcore/snapd/asserts/asserts.go:887.28,889.5 1 0
github.com/snapcore/snapd/asserts/asserts.go:890.4,890.22 1 0
github.com/snapcore/snapd/asserts/asserts.go:892.3,892.69 1 0
github.com/snapcore/snapd/asserts/asserts.go:895.2,897.16 3 0
github.com/snapcore/snapd/asserts/asserts.go:897.16,899.3 1 0
github.com/snapcore/snapd/asserts/asserts.go:901.2,905.16 4 0
github.com/snapcore/snapd/asserts/asserts.go:905.16,907.3 1 0
github.com/snapcore/snapd/asserts/asserts.go:908.2,908.94 1 0
github.com/snapcore/snapd/asserts/asserts.go:908.94,910.3 1 0
github.com/snapcore/snapd/asserts/asserts.go:910.8,910.42 1 0
github.com/snapcore/snapd/asserts/asserts.go:910.42,912.3 1 0
github.com/snapcore/snapd/asserts/asserts.go:916.2,919.16 3 0
github.com/snapcore/snapd/asserts/asserts.go:919.16,922.17 2 0
github.com/snapcore/snapd/asserts/asserts.go:922.17,924.4 1 0
github.com/snapcore/snapd/asserts/asserts.go:925.3,925.25 1 0
github.com/snapcore/snapd/asserts/asserts.go:929.2,930.33 2 0
github.com/snapcore/snapd/asserts/asserts.go:930.33,932.3 1 0
github.com/snapcore/snapd/asserts/asserts.go:934.2,935.34 2 0
github.com/snapcore/snapd/asserts/asserts.go:935.34,938.34 2 0
github.com/snapcore/snapd/asserts/asserts.go:938.34,940.4 1 0
github.com/snapcore/snapd/asserts/asserts.go:941.8,943.17 1 0
github.com/snapcore/snapd/asserts/asserts.go:943.17,945.4 1 0
github.com/snapcore/snapd/asserts/asserts.go:946.3,947.31 2 0
github.com/snapcore/snapd/asserts/asserts.go:951.2,951.32 1 0
github.com/snapcore/snapd/asserts/asserts.go:951.32,953.3 1 0
github.com/snapcore/snapd/asserts/asserts.go:955.2,957.16 3 0
github.com/snapcore/snapd/asserts/asserts.go:957.16,959.3 1 0
github.com/snapcore/snapd/asserts/asserts.go:961.2,964.61 3 0
github.com/snapcore/snapd/asserts/asserts.go:967.71,969.16 2 1
github.com/snapcore/snapd/asserts/asserts.go:969.16,971.3 1 0
github.com/snapcore/snapd/asserts/asserts.go:972.2,972.17 1 1
github.com/snapcore/snapd/asserts/asserts.go:972.17,974.3 1 0
github.com/snapcore/snapd/asserts/asserts.go:975.2,975.21 1 1
github.com/snapcore/snapd/asserts/asserts.go:978.55,980.2 1 1
github.com/snapcore/snapd/asserts/asserts.go:982.57,984.2 1 1
github.com/snapcore/snapd/asserts/asserts.go:987.91,989.16 2 0
github.com/snapcore/snapd/asserts/asserts.go:989.16,991.3 1 0
github.com/snapcore/snapd/asserts/asserts.go:992.2,992.52 1 0
github.com/snapcore/snapd/asserts/asserts.go:995.69,996.72 1 0
github.com/snapcore/snapd/asserts/asserts.go:996.72,998.3 1 0
github.com/snapcore/snapd/asserts/asserts.go:999.2,999.12 1 0
github.com/snapcore/snapd/asserts/asserts.go:1002.80,1003.42 1 1
github.com/snapcore/snapd/asserts/asserts.go:1003.42,1005.3 1 0
github.com/snapcore/snapd/asserts/asserts.go:1006.2,1006.12 1 1
github.com/snapcore/snapd/asserts/asserts.go:1009.68,1010.15 1 0
github.com/snapcore/snapd/asserts/asserts.go:1010.15,1011.17 1 0
github.com/snapcore/snapd/asserts/asserts.go:1011.17,1013.4 1 0
github.com/snapcore/snapd/asserts/asserts.go:1016.2,1016.17 1 0
github.com/snapcore/snapd/asserts/asserts.go:1016.17,1018.3 1 0
github.com/snapcore/snapd/asserts/asserts.go:1020.2,1021.51 2 0
github.com/snapcore/snapd/asserts/asserts.go:1021.51,1023.3 1 0
github.com/snapcore/snapd/asserts/asserts.go:1025.2,1026.16 2 0
github.com/snapcore/snapd/asserts/asserts.go:1026.16,1028.3 1 0
github.com/snapcore/snapd/asserts/asserts.go:1030.2,1030.41 1 0
github.com/snapcore/snapd/asserts/asserts.go:1030.41,1034.3 1 0
github.com/snapcore/snapd/asserts/asserts.go:1036.2,1036.12 1 0
github.com/snapcore/snapd/asserts/asserts.go:1040.91,1042.16 2 1
github.com/snapcore/snapd/asserts/asserts.go:1042.16,1044.3 1 0
github.com/snapcore/snapd/asserts/asserts.go:1045.2,1045.25 1 1
github.com/snapcore/snapd/asserts/asserts.go:1045.25,1047.3 1 0
github.com/snapcore/snapd/asserts/asserts.go:1049.2,1049.23 1 1
github.com/snapcore/snapd/asserts/asserts.go:1049.23,1051.3 1 0
github.com/snapcore/snapd/asserts/asserts.go:1053.2,1053.86 1 1
github.com/snapcore/snapd/asserts/asserts.go:1053.86,1055.3 1 0
github.com/snapcore/snapd/asserts/asserts.go:1057.2,1058.16 2 1
github.com/snapcore/snapd/asserts/asserts.go:1058.16,1060.3 1 0
github.com/snapcore/snapd/asserts/asserts.go:1061.2,1062.23 2 1
github.com/snapcore/snapd/asserts/asserts.go:1062.23,1064.3 1 0
github.com/snapcore/snapd/asserts/asserts.go:1066.2,1066.36 1 1
github.com/snapcore/snapd/asserts/asserts.go:1066.36,1067.53 1 0
github.com/snapcore/snapd/asserts/asserts.go:1067.53,1069.4 1 0
github.com/snapcore/snapd/asserts/asserts.go:1072.2,1072.39 1 1
github.com/snapcore/snapd/asserts/asserts.go:1072.39,1073.61 1 0
github.com/snapcore/snapd/asserts/asserts.go:1073.61,1075.4 1 0
github.com/snapcore/snapd/asserts/asserts.go:1076.8,1077.63 1 1
github.com/snapcore/snapd/asserts/asserts.go:1077.63,1079.4 1 0
github.com/snapcore/snapd/asserts/asserts.go:1082.2,1083.16 2 1
github.com/snapcore/snapd/asserts/asserts.go:1083.16,1085.3 1 0
github.com/snapcore/snapd/asserts/asserts.go:1087.2,1087.48 1 1
github.com/snapcore/snapd/asserts/asserts.go:1087.48,1088.37 1 1
github.com/snapcore/snapd/asserts/asserts.go:1088.37,1089.74 1 1
github.com/snapcore/snapd/asserts/asserts.go:1089.74,1091.5 1 0
github.com/snapcore/snapd/asserts/asserts.go:1093.3,1093.62 1 1
github.com/snapcore/snapd/asserts/asserts.go:1093.62,1095.4 1 1
github.com/snapcore/snapd/asserts/asserts.go:1098.2,1099.16 2 1
github.com/snapcore/snapd/asserts/asserts.go:1099.16,1101.3 1 0
github.com/snapcore/snapd/asserts/asserts.go:1103.2,1103.25 1 1
github.com/snapcore/snapd/asserts/asserts.go:1103.25,1105.3 1 0
github.com/snapcore/snapd/asserts/asserts.go:1107.2,1115.16 2 1
github.com/snapcore/snapd/asserts/asserts.go:1115.16,1117.3 1 1
github.com/snapcore/snapd/asserts/asserts.go:1118.2,1118.20 1 0
github.com/snapcore/snapd/asserts/asserts.go:1121.74,1123.2 1 0
github.com/snapcore/snapd/asserts/asserts.go:1125.125,1127.16 2 0
github.com/snapcore/snapd/asserts/asserts.go:1127.16,1129.3 1 0
github.com/snapcore/snapd/asserts/asserts.go:1131.2,1135.16 4 0
github.com/snapcore/snapd/asserts/asserts.go:1135.16,1137.3 1 0
github.com/snapcore/snapd/asserts/asserts.go:1141.2,1141.23 1 0
github.com/snapcore/snapd/asserts/asserts.go:1141.23,1143.3 1 0
github.com/snapcore/snapd/asserts/asserts.go:1145.2,1145.18 1 0
github.com/snapcore/snapd/asserts/asserts.go:1145.18,1146.53 1 0
github.com/snapcore/snapd/asserts/asserts.go:1146.53,1148.4 1 0
github.com/snapcore/snapd/asserts/asserts.go:1151.2,1159.19 8 0
github.com/snapcore/snapd/asserts/asserts.go:1159.19,1160.65 1 0
github.com/snapcore/snapd/asserts/asserts.go:1160.65,1162.4 1 0
github.com/snapcore/snapd/asserts/asserts.go:1163.8,1164.68 1 0
github.com/snapcore/snapd/asserts/asserts.go:1164.68,1166.4 1 0
github.com/snapcore/snapd/asserts/asserts.go:1169.2,1170.16 2 0
github.com/snapcore/snapd/asserts/asserts.go:1170.16,1172.3 1 0
github.com/snapcore/snapd/asserts/asserts.go:1174.2,1174.49 1 0
github.com/snapcore/snapd/asserts/asserts.go:1174.49,1176.3 1 0
github.com/snapcore/snapd/asserts/asserts.go:1178.2,1179.16 2 0
github.com/snapcore/snapd/asserts/asserts.go:1179.16,1181.3 1 0
github.com/snapcore/snapd/asserts/asserts.go:1183.2,1183.33 1 0
github.com/snapcore/snapd/asserts/asserts.go:1183.33,1185.3 1 0
github.com/snapcore/snapd/asserts/asserts.go:1187.2,1188.16 2 0
github.com/snapcore/snapd/asserts/asserts.go:1188.16,1190.3 1 0
github.com/snapcore/snapd/asserts/asserts.go:1192.2,1195.19 3 0
github.com/snapcore/snapd/asserts/asserts.go:1195.19,1197.3 1 0
github.com/snapcore/snapd/asserts/asserts.go:1197.8,1199.3 1 0
github.com/snapcore/snapd/asserts/asserts.go:1201.2,1201.19 1 0
github.com/snapcore/snapd/asserts/asserts.go:1201.19,1203.3 1 0
github.com/snapcore/snapd/asserts/asserts.go:1205.2,1205.18 1 0
github.com/snapcore/snapd/asserts/asserts.go:1205.18,1207.3 1 0
github.com/snapcore/snapd/asserts/asserts.go:1207.8,1209.3 1 0
github.com/snapcore/snapd/asserts/asserts.go:1210.2,1218.48 2 0
github.com/snapcore/snapd/asserts/asserts.go:1218.48,1221.24 3 0
github.com/snapcore/snapd/asserts/asserts.go:1221.24,1225.12 2 0
github.com/snapcore/snapd/asserts/asserts.go:1227.3,1228.17 2 0
github.com/snapcore/snapd/asserts/asserts.go:1228.17,1230.4 1 0
github.com/snapcore/snapd/asserts/asserts.go:1231.3,1231.20 1 0
github.com/snapcore/snapd/asserts/asserts.go:1231.20,1233.4 1 0
github.com/snapcore/snapd/asserts/asserts.go:1234.3,1234.26 1 0
github.com/snapcore/snapd/asserts/asserts.go:1238.2,1239.33 2 0
github.com/snapcore/snapd/asserts/asserts.go:1239.33,1240.21 1 0
github.com/snapcore/snapd/asserts/asserts.go:1240.21,1242.4 1 0
github.com/snapcore/snapd/asserts/asserts.go:1244.2,1245.30 2 0
github.com/snapcore/snapd/asserts/asserts.go:1245.30,1247.3 1 0
github.com/snapcore/snapd/asserts/asserts.go:1250.2,1250.20 1 0
github.com/snapcore/snapd/asserts/asserts.go:1250.20,1252.3 1 0
github.com/snapcore/snapd/asserts/asserts.go:1252.8,1254.3 1 0
github.com/snapcore/snapd/asserts/asserts.go:1257.2,1259.20 2 0
github.com/snapcore/snapd/asserts/asserts.go:1259.20,1263.3 3 0
github.com/snapcore/snapd/asserts/asserts.go:1263.8,1265.3 1 0
github.com/snapcore/snapd/asserts/asserts.go:1266.2,1269.16 3 0
github.com/snapcore/snapd/asserts/asserts.go:1269.16,1271.3 1 0
github.com/snapcore/snapd/asserts/asserts.go:1273.2,1283.16 3 0
github.com/snapcore/snapd/asserts/asserts.go:1283.16,1285.3 1 0
github.com/snapcore/snapd/asserts/asserts.go:1286.2,1286.20 1 0
github.com/snapcore/snapd/asserts/asserts.go:1290.130,1291.39 1 0
github.com/snapcore/snapd/asserts/asserts.go:1291.39,1293.3 1 0
github.com/snapcore/snapd/asserts/asserts.go:1294.2,1294.60 1 0
github.com/snapcore/snapd/asserts/asserts.go:1298.38,1306.2 7 0
github.com/snapcore/snapd/asserts/asserts.go:1315.39,1317.2 1 0
github.com/snapcore/snapd/asserts/asserts.go:1319.47,1320.18 1 0
github.com/snapcore/snapd/asserts/asserts.go:1320.18,1322.17 2 0
github.com/snapcore/snapd/asserts/asserts.go:1322.17,1324.4 1 0
github.com/snapcore/snapd/asserts/asserts.go:1326.2,1327.12 2 0
github.com/snapcore/snapd/asserts/asserts.go:1331.56,1333.13 2 0
github.com/snapcore/snapd/asserts/asserts.go:1333.13,1335.3 1 0
github.com/snapcore/snapd/asserts/asserts.go:1337.2,1338.16 2 0
github.com/snapcore/snapd/asserts/asserts.go:1338.16,1340.3 1 0
github.com/snapcore/snapd/asserts/asserts.go:1342.2,1343.16 2 0
github.com/snapcore/snapd/asserts/asserts.go:1343.16,1345.3 1 0
github.com/snapcore/snapd/asserts/asserts.go:1347.2,1347.36 1 0
github.com/snapcore/snapd/asserts/asserts.go:1351.76,1352.23 1 0
github.com/snapcore/snapd/asserts/asserts.go:1352.23,1354.3 1 0
github.com/snapcore/snapd/asserts/asserts.go:1356.2,1357.13 2 0
github.com/snapcore/snapd/asserts/asserts.go:1357.13,1359.3 1 0
github.com/snapcore/snapd/asserts/asserts.go:1361.2,1362.16 2 0
github.com/snapcore/snapd/asserts/asserts.go:1362.16,1364.3 1 0
github.com/snapcore/snapd/asserts/asserts.go:1366.2,1367.16 2 0
github.com/snapcore/snapd/asserts/asserts.go:1367.16,1369.3 1 0
github.com/snapcore/snapd/asserts/asserts.go:1370.2,1371.16 2 0
github.com/snapcore/snapd/asserts/asserts.go:1371.16,1373.3 1 0
github.com/snapcore/snapd/asserts/asserts.go:1374.2,1375.16 2 0
github.com/snapcore/snapd/asserts/asserts.go:1375.16,1377.3 1 0
github.com/snapcore/snapd/asserts/asserts.go:1379.2,1379.38 1 0
github.com/snapcore/snapd/asserts/asserts.go:1384.52,1386.2 1 0
github.com/snapcore/snapd/asserts/asserts.go:1389.63,1392.16 3 0
github.com/snapcore/snapd/asserts/asserts.go:1392.16,1394.3 1 0
github.com/snapcore/snapd/asserts/asserts.go:1395.2,1396.16 2 0
github.com/snapcore/snapd/asserts/asserts.go:1396.16,1398.3 1 0
github.com/snapcore/snapd/asserts/asserts.go:1399.2,1399.12 1 0
github.com/snapcore/snapd/asserts/batch.go:47.65,48.24 1 0
github.com/snapcore/snapd/asserts/batch.go:48.24,49.47 1 0
github.com/snapcore/snapd/asserts/batch.go:49.47,51.4 1 0
github.com/snapcore/snapd/asserts/batch.go:54.2,58.3 1 0
github.com/snapcore/snapd/asserts/batch.go:62.40,65.26 2 0
github.com/snapcore/snapd/asserts/batch.go:65.26,68.3 2 0
github.com/snapcore/snapd/asserts/batch.go:69.2,69.46 1 0
github.com/snapcore/snapd/asserts/batch.go:69.46,70.45 1 0
github.com/snapcore/snapd/asserts/batch.go:70.45,71.38 1 0
github.com/snapcore/snapd/asserts/batch.go:71.38,74.5 1 0
github.com/snapcore/snapd/asserts/batch.go:76.3,76.13 1 0
github.com/snapcore/snapd/asserts/batch.go:78.2,79.12 2 0
github.com/snapcore/snapd/asserts/batch.go:84.56,89.6 4 0
github.com/snapcore/snapd/asserts/batch.go:89.6,91.20 2 0
github.com/snapcore/snapd/asserts/batch.go:91.20,92.9 1 0
github.com/snapcore/snapd/asserts/batch.go:94.3,94.17 1 0
github.com/snapcore/snapd/asserts/batch.go:94.17,96.4 1 0
github.com/snapcore/snapd/asserts/batch.go:97.3,97.34 1 0
github.com/snapcore/snapd/asserts/batch.go:97.34,99.4 1 0
github.com/snapcore/snapd/asserts/batch.go:101.2,102.21 2 0
github.com/snapcore/snapd/asserts/batch.go:102.21,104.3 1 0
github.com/snapcore/snapd/asserts/batch.go:105.2,106.26 2 0
github.com/snapcore/snapd/asserts/batch.go:106.26,108.3 1 0
github.com/snapcore/snapd/asserts/batch.go:109.2,109.18 1 0
github.com/snapcore/snapd/asserts/batch.go:114.121,117.2 2 0
github.com/snapcore/snapd/asserts/batch.go:119.46,122.2 2 0
github.com/snapcore/snapd/asserts/batch.go:133.67,134.17 1 0
github.com/snapcore/snapd/asserts/batch.go:134.17,136.3 1 0
github.com/snapcore/snapd/asserts/batch.go:137.2,137.19 1 0
github.com/snapcore/snapd/asserts/batch.go:137.19,138.40 1 0
github.com/snapcore/snapd/asserts/batch.go:138.40,140.4 1 0
github.com/snapcore/snapd/asserts/batch.go:143.2,143.28 1 0
github.com/snapcore/snapd/asserts/batch.go:152.102,153.17 1 0
github.com/snapcore/snapd/asserts/batch.go:153.17,155.3 1 0
github.com/snapcore/snapd/asserts/batch.go:156.2,156.19 1 0
github.com/snapcore/snapd/asserts/batch.go:156.19,157.40 1 0
github.com/snapcore/snapd/asserts/batch.go:157.40,159.4 1 0
github.com/snapcore/snapd/asserts/batch.go:162.2,162.32 1 0
github.com/snapcore/snapd/asserts/batch.go:167.71,168.41 1 0
github.com/snapcore/snapd/asserts/batch.go:168.41,170.3 1 0
github.com/snapcore/snapd/asserts/batch.go:176.2,177.28 2 0
github.com/snapcore/snapd/asserts/batch.go:177.28,179.31 2 0
github.com/snapcore/snapd/asserts/batch.go:179.31,183.12 1 0
github.com/snapcore/snapd/asserts/batch.go:185.3,185.17 1 0
github.com/snapcore/snapd/asserts/batch.go:185.17,187.4 1 0
github.com/snapcore/snapd/asserts/batch.go:187.9,187.28 1 0
github.com/snapcore/snapd/asserts/batch.go:187.28,189.4 1 0
github.com/snapcore/snapd/asserts/batch.go:191.2,191.20 1 0
github.com/snapcore/snapd/asserts/batch.go:191.20,193.3 1 0
github.com/snapcore/snapd/asserts/batch.go:194.2,194.12 1 0
github.com/snapcore/snapd/asserts/batch.go:197.48,198.21 1 0
github.com/snapcore/snapd/asserts/batch.go:198.21,201.3 1 0
github.com/snapcore/snapd/asserts/batch.go:204.2,205.48 2 0
github.com/snapcore/snapd/asserts/batch.go:205.48,207.39 2 0
github.com/snapcore/snapd/asserts/batch.go:207.39,210.4 1 0
github.com/snapcore/snapd/asserts/batch.go:211.3,211.17 1 0
github.com/snapcore/snapd/asserts/batch.go:211.17,213.4 1 0
github.com/snapcore/snapd/asserts/batch.go:214.3,214.16 1 0
github.com/snapcore/snapd/asserts/batch.go:216.2,216.34 1 0
github.com/snapcore/snapd/asserts/batch.go:216.34,219.3 2 0
github.com/snapcore/snapd/asserts/batch.go:220.2,222.28 2 0
github.com/snapcore/snapd/asserts/batch.go:222.28,223.42 1 0
github.com/snapcore/snapd/asserts/batch.go:223.42,225.4 1 0
github.com/snapcore/snapd/asserts/batch.go:228.2,230.12 3 0
github.com/snapcore/snapd/asserts/batch.go:233.61,234.38 1 0
github.com/snapcore/snapd/asserts/batch.go:234.38,236.3 1 0
github.com/snapcore/snapd/asserts/batch.go:236.8,238.3 1 0
github.com/snapcore/snapd/asserts/batch.go:245.38,247.27 2 0
github.com/snapcore/snapd/asserts/batch.go:247.27,249.3 1 0
github.com/snapcore/snapd/asserts/batch.go:250.2,250.82 1 0
github.com/snapcore/snapd/asserts/confdb.go:42.44,44.2 1 0
github.com/snapcore/snapd/asserts/confdb.go:47.39,49.2 1 0
github.com/snapcore/snapd/asserts/confdb.go:53.49,55.2 1 0
github.com/snapcore/snapd/asserts/confdb.go:57.68,60.30 3 0
github.com/snapcore/snapd/asserts/confdb.go:60.30,62.3 1 0
github.com/snapcore/snapd/asserts/confdb.go:64.2,65.16 2 0
github.com/snapcore/snapd/asserts/confdb.go:65.16,67.3 1 0
github.com/snapcore/snapd/asserts/confdb.go:69.2,70.16 2 0
github.com/snapcore/snapd/asserts/confdb.go:70.16,72.3 1 0
github.com/snapcore/snapd/asserts/confdb.go:73.2,73.21 1 0
github.com/snapcore/snapd/asserts/confdb.go:73.21,75.3 1 0
github.com/snapcore/snapd/asserts/confdb.go:77.2,77.74 1 0
github.com/snapcore/snapd/asserts/confdb.go:77.74,79.3 1 0
github.com/snapcore/snapd/asserts/confdb.go:81.2,82.62 2 0
github.com/snapcore/snapd/asserts/confdb.go:82.62,84.3 1 0
github.com/snapcore/snapd/asserts/confdb.go:86.2,87.9 2 0
github.com/snapcore/snapd/asserts/confdb.go:87.9,89.3 1 0
github.com/snapcore/snapd/asserts/confdb.go:91.2,92.16 2 0
github.com/snapcore/snapd/asserts/confdb.go:92.16,94.3 1 0
github.com/snapcore/snapd/asserts/confdb.go:96.2,97.16 2 0
github.com/snapcore/snapd/asserts/confdb.go:97.16,99.3 1 0
github.com/snapcore/snapd/asserts/confdb.go:101.2,102.16 2 0
github.com/snapcore/snapd/asserts/confdb.go:102.16,104.3 1 0
github.com/snapcore/snapd/asserts/confdb.go:106.2,110.8 1 0
github.com/snapcore/snapd/asserts/confdb.go:127.68,133.16 2 0
github.com/snapcore/snapd/asserts/confdb.go:133.16,135.3 1 0
github.com/snapcore/snapd/asserts/confdb.go:137.2,139.32 3 0
github.com/snapcore/snapd/asserts/confdb.go:139.32,141.3 1 0
github.com/snapcore/snapd/asserts/confdb.go:143.2,143.17 1 0
github.com/snapcore/snapd/asserts/confdb.go:147.49,151.2 1 0
github.com/snapcore/snapd/asserts/confdb.go:154.43,156.2 1 0
github.com/snapcore/snapd/asserts/confdb.go:159.41,161.2 1 0
github.com/snapcore/snapd/asserts/confdb.go:165.42,167.2 1 0
github.com/snapcore/snapd/asserts/confdb.go:170.51,172.2 1 0
github.com/snapcore/snapd/asserts/confdb.go:176.69,178.16 2 0
github.com/snapcore/snapd/asserts/confdb.go:178.16,180.3 1 0
github.com/snapcore/snapd/asserts/confdb.go:182.2,182.54 1 0
github.com/snapcore/snapd/asserts/confdb.go:182.54,184.3 1 0
github.com/snapcore/snapd/asserts/confdb.go:186.2,187.16 2 0
github.com/snapcore/snapd/asserts/confdb.go:187.16,189.3 1 0
github.com/snapcore/snapd/asserts/confdb.go:191.2,192.16 2 0
github.com/snapcore/snapd/asserts/confdb.go:192.16,194.3 1 0
github.com/snapcore/snapd/asserts/confdb.go:196.2,199.8 1 0
github.com/snapcore/snapd/asserts/confdb.go:202.73,204.37 2 0
github.com/snapcore/snapd/asserts/confdb.go:204.37,208.10 3 0
github.com/snapcore/snapd/asserts/confdb.go:208.10,210.4 1 0
github.com/snapcore/snapd/asserts/confdb.go:212.3,213.17 2 0
github.com/snapcore/snapd/asserts/confdb.go:213.17,215.4 1 0
github.com/snapcore/snapd/asserts/confdb.go:216.3,216.18 1 0
github.com/snapcore/snapd/asserts/confdb.go:216.18,218.4 1 0
github.com/snapcore/snapd/asserts/confdb.go:220.3,221.17 2 0
github.com/snapcore/snapd/asserts/confdb.go:221.17,223.4 1 0
github.com/snapcore/snapd/asserts/confdb.go:224.3,224.19 1 0
github.com/snapcore/snapd/asserts/confdb.go:224.19,226.4 1 0
github.com/snapcore/snapd/asserts/confdb.go:228.3,229.17 2 0
github.com/snapcore/snapd/asserts/confdb.go:229.17,231.4 1 0
github.com/snapcore/snapd/asserts/confdb.go:232.3,232.25 1 0
github.com/snapcore/snapd/asserts/confdb.go:232.25,234.4 1 0
github.com/snapcore/snapd/asserts/confdb.go:236.3,236.42 1 0
github.com/snapcore/snapd/asserts/confdb.go:236.42,237.63 1 0
github.com/snapcore/snapd/asserts/confdb.go:237.63,239.5 1 0
github.com/snapcore/snapd/asserts/confdb.go:243.2,243.16 1 0
github.com/snapcore/snapd/asserts/constraint.go:55.35,56.16 1 0
github.com/snapcore/snapd/asserts/constraint.go:56.16,58.3 1 0
github.com/snapcore/snapd/asserts/constraint.go:59.2,59.38 1 0
github.com/snapcore/snapd/asserts/constraint.go:75.42,77.2 1 0
github.com/snapcore/snapd/asserts/constraint.go:79.60,86.2 1 0
github.com/snapcore/snapd/asserts/constraint.go:88.54,95.2 1 0
github.com/snapcore/snapd/asserts/constraint.go:98.82,99.33 1 0
github.com/snapcore/snapd/asserts/constraint.go:100.22,101.38 1 0
github.com/snapcore/snapd/asserts/constraint.go:102.13,103.16 1 0
github.com/snapcore/snapd/asserts/constraint.go:103.16,105.4 1 0
github.com/snapcore/snapd/asserts/constraint.go:106.3,106.38 1 0
github.com/snapcore/snapd/asserts/constraint.go:107.14,108.17 1 0
github.com/snapcore/snapd/asserts/constraint.go:108.17,110.4 1 0
github.com/snapcore/snapd/asserts/constraint.go:111.3,111.32 1 0
github.com/snapcore/snapd/asserts/constraint.go:111.32,112.23 1 0
github.com/snapcore/snapd/asserts/constraint.go:112.23,114.5 1 0
github.com/snapcore/snapd/asserts/constraint.go:115.4,115.45 1 0
github.com/snapcore/snapd/asserts/constraint.go:117.3,117.41 1 0
github.com/snapcore/snapd/asserts/constraint.go:118.10,120.14 2 0
github.com/snapcore/snapd/asserts/constraint.go:120.14,122.4 1 0
github.com/snapcore/snapd/asserts/constraint.go:122.9,124.4 1 0
github.com/snapcore/snapd/asserts/constraint.go:125.3,125.110 1 0
github.com/snapcore/snapd/asserts/constraint.go:131.86,133.31 2 0
github.com/snapcore/snapd/asserts/constraint.go:133.31,135.17 2 0
github.com/snapcore/snapd/asserts/constraint.go:135.17,137.4 1 0
github.com/snapcore/snapd/asserts/constraint.go:138.3,138.24 1 0
github.com/snapcore/snapd/asserts/constraint.go:140.2,140.21 1 0
github.com/snapcore/snapd/asserts/constraint.go:143.95,146.61 2 0
github.com/snapcore/snapd/asserts/constraint.go:146.61,148.3 1 0
github.com/snapcore/snapd/asserts/constraint.go:149.2,149.54 1 0
github.com/snapcore/snapd/asserts/constraint.go:149.54,151.3 1 0
github.com/snapcore/snapd/asserts/constraint.go:152.2,152.12 1 0
github.com/snapcore/snapd/asserts/constraint.go:155.92,156.25 1 0
github.com/snapcore/snapd/asserts/constraint.go:156.25,157.81 1 0
github.com/snapcore/snapd/asserts/constraint.go:157.81,159.4 1 0
github.com/snapcore/snapd/asserts/constraint.go:161.2,161.12 1 0
github.com/snapcore/snapd/asserts/constraint.go:164.59,165.35 1 0
github.com/snapcore/snapd/asserts/constraint.go:165.35,166.31 1 0
github.com/snapcore/snapd/asserts/constraint.go:166.31,168.4 1 0
github.com/snapcore/snapd/asserts/constraint.go:170.2,170.14 1 0
github.com/snapcore/snapd/asserts/constraint.go:173.90,174.23 1 0
github.com/snapcore/snapd/asserts/constraint.go:175.14,177.36 1 0
github.com/snapcore/snapd/asserts/constraint.go:177.36,179.62 2 0
github.com/snapcore/snapd/asserts/constraint.go:179.62,181.5 1 0
github.com/snapcore/snapd/asserts/constraint.go:183.22,184.36 1 0
github.com/snapcore/snapd/asserts/constraint.go:184.36,185.68 1 0
github.com/snapcore/snapd/asserts/constraint.go:185.68,187.5 1 0
github.com/snapcore/snapd/asserts/constraint.go:189.13,190.43 1 0
github.com/snapcore/snapd/asserts/constraint.go:191.10,192.64 1 0
github.com/snapcore/snapd/asserts/constraint.go:194.2,194.12 1 0
github.com/snapcore/snapd/asserts/constraint.go:199.63,201.2 1 0
github.com/snapcore/snapd/asserts/constraint.go:203.94,204.14 1 0
github.com/snapcore/snapd/asserts/constraint.go:204.14,206.3 1 0
github.com/snapcore/snapd/asserts/constraint.go:207.2,207.12 1 0
github.com/snapcore/snapd/asserts/constraint.go:228.41,233.16 2 0
github.com/snapcore/snapd/asserts/constraint.go:233.16,235.3 1 0
github.com/snapcore/snapd/asserts/constraint.go:236.2,237.16 2 0
github.com/snapcore/snapd/asserts/constraint.go:237.16,239.3 1 0
github.com/snapcore/snapd/asserts/constraint.go:240.2,240.51 1 0
github.com/snapcore/snapd/asserts/constraint.go:243.84,244.74 1 0
github.com/snapcore/snapd/asserts/constraint.go:244.74,246.3 1 0
github.com/snapcore/snapd/asserts/constraint.go:250.2,250.54 1 0
github.com/snapcore/snapd/asserts/constraint.go:250.54,252.3 1 0
github.com/snapcore/snapd/asserts/constraint.go:254.2,255.115 2 0
github.com/snapcore/snapd/asserts/constraint.go:255.115,258.48 2 0
github.com/snapcore/snapd/asserts/constraint.go:258.48,260.4 1 0
github.com/snapcore/snapd/asserts/constraint.go:261.3,261.43 1 0
github.com/snapcore/snapd/asserts/constraint.go:261.43,263.4 1 0
github.com/snapcore/snapd/asserts/constraint.go:264.3,264.120 1 0
github.com/snapcore/snapd/asserts/constraint.go:266.2,267.18 2 0
github.com/snapcore/snapd/asserts/constraint.go:267.18,269.3 1 0
github.com/snapcore/snapd/asserts/constraint.go:270.2,271.48 2 0
github.com/snapcore/snapd/asserts/constraint.go:271.48,273.3 1 0
github.com/snapcore/snapd/asserts/constraint.go:274.2,278.8 1 0
github.com/snapcore/snapd/asserts/constraint.go:281.60,283.2 1 0
github.com/snapcore/snapd/asserts/constraint.go:285.91,286.23 1 0
github.com/snapcore/snapd/asserts/constraint.go:286.23,288.3 1 0
github.com/snapcore/snapd/asserts/constraint.go:289.2,290.20 2 0
github.com/snapcore/snapd/asserts/constraint.go:291.14,292.29 1 0
github.com/snapcore/snapd/asserts/constraint.go:293.14,294.29 1 0
github.com/snapcore/snapd/asserts/constraint.go:295.21,296.40 1 0
github.com/snapcore/snapd/asserts/constraint.go:296.40,298.4 1 0
github.com/snapcore/snapd/asserts/constraint.go:299.3,299.29 1 0
github.com/snapcore/snapd/asserts/constraint.go:300.21,301.40 1 0
github.com/snapcore/snapd/asserts/constraint.go:301.40,303.4 1 0
github.com/snapcore/snapd/asserts/constraint.go:304.3,304.29 1 0
github.com/snapcore/snapd/asserts/constraint.go:306.2,307.16 2 0
github.com/snapcore/snapd/asserts/constraint.go:307.16,309.3 1 0
github.com/snapcore/snapd/asserts/constraint.go:310.2,310.31 1 0
github.com/snapcore/snapd/asserts/constraint.go:310.31,312.3 1 0
github.com/snapcore/snapd/asserts/constraint.go:313.2,313.12 1 0
github.com/snapcore/snapd/asserts/constraint.go:321.53,323.2 1 0
github.com/snapcore/snapd/asserts/constraint.go:325.84,326.23 1 0
github.com/snapcore/snapd/asserts/constraint.go:326.23,328.3 1 0
github.com/snapcore/snapd/asserts/constraint.go:330.2,331.15 2 0
github.com/snapcore/snapd/asserts/constraint.go:332.27,333.38 1 0
github.com/snapcore/snapd/asserts/constraint.go:334.27,335.38 1 0
github.com/snapcore/snapd/asserts/constraint.go:338.2,339.9 2 0
github.com/snapcore/snapd/asserts/constraint.go:339.9,341.3 1 0
github.com/snapcore/snapd/asserts/constraint.go:343.2,344.23 2 0
github.com/snapcore/snapd/asserts/constraint.go:344.23,346.3 1 0
github.com/snapcore/snapd/asserts/constraint.go:347.2,347.12 1 0
github.com/snapcore/snapd/asserts/constraint.go:354.81,356.16 2 0
github.com/snapcore/snapd/asserts/constraint.go:356.16,358.3 1 0
github.com/snapcore/snapd/asserts/constraint.go:359.2,359.35 1 0
github.com/snapcore/snapd/asserts/constraint.go:362.62,364.2 1 0
github.com/snapcore/snapd/asserts/constraint.go:366.93,368.23 2 0
github.com/snapcore/snapd/asserts/constraint.go:369.14,370.8 1 0
github.com/snapcore/snapd/asserts/constraint.go:371.12,372.28 1 0
github.com/snapcore/snapd/asserts/constraint.go:373.13,374.31 1 0
github.com/snapcore/snapd/asserts/constraint.go:375.13,376.43 1 0
github.com/snapcore/snapd/asserts/constraint.go:377.10,378.75 1 0
github.com/snapcore/snapd/asserts/constraint.go:380.2,380.36 1 0
github.com/snapcore/snapd/asserts/constraint.go:380.36,382.3 1 0
github.com/snapcore/snapd/asserts/constraint.go:383.2,383.12 1 0
github.com/snapcore/snapd/asserts/constraint.go:391.77,393.31 2 0
github.com/snapcore/snapd/asserts/constraint.go:393.31,395.17 2 0
github.com/snapcore/snapd/asserts/constraint.go:395.17,397.4 1 0
github.com/snapcore/snapd/asserts/constraint.go:398.3,398.21 1 0
github.com/snapcore/snapd/asserts/constraint.go:400.2,400.34 1 0
github.com/snapcore/snapd/asserts/constraint.go:404.59,405.37 1 0
github.com/snapcore/snapd/asserts/constraint.go:405.37,407.3 1 0
github.com/snapcore/snapd/asserts/constraint.go:408.2,408.35 1 0
github.com/snapcore/snapd/asserts/constraint.go:408.35,409.26 1 0
github.com/snapcore/snapd/asserts/constraint.go:409.26,411.4 1 0
github.com/snapcore/snapd/asserts/constraint.go:413.2,413.14 1 0
github.com/snapcore/snapd/asserts/constraint.go:416.90,419.23 1 0
github.com/snapcore/snapd/asserts/constraint.go:420.13,421.43 1 0
github.com/snapcore/snapd/asserts/constraint.go:422.10,422.10 0 0
github.com/snapcore/snapd/asserts/constraint.go:425.2,426.35 2 0
github.com/snapcore/snapd/asserts/constraint.go:426.35,428.17 2 0
github.com/snapcore/snapd/asserts/constraint.go:428.17,430.4 1 0
github.com/snapcore/snapd/asserts/constraint.go:431.3,431.22 1 0
github.com/snapcore/snapd/asserts/constraint.go:431.22,433.4 1 0
github.com/snapcore/snapd/asserts/constraint.go:435.2,436.17 2 0
github.com/snapcore/snapd/asserts/constraint.go:436.17,438.3 1 0
github.com/snapcore/snapd/asserts/constraint.go:439.2,439.73 1 0
github.com/snapcore/snapd/asserts/constraint.go:468.60,472.44 1 0
github.com/snapcore/snapd/asserts/constraint.go:472.44,473.25 1 0
github.com/snapcore/snapd/asserts/constraint.go:473.25,475.4 1 0
github.com/snapcore/snapd/asserts/constraint.go:477.2,477.14 1 0
github.com/snapcore/snapd/asserts/constraint.go:483.115,484.40 1 0
github.com/snapcore/snapd/asserts/constraint.go:484.40,486.3 1 0
github.com/snapcore/snapd/asserts/constraint.go:489.2,490.57 2 0
github.com/snapcore/snapd/asserts/constraint.go:490.57,492.17 2 0
github.com/snapcore/snapd/asserts/constraint.go:492.17,494.4 1 0
github.com/snapcore/snapd/asserts/constraint.go:495.3,495.29 1 0
github.com/snapcore/snapd/asserts/constraint.go:498.2,502.8 1 0
github.com/snapcore/snapd/asserts/constraint.go:510.114,511.18 1 0
github.com/snapcore/snapd/asserts/constraint.go:511.18,513.3 1 0
github.com/snapcore/snapd/asserts/constraint.go:514.2,514.52 1 0
github.com/snapcore/snapd/asserts/constraint.go:514.52,516.3 1 0
github.com/snapcore/snapd/asserts/constraint.go:517.2,517.17 1 0
github.com/snapcore/snapd/asserts/constraint.go:517.17,519.3 1 0
github.com/snapcore/snapd/asserts/constraint.go:520.2,520.23 1 0
github.com/snapcore/snapd/asserts/constraint.go:520.23,521.52 1 0
github.com/snapcore/snapd/asserts/constraint.go:521.52,523.46 2 0
github.com/snapcore/snapd/asserts/constraint.go:523.46,524.33 1 0
github.com/snapcore/snapd/asserts/constraint.go:524.33,525.59 1 0
github.com/snapcore/snapd/asserts/constraint.go:525.59,527.12 2 0
github.com/snapcore/snapd/asserts/constraint.go:531.4,531.16 1 0
github.com/snapcore/snapd/asserts/constraint.go:531.16,533.5 1 0
github.com/snapcore/snapd/asserts/constraint.go:536.2,536.23 1 0
github.com/snapcore/snapd/asserts/constraint.go:536.23,537.54 1 0
github.com/snapcore/snapd/asserts/constraint.go:537.54,539.4 1 0
github.com/snapcore/snapd/asserts/constraint.go:541.2,541.23 1 0
github.com/snapcore/snapd/asserts/constraint.go:541.23,543.49 2 0
github.com/snapcore/snapd/asserts/constraint.go:543.49,545.4 1 0
github.com/snapcore/snapd/asserts/constraint.go:547.2,547.12 1 0
github.com/snapcore/snapd/asserts/crypto.go:53.35,66.6 12 0
github.com/snapcore/snapd/asserts/crypto.go:66.6,68.24 2 0
github.com/snapcore/snapd/asserts/crypto.go:68.24,70.4 1 0
github.com/snapcore/snapd/asserts/crypto.go:71.3,73.22 3 0
github.com/snapcore/snapd/asserts/crypto.go:73.22,74.9 1 0
github.com/snapcore/snapd/asserts/crypto.go:76.3,76.22 1 0
github.com/snapcore/snapd/asserts/crypto.go:79.2,79.20 1 0
github.com/snapcore/snapd/asserts/crypto.go:86.61,89.16 3 0
github.com/snapcore/snapd/asserts/crypto.go:89.16,91.3 1 0
github.com/snapcore/snapd/asserts/crypto.go:92.2,92.35 1 0
github.com/snapcore/snapd/asserts/crypto.go:99.73,101.9 2 0
github.com/snapcore/snapd/asserts/crypto.go:101.9,102.78 1 0
github.com/snapcore/snapd/asserts/crypto.go:105.2,106.16 2 0
github.com/snapcore/snapd/asserts/crypto.go:106.16,108.3 1 0
github.com/snapcore/snapd/asserts/crypto.go:110.2,112.16 3 0
github.com/snapcore/snapd/asserts/crypto.go:112.16,114.3 1 0
github.com/snapcore/snapd/asserts/crypto.go:116.2,116.35 1 0
github.com/snapcore/snapd/asserts/crypto.go:119.61,120.17 1 0
github.com/snapcore/snapd/asserts/crypto.go:120.17,122.3 1 0
github.com/snapcore/snapd/asserts/crypto.go:123.2,125.16 3 0
github.com/snapcore/snapd/asserts/crypto.go:125.16,127.3 1 0
github.com/snapcore/snapd/asserts/crypto.go:128.2,128.12 1 0
github.com/snapcore/snapd/asserts/crypto.go:128.12,130.3 1 0
github.com/snapcore/snapd/asserts/crypto.go:131.2,132.18 2 0
github.com/snapcore/snapd/asserts/crypto.go:132.18,134.3 1 0
github.com/snapcore/snapd/asserts/crypto.go:135.2,137.16 3 0
github.com/snapcore/snapd/asserts/crypto.go:137.16,139.3 1 0
github.com/snapcore/snapd/asserts/crypto.go:140.2,140.19 1 0
github.com/snapcore/snapd/asserts/crypto.go:140.19,142.3 1 0
github.com/snapcore/snapd/asserts/crypto.go:143.2,143.17 1 0
github.com/snapcore/snapd/asserts/crypto.go:146.67,148.16 2 0
github.com/snapcore/snapd/asserts/crypto.go:148.16,150.3 1 0
github.com/snapcore/snapd/asserts/crypto.go:151.2,152.9 2 0
github.com/snapcore/snapd/asserts/crypto.go:152.9,154.3 1 0
github.com/snapcore/snapd/asserts/crypto.go:155.2,155.17 1 0
github.com/snapcore/snapd/asserts/crypto.go:174.45,176.2 1 0
github.com/snapcore/snapd/asserts/crypto.go:178.85,182.2 3 0
github.com/snapcore/snapd/asserts/crypto.go:184.61,186.2 1 0
github.com/snapcore/snapd/asserts/crypto.go:188.67,192.16 4 0
github.com/snapcore/snapd/asserts/crypto.go:192.16,193.62 1 0
github.com/snapcore/snapd/asserts/crypto.go:195.2,196.16 2 0
github.com/snapcore/snapd/asserts/crypto.go:196.16,197.62 1 0
github.com/snapcore/snapd/asserts/crypto.go:199.2,199.62 1 0
github.com/snapcore/snapd/asserts/crypto.go:203.52,206.2 2 0
github.com/snapcore/snapd/asserts/crypto.go:209.56,211.16 2 0
github.com/snapcore/snapd/asserts/crypto.go:211.16,213.3 1 0
github.com/snapcore/snapd/asserts/crypto.go:214.2,215.9 2 0
github.com/snapcore/snapd/asserts/crypto.go:215.9,217.3 1 0
github.com/snapcore/snapd/asserts/crypto.go:218.2,219.9 2 0
github.com/snapcore/snapd/asserts/crypto.go:219.9,221.3 1 0
github.com/snapcore/snapd/asserts/crypto.go:222.2,222.37 1 0
github.com/snapcore/snapd/asserts/crypto.go:226.56,228.2 1 0
github.com/snapcore/snapd/asserts/crypto.go:242.57,244.2 1 0
github.com/snapcore/snapd/asserts/crypto.go:246.64,248.2 1 0
github.com/snapcore/snapd/asserts/crypto.go:254.83,265.16 9 0
github.com/snapcore/snapd/asserts/crypto.go:265.16,267.3 1 0
github.com/snapcore/snapd/asserts/crypto.go:269.2,269.17 1 0
github.com/snapcore/snapd/asserts/crypto.go:272.59,274.16 2 0
github.com/snapcore/snapd/asserts/crypto.go:274.16,276.3 1 0
github.com/snapcore/snapd/asserts/crypto.go:277.2,278.9 2 0
github.com/snapcore/snapd/asserts/crypto.go:278.9,280.3 1 0
github.com/snapcore/snapd/asserts/crypto.go:281.2,281.54 1 0
github.com/snapcore/snapd/asserts/crypto.go:281.54,283.3 1 0
github.com/snapcore/snapd/asserts/crypto.go:284.2,284.38 1 0
github.com/snapcore/snapd/asserts/crypto.go:288.54,291.2 2 1
github.com/snapcore/snapd/asserts/crypto.go:294.40,296.16 2 0
github.com/snapcore/snapd/asserts/crypto.go:296.16,298.3 1 0
github.com/snapcore/snapd/asserts/crypto.go:299.2,299.33 1 0
github.com/snapcore/snapd/asserts/crypto.go:302.59,304.2 1 0
github.com/snapcore/snapd/asserts/crypto.go:316.152,320.6 3 0
github.com/snapcore/snapd/asserts/crypto.go:320.6,322.20 2 0
github.com/snapcore/snapd/asserts/crypto.go:322.20,323.9 1 0
github.com/snapcore/snapd/asserts/crypto.go:325.3,325.17 1 0
github.com/snapcore/snapd/asserts/crypto.go:325.17,327.4 1 0
github.com/snapcore/snapd/asserts/crypto.go:328.3,329.9 2 0
github.com/snapcore/snapd/asserts/crypto.go:329.9,330.21 1 0
github.com/snapcore/snapd/asserts/crypto.go:330.21,331.13 1 0
github.com/snapcore/snapd/asserts/crypto.go:333.4,333.21 1 0
github.com/snapcore/snapd/asserts/crypto.go:333.21,335.5 1 0
github.com/snapcore/snapd/asserts/crypto.go:336.4,336.17 1 0
github.com/snapcore/snapd/asserts/crypto.go:340.2,340.19 1 0
github.com/snapcore/snapd/asserts/crypto.go:340.19,343.3 1 0
github.com/snapcore/snapd/asserts/crypto.go:345.2,346.9 2 0
github.com/snapcore/snapd/asserts/crypto.go:346.9,348.3 1 0
github.com/snapcore/snapd/asserts/crypto.go:350.2,356.8 1 0
github.com/snapcore/snapd/asserts/crypto.go:359.53,361.2 1 0
github.com/snapcore/snapd/asserts/crypto.go:363.60,365.2 1 0
github.com/snapcore/snapd/asserts/crypto.go:367.79,368.24 1 0
github.com/snapcore/snapd/asserts/crypto.go:368.24,370.3 1 0
github.com/snapcore/snapd/asserts/crypto.go:372.2,373.16 2 0
github.com/snapcore/snapd/asserts/crypto.go:373.16,375.3 1 0
github.com/snapcore/snapd/asserts/crypto.go:377.2,379.31 2 0
github.com/snapcore/snapd/asserts/crypto.go:379.31,381.3 1 0
github.com/snapcore/snapd/asserts/crypto.go:383.2,384.16 2 0
github.com/snapcore/snapd/asserts/crypto.go:384.16,386.3 1 0
github.com/snapcore/snapd/asserts/crypto.go:388.2,388.17 1 0
github.com/snapcore/snapd/asserts/database.go:37.40,39.45 2 0
github.com/snapcore/snapd/asserts/database.go:39.45,42.3 1 0
github.com/snapcore/snapd/asserts/database.go:44.2,44.72 1 0
github.com/snapcore/snapd/asserts/database.go:47.44,50.2 2 0
github.com/snapcore/snapd/asserts/database.go:83.67,85.2 1 0
github.com/snapcore/snapd/asserts/database.go:87.94,89.2 1 0
github.com/snapcore/snapd/asserts/database.go:91.112,93.2 1 0
github.com/snapcore/snapd/asserts/database.go:95.123,97.2 1 0
github.com/snapcore/snapd/asserts/database.go:104.43,104.59 1 0
github.com/snapcore/snapd/asserts/database.go:106.50,109.2 2 0
github.com/snapcore/snapd/asserts/database.go:113.36,115.2 1 0
github.com/snapcore/snapd/asserts/database.go:152.40,153.33 1 0
github.com/snapcore/snapd/asserts/database.go:153.33,156.3 1 0
github.com/snapcore/snapd/asserts/database.go:157.2,157.25 1 0
github.com/snapcore/snapd/asserts/database.go:157.25,159.3 1 0
github.com/snapcore/snapd/asserts/database.go:160.2,160.24 1 0
github.com/snapcore/snapd/asserts/database.go:160.24,162.3 1 0
github.com/snapcore/snapd/asserts/database.go:163.2,163.94 1 0
github.com/snapcore/snapd/asserts/database.go:174.49,176.14 2 0
github.com/snapcore/snapd/asserts/database.go:176.14,178.3 1 0
github.com/snapcore/snapd/asserts/database.go:179.2,179.156 1 0
github.com/snapcore/snapd/asserts/database.go:185.42,186.25 1 0
github.com/snapcore/snapd/asserts/database.go:187.31,188.18 1 0
github.com/snapcore/snapd/asserts/database.go:189.22,190.29 1 0
github.com/snapcore/snapd/asserts/database.go:192.2,192.14 1 0
github.com/snapcore/snapd/asserts/database.go:269.59,273.15 3 0
github.com/snapcore/snapd/asserts/database.go:273.15,275.3 1 0
github.com/snapcore/snapd/asserts/database.go:276.2,276.23 1 0
github.com/snapcore/snapd/asserts/database.go:276.23,278.3 1 0
github.com/snapcore/snapd/asserts/database.go:280.2,282.32 2 0
github.com/snapcore/snapd/asserts/database.go:282.32,283.31 1 0
github.com/snapcore/snapd/asserts/database.go:284.20,287.18 3 0
github.com/snapcore/snapd/asserts/database.go:287.18,289.5 1 0
github.com/snapcore/snapd/asserts/database.go:291.17,294.18 3 0
github.com/snapcore/snapd/asserts/database.go:294.18,296.5 1 0
github.com/snapcore/snapd/asserts/database.go:297.11,298.120 1 0
github.com/snapcore/snapd/asserts/database.go:302.2,304.40 2 0
github.com/snapcore/snapd/asserts/database.go:304.40,306.17 2 0
github.com/snapcore/snapd/asserts/database.go:306.17,308.4 1 0
github.com/snapcore/snapd/asserts/database.go:311.2,312.24 2 0
github.com/snapcore/snapd/asserts/database.go:312.24,314.3 1 0
github.com/snapcore/snapd/asserts/database.go:315.2,328.8 3 0
github.com/snapcore/snapd/asserts/database.go:336.73,353.2 6 0
github.com/snapcore/snapd/asserts/database.go:356.57,358.2 1 0
github.com/snapcore/snapd/asserts/database.go:365.73,366.17 1 0
github.com/snapcore/snapd/asserts/database.go:366.17,368.3 1 0
github.com/snapcore/snapd/asserts/database.go:369.2,369.40 1 0
github.com/snapcore/snapd/asserts/database.go:369.40,371.3 1 0
github.com/snapcore/snapd/asserts/database.go:372.2,372.33 1 0
github.com/snapcore/snapd/asserts/database.go:376.64,378.16 2 0
github.com/snapcore/snapd/asserts/database.go:378.16,380.3 1 0
github.com/snapcore/snapd/asserts/database.go:381.2,381.33 1 0
github.com/snapcore/snapd/asserts/database.go:386.123,388.16 2 0
github.com/snapcore/snapd/asserts/database.go:388.16,390.3 1 0
github.com/snapcore/snapd/asserts/database.go:391.2,391.60 1 0
github.com/snapcore/snapd/asserts/database.go:395.84,398.35 2 0
github.com/snapcore/snapd/asserts/database.go:398.35,400.17 2 0
github.com/snapcore/snapd/asserts/database.go:400.17,402.38 2 0
github.com/snapcore/snapd/asserts/database.go:402.38,404.5 1 0
github.com/snapcore/snapd/asserts/database.go:405.4,405.19 1 0
github.com/snapcore/snapd/asserts/database.go:407.3,407.40 1 0
github.com/snapcore/snapd/asserts/database.go:407.40,409.4 1 0
github.com/snapcore/snapd/asserts/database.go:411.2,411.50 1 0
github.com/snapcore/snapd/asserts/database.go:415.61,416.21 1 0
github.com/snapcore/snapd/asserts/database.go:416.21,418.3 1 0
github.com/snapcore/snapd/asserts/database.go:419.2,420.19 2 0
github.com/snapcore/snapd/asserts/database.go:428.57,430.2 1 0
github.com/snapcore/snapd/asserts/database.go:433.51,434.31 1 0
github.com/snapcore/snapd/asserts/database.go:434.31,436.3 1 0
github.com/snapcore/snapd/asserts/database.go:438.2,442.27 4 0
github.com/snapcore/snapd/asserts/database.go:442.27,446.3 2 0
github.com/snapcore/snapd/asserts/database.go:448.2,450.32 3 0
github.com/snapcore/snapd/asserts/database.go:450.32,453.39 2 0
github.com/snapcore/snapd/asserts/database.go:453.39,455.4 1 0
github.com/snapcore/snapd/asserts/database.go:456.3,456.17 1 0
github.com/snapcore/snapd/asserts/database.go:456.17,458.4 1 0
github.com/snapcore/snapd/asserts/database.go:459.8,460.33 1 0
github.com/snapcore/snapd/asserts/database.go:460.33,462.4 1 0
github.com/snapcore/snapd/asserts/database.go:465.2,465.38 1 0
github.com/snapcore/snapd/asserts/database.go:465.38,467.17 2 0
github.com/snapcore/snapd/asserts/database.go:467.17,469.4 1 0
github.com/snapcore/snapd/asserts/database.go:472.2,472.12 1 0
github.com/snapcore/snapd/asserts/database.go:477.49,480.30 2 0
github.com/snapcore/snapd/asserts/database.go:480.30,482.3 1 0
github.com/snapcore/snapd/asserts/database.go:484.2,485.16 2 0
github.com/snapcore/snapd/asserts/database.go:485.16,486.51 1 0
github.com/snapcore/snapd/asserts/database.go:486.51,488.55 2 0
github.com/snapcore/snapd/asserts/database.go:488.55,490.5 1 0
github.com/snapcore/snapd/asserts/database.go:491.4,491.88 1 0
github.com/snapcore/snapd/asserts/database.go:493.3,493.13 1 0
github.com/snapcore/snapd/asserts/database.go:496.2,496.40 1 0
github.com/snapcore/snapd/asserts/database.go:496.40,497.19 1 0
github.com/snapcore/snapd/asserts/database.go:497.19,499.4 1 0
github.com/snapcore/snapd/asserts/database.go:505.2,506.39 2 0
github.com/snapcore/snapd/asserts/database.go:506.39,508.3 1 0
github.com/snapcore/snapd/asserts/database.go:510.2,511.39 2 0
github.com/snapcore/snapd/asserts/database.go:511.39,513.3 1 0
github.com/snapcore/snapd/asserts/database.go:516.2,516.28 1 0
github.com/snapcore/snapd/asserts/database.go:516.28,518.17 2 0
github.com/snapcore/snapd/asserts/database.go:518.17,520.4 1 0
github.com/snapcore/snapd/asserts/database.go:521.3,522.17 2 0
github.com/snapcore/snapd/asserts/database.go:522.17,525.21 3 0
github.com/snapcore/snapd/asserts/database.go:525.21,527.5 1 0
github.com/snapcore/snapd/asserts/database.go:528.9,528.47 1 0
github.com/snapcore/snapd/asserts/database.go:528.47,530.4 1 0
github.com/snapcore/snapd/asserts/database.go:533.2,533.36 1 0
github.com/snapcore/snapd/asserts/database.go:536.76,538.58 1 0
github.com/snapcore/snapd/asserts/database.go:538.58,539.50 1 0
github.com/snapcore/snapd/asserts/database.go:539.50,541.4 1 0
github.com/snapcore/snapd/asserts/database.go:543.2,543.13 1 0
github.com/snapcore/snapd/asserts/database.go:546.126,548.16 2 0
github.com/snapcore/snapd/asserts/database.go:548.16,550.3 1 0
github.com/snapcore/snapd/asserts/database.go:551.2,552.21 2 0
github.com/snapcore/snapd/asserts/database.go:552.21,554.3 1 0
github.com/snapcore/snapd/asserts/database.go:554.8,555.26 1 0
github.com/snapcore/snapd/asserts/database.go:555.26,557.4 1 0
github.com/snapcore/snapd/asserts/database.go:560.2,561.16 2 0
github.com/snapcore/snapd/asserts/database.go:561.16,563.3 1 0
github.com/snapcore/snapd/asserts/database.go:565.2,566.32 2 0
github.com/snapcore/snapd/asserts/database.go:566.32,568.17 2 0
github.com/snapcore/snapd/asserts/database.go:568.17,570.9 2 0
github.com/snapcore/snapd/asserts/database.go:572.3,572.40 1 0
github.com/snapcore/snapd/asserts/database.go:572.40,574.4 1 0
github.com/snapcore/snapd/asserts/database.go:577.2,577.52 1 0
github.com/snapcore/snapd/asserts/database.go:577.52,579.3 1 0
github.com/snapcore/snapd/asserts/database.go:581.2,581.20 1 0
github.com/snapcore/snapd/asserts/database.go:589.102,591.2 1 0
github.com/snapcore/snapd/asserts/database.go:596.126,598.2 1 0
github.com/snapcore/snapd/asserts/database.go:606.112,608.2 1 0
github.com/snapcore/snapd/asserts/database.go:615.109,617.2 1 0
github.com/snapcore/snapd/asserts/database.go:619.132,621.16 2 0
github.com/snapcore/snapd/asserts/database.go:621.16,623.3 1 0
github.com/snapcore/snapd/asserts/database.go:624.2,626.36 2 0
github.com/snapcore/snapd/asserts/database.go:626.36,628.3 1 0
github.com/snapcore/snapd/asserts/database.go:631.2,632.32 2 0
github.com/snapcore/snapd/asserts/database.go:632.32,634.17 2 0
github.com/snapcore/snapd/asserts/database.go:634.17,636.4 1 0
github.com/snapcore/snapd/asserts/database.go:639.2,639.19 1 0
github.com/snapcore/snapd/asserts/database.go:639.19,641.3 1 0
github.com/snapcore/snapd/asserts/database.go:642.2,642.17 1 0
github.com/snapcore/snapd/asserts/database.go:647.108,649.2 1 0
github.com/snapcore/snapd/asserts/database.go:654.118,656.2 1 0
github.com/snapcore/snapd/asserts/database.go:670.142,672.16 2 0
github.com/snapcore/snapd/asserts/database.go:672.16,674.3 1 0
github.com/snapcore/snapd/asserts/database.go:675.2,675.35 1 0
github.com/snapcore/snapd/asserts/database.go:675.35,677.3 1 0
github.com/snapcore/snapd/asserts/database.go:678.2,679.21 2 0
github.com/snapcore/snapd/asserts/database.go:679.21,681.3 1 0
github.com/snapcore/snapd/asserts/database.go:681.8,682.26 1 0
github.com/snapcore/snapd/asserts/database.go:682.26,684.4 1 0
github.com/snapcore/snapd/asserts/database.go:689.2,690.16 2 0
github.com/snapcore/snapd/asserts/database.go:690.16,692.3 1 0
github.com/snapcore/snapd/asserts/database.go:695.2,695.55 1 0
github.com/snapcore/snapd/asserts/database.go:695.55,696.17 1 0
github.com/snapcore/snapd/asserts/database.go:696.17,698.4 1 0
github.com/snapcore/snapd/asserts/database.go:699.3,701.18 3 0
github.com/snapcore/snapd/asserts/database.go:701.18,702.21 1 0
github.com/snapcore/snapd/asserts/database.go:702.21,704.5 1 0
github.com/snapcore/snapd/asserts/database.go:705.9,706.21 1 0
github.com/snapcore/snapd/asserts/database.go:706.21,708.5 1 0
github.com/snapcore/snapd/asserts/database.go:710.3,710.13 1 0
github.com/snapcore/snapd/asserts/database.go:713.2,714.35 2 0
github.com/snapcore/snapd/asserts/database.go:714.35,716.17 2 0
github.com/snapcore/snapd/asserts/database.go:716.17,718.12 2 0
github.com/snapcore/snapd/asserts/database.go:720.3,720.40 1 0
github.com/snapcore/snapd/asserts/database.go:720.40,722.4 1 0
github.com/snapcore/snapd/asserts/database.go:725.2,725.19 1 0
github.com/snapcore/snapd/asserts/database.go:725.19,727.3 1 0
github.com/snapcore/snapd/asserts/database.go:729.2,729.72 1 0
github.com/snapcore/snapd/asserts/database.go:735.145,736.23 1 0
github.com/snapcore/snapd/asserts/database.go:736.23,742.3 1 0
github.com/snapcore/snapd/asserts/database.go:743.2,743.82 1 0
github.com/snapcore/snapd/asserts/database.go:743.82,746.3 2 0
github.com/snapcore/snapd/asserts/database.go:747.2,747.12 1 0
github.com/snapcore/snapd/asserts/database.go:750.77,754.49 3 0
github.com/snapcore/snapd/asserts/database.go:754.49,757.3 2 0
github.com/snapcore/snapd/asserts/database.go:757.8,759.3 1 0
github.com/snapcore/snapd/asserts/database.go:761.2,762.24 2 0
github.com/snapcore/snapd/asserts/database.go:762.24,765.3 2 0
github.com/snapcore/snapd/asserts/database.go:767.2,767.64 1 0
github.com/snapcore/snapd/asserts/database.go:771.138,773.23 2 0
github.com/snapcore/snapd/asserts/database.go:773.23,775.53 2 0
github.com/snapcore/snapd/asserts/database.go:775.53,777.4 1 0
github.com/snapcore/snapd/asserts/database.go:778.3,778.34 1 0
github.com/snapcore/snapd/asserts/database.go:778.34,780.4 1 0
github.com/snapcore/snapd/asserts/database.go:781.8,783.10 2 0
github.com/snapcore/snapd/asserts/database.go:783.10,785.4 1 0
github.com/snapcore/snapd/asserts/database.go:787.3,788.17 2 0
github.com/snapcore/snapd/asserts/database.go:788.17,790.4 1 0
github.com/snapcore/snapd/asserts/database.go:793.2,795.16 3 0
github.com/snapcore/snapd/asserts/database.go:795.16,797.3 1 0
github.com/snapcore/snapd/asserts/database.go:798.2,799.16 2 0
github.com/snapcore/snapd/asserts/database.go:799.16,801.3 1 0
github.com/snapcore/snapd/asserts/database.go:802.2,802.12 1 0
github.com/snapcore/snapd/asserts/database.go:811.152,812.23 1 0
github.com/snapcore/snapd/asserts/database.go:812.23,818.3 1 0
github.com/snapcore/snapd/asserts/database.go:819.2,819.46 1 0
github.com/snapcore/snapd/asserts/database.go:819.46,821.39 2 0
github.com/snapcore/snapd/asserts/database.go:821.39,823.36 2 0
github.com/snapcore/snapd/asserts/database.go:823.36,825.5 1 0
github.com/snapcore/snapd/asserts/database.go:826.4,827.62 1 0
github.com/snapcore/snapd/asserts/database.go:830.2,830.12 1 0
github.com/snapcore/snapd/asserts/database.go:840.139,842.52 1 0
github.com/snapcore/snapd/asserts/database.go:842.52,844.3 1 0
github.com/snapcore/snapd/asserts/database.go:845.2,845.12 1 0
github.com/snapcore/snapd/asserts/digest.go:29.72,31.14 2 0
github.com/snapcore/snapd/asserts/digest.go:32.21,33.18 1 0
github.com/snapcore/snapd/asserts/digest.go:34.23,35.20 1 0
github.com/snapcore/snapd/asserts/digest.go:36.10,37.44 1 0
github.com/snapcore/snapd/asserts/digest.go:39.2,39.36 1 0
github.com/snapcore/snapd/asserts/digest.go:39.36,41.3 1 0
github.com/snapcore/snapd/asserts/digest.go:42.2,42.62 1 0
github.com/snapcore/snapd/asserts/extkeypairmgr.go:51.84,57.43 2 0
github.com/snapcore/snapd/asserts/extkeypairmgr.go:57.43,59.3 1 0
github.com/snapcore/snapd/asserts/extkeypairmgr.go:60.2,60.16 1 0
github.com/snapcore/snapd/asserts/extkeypairmgr.go:63.94,69.18 5 0
github.com/snapcore/snapd/asserts/extkeypairmgr.go:69.18,71.3 1 0
github.com/snapcore/snapd/asserts/extkeypairmgr.go:72.2,75.34 3 0
github.com/snapcore/snapd/asserts/extkeypairmgr.go:75.34,78.3 1 0
github.com/snapcore/snapd/asserts/extkeypairmgr.go:79.2,79.25 1 0
github.com/snapcore/snapd/asserts/extkeypairmgr.go:80.15,81.22 1 0
github.com/snapcore/snapd/asserts/extkeypairmgr.go:82.10,83.61 1 0
github.com/snapcore/snapd/asserts/extkeypairmgr.go:83.61,85.4 1 0
github.com/snapcore/snapd/asserts/extkeypairmgr.go:87.2,87.12 1 0
github.com/snapcore/snapd/asserts/extkeypairmgr.go:90.57,95.64 2 0
github.com/snapcore/snapd/asserts/extkeypairmgr.go:95.64,97.3 1 0
github.com/snapcore/snapd/asserts/extkeypairmgr.go:98.2,98.54 1 0
github.com/snapcore/snapd/asserts/extkeypairmgr.go:98.54,100.3 1 0
github.com/snapcore/snapd/asserts/extkeypairmgr.go:101.2,101.52 1 0
github.com/snapcore/snapd/asserts/extkeypairmgr.go:101.52,103.3 1 0
github.com/snapcore/snapd/asserts/extkeypairmgr.go:104.2,104.12 1 0
github.com/snapcore/snapd/asserts/extkeypairmgr.go:107.64,111.66 2 0
github.com/snapcore/snapd/asserts/extkeypairmgr.go:111.66,113.3 1 0
github.com/snapcore/snapd/asserts/extkeypairmgr.go:114.2,114.26 1 0
github.com/snapcore/snapd/asserts/extkeypairmgr.go:117.94,120.16 3 0
github.com/snapcore/snapd/asserts/extkeypairmgr.go:120.16,122.3 1 0
github.com/snapcore/snapd/asserts/extkeypairmgr.go:123.2,124.16 2 0
github.com/snapcore/snapd/asserts/extkeypairmgr.go:124.16,126.3 1 0
github.com/snapcore/snapd/asserts/extkeypairmgr.go:127.2,128.9 2 0
github.com/snapcore/snapd/asserts/extkeypairmgr.go:128.9,130.3 1 0
github.com/snapcore/snapd/asserts/extkeypairmgr.go:131.2,132.28 2 0
github.com/snapcore/snapd/asserts/extkeypairmgr.go:135.74,137.16 2 0
github.com/snapcore/snapd/asserts/extkeypairmgr.go:137.16,139.3 1 0
github.com/snapcore/snapd/asserts/extkeypairmgr.go:140.2,140.32 1 0
github.com/snapcore/snapd/asserts/extkeypairmgr.go:143.79,145.8 2 0
github.com/snapcore/snapd/asserts/extkeypairmgr.go:145.8,147.3 1 0
github.com/snapcore/snapd/asserts/extkeypairmgr.go:148.2,149.16 2 0
github.com/snapcore/snapd/asserts/extkeypairmgr.go:149.16,151.3 1 0
github.com/snapcore/snapd/asserts/extkeypairmgr.go:152.2,163.23 5 0
github.com/snapcore/snapd/asserts/extkeypairmgr.go:166.82,167.30 1 0
github.com/snapcore/snapd/asserts/extkeypairmgr.go:167.30,181.3 6 0
github.com/snapcore/snapd/asserts/extkeypairmgr.go:182.2,182.26 1 0
github.com/snapcore/snapd/asserts/extkeypairmgr.go:185.81,187.16 2 0
github.com/snapcore/snapd/asserts/extkeypairmgr.go:187.16,189.3 1 0
github.com/snapcore/snapd/asserts/extkeypairmgr.go:190.2,190.38 1 0
github.com/snapcore/snapd/asserts/extkeypairmgr.go:199.56,201.2 1 0
github.com/snapcore/snapd/asserts/extkeypairmgr.go:203.65,205.2 1 0
github.com/snapcore/snapd/asserts/extkeypairmgr.go:207.62,209.2 1 0
github.com/snapcore/snapd/asserts/extkeypairmgr.go:211.70,213.2 1 0
github.com/snapcore/snapd/asserts/extkeypairmgr.go:215.66,217.2 1 0
github.com/snapcore/snapd/asserts/extkeypairmgr.go:219.67,221.16 2 0
github.com/snapcore/snapd/asserts/extkeypairmgr.go:221.16,223.3 1 0
github.com/snapcore/snapd/asserts/extkeypairmgr.go:224.2,224.29 1 0
github.com/snapcore/snapd/asserts/extkeypairmgr.go:224.29,225.45 1 0
github.com/snapcore/snapd/asserts/extkeypairmgr.go:225.45,227.4 1 0
github.com/snapcore/snapd/asserts/extkeypairmgr.go:229.2,229.19 1 0
github.com/snapcore/snapd/asserts/extkeypairmgr.go:232.73,234.9 2 0
github.com/snapcore/snapd/asserts/extkeypairmgr.go:234.9,236.45 1 0
github.com/snapcore/snapd/asserts/extkeypairmgr.go:236.45,238.4 1 0
github.com/snapcore/snapd/asserts/extkeypairmgr.go:239.3,240.10 2 0
github.com/snapcore/snapd/asserts/extkeypairmgr.go:240.10,242.4 1 0
github.com/snapcore/snapd/asserts/extkeypairmgr.go:244.2,244.38 1 0
github.com/snapcore/snapd/asserts/extkeypairmgr.go:247.69,249.16 2 0
github.com/snapcore/snapd/asserts/extkeypairmgr.go:249.16,251.3 1 0
github.com/snapcore/snapd/asserts/extkeypairmgr.go:252.2,253.29 2 0
github.com/snapcore/snapd/asserts/extkeypairmgr.go:253.29,256.3 2 0
github.com/snapcore/snapd/asserts/extkeypairmgr.go:257.2,257.17 1 0
github.com/snapcore/snapd/asserts/extkeypairmgr.go:265.105,274.16 5 0
github.com/snapcore/snapd/asserts/extkeypairmgr.go:274.16,276.3 1 0
github.com/snapcore/snapd/asserts/extkeypairmgr.go:277.2,277.23 1 0
github.com/snapcore/snapd/asserts/extkeypairmgr.go:292.48,294.2 1 0
github.com/snapcore/snapd/asserts/extkeypairmgr.go:296.112,297.38 1 0
github.com/snapcore/snapd/asserts/extkeypairmgr.go:297.38,299.3 1 0
github.com/snapcore/snapd/asserts/extkeypairmgr.go:301.2,301.40 1 0
github.com/snapcore/snapd/asserts/fetcher.go:36.49,38.2 1 0
github.com/snapcore/snapd/asserts/fetcher.go:62.115,69.2 1 0
github.com/snapcore/snapd/asserts/fetcher.go:86.195,94.2 1 0
github.com/snapcore/snapd/asserts/fetcher.go:96.54,97.33 1 0
github.com/snapcore/snapd/asserts/fetcher.go:98.18,99.19 1 0
github.com/snapcore/snapd/asserts/fetcher.go:100.22,101.76 1 0
github.com/snapcore/snapd/asserts/fetcher.go:103.2,103.19 1 0
github.com/snapcore/snapd/asserts/fetcher.go:106.76,108.45 2 0
github.com/snapcore/snapd/asserts/fetcher.go:108.45,109.41 1 0
github.com/snapcore/snapd/asserts/fetcher.go:109.41,111.4 1 0
github.com/snapcore/snapd/asserts/fetcher.go:113.2,113.57 1 0
github.com/snapcore/snapd/asserts/fetcher.go:113.57,115.3 1 0
github.com/snapcore/snapd/asserts/fetcher.go:116.2,116.34 1 0
github.com/snapcore/snapd/asserts/fetcher.go:116.34,118.3 1 0
github.com/snapcore/snapd/asserts/fetcher.go:119.2,120.12 2 0
github.com/snapcore/snapd/asserts/fetcher.go:123.54,127.16 2 0
github.com/snapcore/snapd/asserts/fetcher.go:127.16,129.3 1 0
github.com/snapcore/snapd/asserts/fetcher.go:130.2,130.39 1 0
github.com/snapcore/snapd/asserts/fetcher.go:130.39,132.3 1 0
github.com/snapcore/snapd/asserts/fetcher.go:133.2,133.52 1 0
github.com/snapcore/snapd/asserts/fetcher.go:133.52,136.3 1 0
github.com/snapcore/snapd/asserts/fetcher.go:137.2,137.14 1 0
github.com/snapcore/snapd/asserts/fetcher.go:137.14,139.17 2 0
github.com/snapcore/snapd/asserts/fetcher.go:139.17,141.4 1 0
github.com/snapcore/snapd/asserts/fetcher.go:142.3,142.16 1 0
github.com/snapcore/snapd/asserts/fetcher.go:144.2,144.53 1 0
github.com/snapcore/snapd/asserts/fetcher.go:149.41,151.2 1 0
github.com/snapcore/snapd/asserts/fetcher.go:153.64,154.33 1 0
github.com/snapcore/snapd/asserts/fetcher.go:155.18,156.19 1 0
github.com/snapcore/snapd/asserts/fetcher.go:157.22,158.76 1 0
github.com/snapcore/snapd/asserts/fetcher.go:160.2,160.19 1 0
github.com/snapcore/snapd/asserts/fetcher.go:163.56,165.55 1 0
github.com/snapcore/snapd/asserts/fetcher.go:165.55,168.3 1 0
github.com/snapcore/snapd/asserts/fetcher.go:169.2,170.16 2 0
github.com/snapcore/snapd/asserts/fetcher.go:170.16,172.3 1 0
github.com/snapcore/snapd/asserts/fetcher.go:173.2,173.53 1 0
github.com/snapcore/snapd/asserts/fetcher.go:177.56,178.26 1 0
github.com/snapcore/snapd/asserts/fetcher.go:178.26,180.3 1 0
github.com/snapcore/snapd/asserts/fetcher.go:181.2,181.29 1 0
github.com/snapcore/snapd/asserts/fetcher.go:185.55,191.2 2 0
github.com/snapcore/snapd/asserts/fetcher.go:195.43,197.2 1 0
github.com/snapcore/snapd/asserts/findwildcard.go:50.120,52.2 1 0
github.com/snapcore/snapd/asserts/findwildcard.go:54.118,56.29 2 0
github.com/snapcore/snapd/asserts/findwildcard.go:56.29,58.17 2 0
github.com/snapcore/snapd/asserts/findwildcard.go:58.17,60.4 1 0
github.com/snapcore/snapd/asserts/findwildcard.go:61.3,61.10 1 0
github.com/snapcore/snapd/asserts/findwildcard.go:61.10,62.12 1 0
github.com/snapcore/snapd/asserts/findwildcard.go:64.3,66.25 3 0
github.com/snapcore/snapd/asserts/findwildcard.go:66.25,67.12 1 0
github.com/snapcore/snapd/asserts/findwildcard.go:69.3,69.17 1 0
github.com/snapcore/snapd/asserts/findwildcard.go:69.17,71.4 1 0
github.com/snapcore/snapd/asserts/findwildcard.go:72.3,72.32 1 0
github.com/snapcore/snapd/asserts/findwildcard.go:72.32,74.4 1 0
github.com/snapcore/snapd/asserts/findwildcard.go:75.3,76.17 2 0
github.com/snapcore/snapd/asserts/findwildcard.go:76.17,78.4 1 0
github.com/snapcore/snapd/asserts/findwildcard.go:79.3,79.31 1 0
github.com/snapcore/snapd/asserts/findwildcard.go:81.2,81.20 1 0
github.com/snapcore/snapd/asserts/findwildcard.go:81.20,83.3 1 0
github.com/snapcore/snapd/asserts/findwildcard.go:84.2,84.22 1 0
github.com/snapcore/snapd/asserts/findwildcard.go:87.136,89.28 2 0
github.com/snapcore/snapd/asserts/findwildcard.go:89.28,90.39 1 0
github.com/snapcore/snapd/asserts/findwildcard.go:90.39,92.4 1 0
github.com/snapcore/snapd/asserts/findwildcard.go:93.3,93.92 1 0
github.com/snapcore/snapd/asserts/findwildcard.go:95.2,95.72 1 0
github.com/snapcore/snapd/asserts/findwildcard.go:95.72,97.3 1 0
github.com/snapcore/snapd/asserts/findwildcard.go:99.2,102.24 2 0
github.com/snapcore/snapd/asserts/findwildcard.go:102.24,104.3 1 0
github.com/snapcore/snapd/asserts/findwildcard.go:105.2,105.16 1 0
github.com/snapcore/snapd/asserts/findwildcard.go:105.16,107.3 1 0
github.com/snapcore/snapd/asserts/findwildcard.go:108.2,110.16 3 0
github.com/snapcore/snapd/asserts/findwildcard.go:110.16,112.3 1 0
github.com/snapcore/snapd/asserts/findwildcard.go:113.2,113.38 1 0
github.com/snapcore/snapd/asserts/findwildcard.go:113.38,115.3 1 0
github.com/snapcore/snapd/asserts/findwildcard.go:116.2,116.29 1 0
github.com/snapcore/snapd/asserts/findwildcard.go:116.29,118.17 2 0
github.com/snapcore/snapd/asserts/findwildcard.go:118.17,120.4 1 0
github.com/snapcore/snapd/asserts/findwildcard.go:121.3,121.9 1 0
github.com/snapcore/snapd/asserts/findwildcard.go:121.9,123.18 2 0
github.com/snapcore/snapd/asserts/findwildcard.go:123.18,125.5 1 0
github.com/snapcore/snapd/asserts/findwildcard.go:128.2,128.12 1 0
github.com/snapcore/snapd/asserts/findwildcard.go:131.150,132.29 1 0
github.com/snapcore/snapd/asserts/findwildcard.go:132.29,132.44 1 0
github.com/snapcore/snapd/asserts/findwildcard.go:133.2,133.18 1 0
github.com/snapcore/snapd/asserts/findwildcard.go:133.18,134.26 1 0
github.com/snapcore/snapd/asserts/findwildcard.go:134.26,135.30 1 0
github.com/snapcore/snapd/asserts/findwildcard.go:135.30,135.51 1 0
github.com/snapcore/snapd/asserts/findwildcard.go:136.9,137.30 1 0
github.com/snapcore/snapd/asserts/findwildcard.go:137.30,137.51 1 0
github.com/snapcore/snapd/asserts/findwildcard.go:141.2,144.24 2 0
github.com/snapcore/snapd/asserts/findwildcard.go:144.24,146.3 1 0
github.com/snapcore/snapd/asserts/findwildcard.go:147.2,147.16 1 0
github.com/snapcore/snapd/asserts/findwildcard.go:147.16,149.3 1 0
github.com/snapcore/snapd/asserts/findwildcard.go:150.2,152.6 3 0
github.com/snapcore/snapd/asserts/findwildcard.go:152.6,154.20 2 0
github.com/snapcore/snapd/asserts/findwildcard.go:154.20,155.9 1 0
github.com/snapcore/snapd/asserts/findwildcard.go:157.3,157.17 1 0
github.com/snapcore/snapd/asserts/findwildcard.go:157.17,159.4 1 0
github.com/snapcore/snapd/asserts/findwildcard.go:160.3,160.27 1 0
github.com/snapcore/snapd/asserts/findwildcard.go:160.27,162.47 2 0
[...]
github.com/snapcore/snapd/asserts/snap_resource_asserts.go:155.58,157.3 1 0
github.com/snapcore/snapd/asserts/snap_resource_asserts.go:159.2,160.16 2 0
github.com/snapcore/snapd/asserts/snap_resource_asserts.go:160.16,162.3 1 0
github.com/snapcore/snapd/asserts/snap_resource_asserts.go:164.2,165.16 2 0
github.com/snapcore/snapd/asserts/snap_resource_asserts.go:165.16,167.3 1 0
github.com/snapcore/snapd/asserts/snap_resource_asserts.go:169.2,170.16 2 0
github.com/snapcore/snapd/asserts/snap_resource_asserts.go:170.16,172.3 1 0
github.com/snapcore/snapd/asserts/snap_resource_asserts.go:174.2,175.16 2 0
github.com/snapcore/snapd/asserts/snap_resource_asserts.go:175.16,177.3 1 0
github.com/snapcore/snapd/asserts/snap_resource_asserts.go:179.2,180.16 2 0
github.com/snapcore/snapd/asserts/snap_resource_asserts.go:180.16,182.3 1 0
github.com/snapcore/snapd/asserts/snap_resource_asserts.go:184.2,185.16 2 0
github.com/snapcore/snapd/asserts/snap_resource_asserts.go:185.16,187.3 1 0
github.com/snapcore/snapd/asserts/snap_resource_asserts.go:191.2,196.8 1 0
github.com/snapcore/snapd/asserts/snap_resource_asserts.go:211.50,213.2 1 0
github.com/snapcore/snapd/asserts/snap_resource_asserts.go:216.56,218.2 1 0
github.com/snapcore/snapd/asserts/snap_resource_asserts.go:221.57,223.2 1 0
github.com/snapcore/snapd/asserts/snap_resource_asserts.go:226.53,228.2 1 0
github.com/snapcore/snapd/asserts/snap_resource_asserts.go:232.54,234.2 1 0
github.com/snapcore/snapd/asserts/snap_resource_asserts.go:237.55,239.2 1 0
github.com/snapcore/snapd/asserts/snap_resource_asserts.go:242.56,244.2 1 0
github.com/snapcore/snapd/asserts/snap_resource_asserts.go:247.90,249.69 2 0
github.com/snapcore/snapd/asserts/snap_resource_asserts.go:249.69,252.3 1 0
github.com/snapcore/snapd/asserts/snap_resource_asserts.go:253.2,256.38 2 0
github.com/snapcore/snapd/asserts/snap_resource_asserts.go:256.38,258.3 1 0
github.com/snapcore/snapd/asserts/snap_resource_asserts.go:259.2,259.16 1 0
github.com/snapcore/snapd/asserts/snap_resource_asserts.go:259.16,261.3 1 0
github.com/snapcore/snapd/asserts/snap_resource_asserts.go:262.2,266.38 2 0
github.com/snapcore/snapd/asserts/snap_resource_asserts.go:266.38,268.3 1 0
github.com/snapcore/snapd/asserts/snap_resource_asserts.go:269.2,269.16 1 0
github.com/snapcore/snapd/asserts/snap_resource_asserts.go:269.16,271.3 1 0
github.com/snapcore/snapd/asserts/snap_resource_asserts.go:272.2,272.21 1 0
github.com/snapcore/snapd/asserts/snap_resource_asserts.go:272.21,277.26 4 0
github.com/snapcore/snapd/asserts/snap_resource_asserts.go:277.26,281.107 1 0
github.com/snapcore/snapd/asserts/snap_resource_asserts.go:281.107,283.10 2 0
github.com/snapcore/snapd/asserts/snap_resource_asserts.go:286.3,286.28 1 0
github.com/snapcore/snapd/asserts/snap_resource_asserts.go:286.28,288.4 1 0
github.com/snapcore/snapd/asserts/snap_resource_asserts.go:290.2,290.12 1 0
github.com/snapcore/snapd/asserts/snap_resource_asserts.go:297.57,301.2 1 0
github.com/snapcore/snapd/asserts/snap_resource_asserts.go:303.72,304.58 1 0
github.com/snapcore/snapd/asserts/snap_resource_asserts.go:304.58,306.3 1 0
github.com/snapcore/snapd/asserts/snap_resource_asserts.go:308.2,309.16 2 0
github.com/snapcore/snapd/asserts/snap_resource_asserts.go:309.16,311.3 1 0
github.com/snapcore/snapd/asserts/snap_resource_asserts.go:313.2,314.16 2 0
github.com/snapcore/snapd/asserts/snap_resource_asserts.go:314.16,316.3 1 0
github.com/snapcore/snapd/asserts/snap_resource_asserts.go:318.2,319.16 2 0
github.com/snapcore/snapd/asserts/snap_resource_asserts.go:319.16,321.3 1 0
github.com/snapcore/snapd/asserts/snap_resource_asserts.go:323.2,324.16 2 0
github.com/snapcore/snapd/asserts/snap_resource_asserts.go:324.16,326.3 1 0
github.com/snapcore/snapd/asserts/snap_resource_asserts.go:328.2,329.16 2 0
github.com/snapcore/snapd/asserts/snap_resource_asserts.go:329.16,331.3 1 0
github.com/snapcore/snapd/asserts/snap_resource_asserts.go:333.2,338.8 1 0
github.com/snapcore/snapd/asserts/store_asserts.go:39.36,41.2 1 0
github.com/snapcore/snapd/asserts/store_asserts.go:44.41,46.2 1 0
github.com/snapcore/snapd/asserts/store_asserts.go:49.36,51.2 1 0
github.com/snapcore/snapd/asserts/store_asserts.go:55.47,57.2 1 0
github.com/snapcore/snapd/asserts/store_asserts.go:60.39,62.2 1 0
github.com/snapcore/snapd/asserts/store_asserts.go:65.43,67.2 1 0
github.com/snapcore/snapd/asserts/store_asserts.go:69.77,73.47 1 0
github.com/snapcore/snapd/asserts/store_asserts.go:73.47,76.3 1 0
github.com/snapcore/snapd/asserts/store_asserts.go:78.2,79.16 2 0
github.com/snapcore/snapd/asserts/store_asserts.go:79.16,80.39 1 0
github.com/snapcore/snapd/asserts/store_asserts.go:80.39,84.4 1 0
github.com/snapcore/snapd/asserts/store_asserts.go:85.3,85.13 1 0
github.com/snapcore/snapd/asserts/store_asserts.go:88.2,88.12 1 0
github.com/snapcore/snapd/asserts/store_asserts.go:92.44,96.2 1 0
github.com/snapcore/snapd/asserts/store_asserts.go:99.62,101.16 2 0
github.com/snapcore/snapd/asserts/store_asserts.go:101.16,103.3 1 0
github.com/snapcore/snapd/asserts/store_asserts.go:105.2,105.13 1 0
github.com/snapcore/snapd/asserts/store_asserts.go:105.13,107.3 1 0
github.com/snapcore/snapd/asserts/store_asserts.go:109.2,112.16 3 0
github.com/snapcore/snapd/asserts/store_asserts.go:112.16,114.3 1 0
github.com/snapcore/snapd/asserts/store_asserts.go:115.2,115.47 1 0
github.com/snapcore/snapd/asserts/store_asserts.go:115.47,117.3 1 0
github.com/snapcore/snapd/asserts/store_asserts.go:118.2,118.18 1 0
github.com/snapcore/snapd/asserts/store_asserts.go:118.18,120.3 1 0
github.com/snapcore/snapd/asserts/store_asserts.go:121.2,121.22 1 0
github.com/snapcore/snapd/asserts/store_asserts.go:121.22,123.3 1 0
github.com/snapcore/snapd/asserts/store_asserts.go:124.2,124.22 1 0
github.com/snapcore/snapd/asserts/store_asserts.go:124.22,126.3 1 0
github.com/snapcore/snapd/asserts/store_asserts.go:128.2,128.15 1 0
github.com/snapcore/snapd/asserts/store_asserts.go:131.61,133.16 2 0
github.com/snapcore/snapd/asserts/store_asserts.go:133.16,135.3 1 0
github.com/snapcore/snapd/asserts/store_asserts.go:137.2,138.16 2 0
github.com/snapcore/snapd/asserts/store_asserts.go:138.16,140.3 1 0
github.com/snapcore/snapd/asserts/store_asserts.go:142.2,143.16 2 0
github.com/snapcore/snapd/asserts/store_asserts.go:143.16,145.3 1 0
github.com/snapcore/snapd/asserts/store_asserts.go:147.2,148.16 2 0
github.com/snapcore/snapd/asserts/store_asserts.go:148.16,150.3 1 0
github.com/snapcore/snapd/asserts/store_asserts.go:152.2,153.16 2 0
github.com/snapcore/snapd/asserts/store_asserts.go:153.16,155.3 1 0
github.com/snapcore/snapd/asserts/store_asserts.go:157.2,162.8 1 0
github.com/snapcore/snapd/asserts/system_user.go:50.40,52.2 1 0
github.com/snapcore/snapd/asserts/system_user.go:55.38,57.2 1 0
github.com/snapcore/snapd/asserts/system_user.go:60.41,62.2 1 0
github.com/snapcore/snapd/asserts/system_user.go:65.41,67.2 1 0
github.com/snapcore/snapd/asserts/system_user.go:70.42,72.2 1 0
github.com/snapcore/snapd/asserts/system_user.go:75.37,77.2 1 0
github.com/snapcore/snapd/asserts/system_user.go:80.41,82.2 1 0
github.com/snapcore/snapd/asserts/system_user.go:86.41,88.2 1 0
github.com/snapcore/snapd/asserts/system_user.go:92.50,94.2 1 0
github.com/snapcore/snapd/asserts/system_user.go:97.42,99.2 1 0
github.com/snapcore/snapd/asserts/system_user.go:102.41,104.2 1 0
github.com/snapcore/snapd/asserts/system_user.go:107.41,109.2 1 0
github.com/snapcore/snapd/asserts/system_user.go:117.50,118.41 1 0
github.com/snapcore/snapd/asserts/system_user.go:118.41,120.3 1 0
github.com/snapcore/snapd/asserts/system_user.go:121.2,121.20 1 0
github.com/snapcore/snapd/asserts/system_user.go:125.52,127.11 2 0
github.com/snapcore/snapd/asserts/system_user.go:127.11,129.3 1 0
github.com/snapcore/snapd/asserts/system_user.go:130.2,130.14 1 0
github.com/snapcore/snapd/asserts/system_user.go:134.79,139.2 1 0
github.com/snapcore/snapd/asserts/system_user.go:154.52,156.32 2 0
github.com/snapcore/snapd/asserts/system_user.go:156.32,158.3 1 0
github.com/snapcore/snapd/asserts/system_user.go:161.2,161.55 1 0
github.com/snapcore/snapd/asserts/system_user.go:161.55,163.3 1 0
github.com/snapcore/snapd/asserts/system_user.go:166.2,166.17 1 0
github.com/snapcore/snapd/asserts/system_user.go:166.17,172.3 1 0
github.com/snapcore/snapd/asserts/system_user.go:174.2,179.8 1 0
github.com/snapcore/snapd/asserts/system_user.go:185.79,187.16 2 0
github.com/snapcore/snapd/asserts/system_user.go:187.16,189.3 1 0
github.com/snapcore/snapd/asserts/system_user.go:191.2,191.14 1 0
github.com/snapcore/snapd/asserts/system_user.go:191.14,193.3 1 0
github.com/snapcore/snapd/asserts/system_user.go:196.2,197.16 2 0
github.com/snapcore/snapd/asserts/system_user.go:197.16,199.3 1 0
github.com/snapcore/snapd/asserts/system_user.go:204.2,205.16 2 0
github.com/snapcore/snapd/asserts/system_user.go:205.16,207.3 1 0
github.com/snapcore/snapd/asserts/system_user.go:209.2,209.12 1 0
github.com/snapcore/snapd/asserts/system_user.go:209.12,211.3 1 0
github.com/snapcore/snapd/asserts/system_user.go:214.2,214.46 1 0
github.com/snapcore/snapd/asserts/system_user.go:214.46,216.17 2 0
github.com/snapcore/snapd/asserts/system_user.go:216.17,218.4 1 0
github.com/snapcore/snapd/asserts/system_user.go:219.3,219.42 1 0
github.com/snapcore/snapd/asserts/system_user.go:219.42,221.4 1 0
github.com/snapcore/snapd/asserts/system_user.go:224.2,224.35 1 0
github.com/snapcore/snapd/asserts/system_user.go:224.35,226.3 1 0
github.com/snapcore/snapd/asserts/system_user.go:227.2,227.35 1 0
github.com/snapcore/snapd/asserts/system_user.go:227.35,229.3 1 0
github.com/snapcore/snapd/asserts/system_user.go:231.2,231.16 1 0
github.com/snapcore/snapd/asserts/system_user.go:234.68,236.29 2 0
github.com/snapcore/snapd/asserts/system_user.go:236.29,238.3 1 0
github.com/snapcore/snapd/asserts/system_user.go:239.2,239.25 1 0
github.com/snapcore/snapd/asserts/system_user.go:239.25,241.3 1 0
github.com/snapcore/snapd/asserts/system_user.go:243.2,243.31 1 0
github.com/snapcore/snapd/asserts/system_user.go:243.31,245.3 1 0
github.com/snapcore/snapd/asserts/system_user.go:246.2,246.17 1 0
github.com/snapcore/snapd/asserts/system_user.go:249.66,254.16 2 0
github.com/snapcore/snapd/asserts/system_user.go:254.16,256.3 1 0
github.com/snapcore/snapd/asserts/system_user.go:257.2,257.52 1 0
github.com/snapcore/snapd/asserts/system_user.go:257.52,259.3 1 0
github.com/snapcore/snapd/asserts/system_user.go:261.2,262.16 2 0
github.com/snapcore/snapd/asserts/system_user.go:262.16,264.3 1 0
github.com/snapcore/snapd/asserts/system_user.go:265.2,266.16 2 0
github.com/snapcore/snapd/asserts/system_user.go:266.16,268.3 1 0
github.com/snapcore/snapd/asserts/system_user.go:269.2,270.16 2 0
github.com/snapcore/snapd/asserts/system_user.go:270.16,272.3 1 0
github.com/snapcore/snapd/asserts/system_user.go:273.2,273.45 1 0
github.com/snapcore/snapd/asserts/system_user.go:273.45,275.3 1 0
github.com/snapcore/snapd/asserts/system_user.go:276.2,276.42 1 0
github.com/snapcore/snapd/asserts/system_user.go:276.42,278.3 1 0
github.com/snapcore/snapd/asserts/system_user.go:280.2,280.71 1 0
github.com/snapcore/snapd/asserts/system_user.go:280.71,282.3 1 0
github.com/snapcore/snapd/asserts/system_user.go:283.2,283.100 1 0
github.com/snapcore/snapd/asserts/system_user.go:283.100,285.3 1 0
github.com/snapcore/snapd/asserts/system_user.go:286.2,287.16 2 0
github.com/snapcore/snapd/asserts/system_user.go:287.16,289.3 1 0
github.com/snapcore/snapd/asserts/system_user.go:290.2,291.16 2 0
github.com/snapcore/snapd/asserts/system_user.go:291.16,293.3 1 0
github.com/snapcore/snapd/asserts/system_user.go:294.2,294.43 1 0
github.com/snapcore/snapd/asserts/system_user.go:294.43,296.3 1 0
github.com/snapcore/snapd/asserts/system_user.go:298.2,299.16 2 0
github.com/snapcore/snapd/asserts/system_user.go:299.16,301.3 1 0
github.com/snapcore/snapd/asserts/system_user.go:302.2,303.16 2 0
github.com/snapcore/snapd/asserts/system_user.go:303.16,305.3 1 0
github.com/snapcore/snapd/asserts/system_user.go:306.2,307.16 2 0
github.com/snapcore/snapd/asserts/system_user.go:307.16,309.3 1 0
github.com/snapcore/snapd/asserts/system_user.go:310.2,310.25 1 0
github.com/snapcore/snapd/asserts/system_user.go:310.25,312.3 1 0
github.com/snapcore/snapd/asserts/system_user.go:313.2,314.16 2 0
github.com/snapcore/snapd/asserts/system_user.go:314.16,316.3 1 0
github.com/snapcore/snapd/asserts/system_user.go:319.2,319.61 1 0
github.com/snapcore/snapd/asserts/system_user.go:319.61,321.3 1 0
github.com/snapcore/snapd/asserts/system_user.go:323.2,333.8 1 0
github.com/snapcore/snapd/asserts/system_user.go:336.94,340.16 3 0
github.com/snapcore/snapd/asserts/system_user.go:340.16,342.3 1 0
github.com/snapcore/snapd/asserts/system_user.go:343.2,343.22 1 0
github.com/snapcore/snapd/asserts/system_user.go:343.22,345.3 1 0
github.com/snapcore/snapd/asserts/system_user.go:347.2,348.16 2 0
github.com/snapcore/snapd/asserts/system_user.go:348.16,350.3 1 0
github.com/snapcore/snapd/asserts/system_user.go:351.2,351.20 1 0
github.com/snapcore/snapd/asserts/system_user.go:351.20,353.3 1 0
github.com/snapcore/snapd/asserts/system_user.go:355.2,355.23 1 0
github.com/snapcore/snapd/asserts/validation_set.go:42.57,44.33 2 1
github.com/snapcore/snapd/asserts/validation_set.go:44.33,46.3 1 1
github.com/snapcore/snapd/asserts/validation_set.go:47.2,47.13 1 1
github.com/snapcore/snapd/asserts/validation_set.go:52.100,54.16 2 0
github.com/snapcore/snapd/asserts/validation_set.go:54.16,56.3 1 0
github.com/snapcore/snapd/asserts/validation_set.go:57.2,57.62 1 0
github.com/snapcore/snapd/asserts/validation_set.go:57.62,59.3 1 0
github.com/snapcore/snapd/asserts/validation_set.go:60.2,60.32 1 0
github.com/snapcore/snapd/asserts/validation_set.go:63.92,65.16 2 0
github.com/snapcore/snapd/asserts/validation_set.go:65.16,67.3 1 0
github.com/snapcore/snapd/asserts/validation_set.go:68.2,68.62 1 0
github.com/snapcore/snapd/asserts/validation_set.go:68.62,70.3 1 0
github.com/snapcore/snapd/asserts/validation_set.go:71.2,71.32 1 0
github.com/snapcore/snapd/asserts/validation_set.go:91.47,93.2 1 0
github.com/snapcore/snapd/asserts/validation_set.go:96.41,98.2 1 0
github.com/snapcore/snapd/asserts/validation_set.go:100.78,102.16 2 0
github.com/snapcore/snapd/asserts/validation_set.go:102.16,104.3 1 0
github.com/snapcore/snapd/asserts/validation_set.go:105.2,105.54 1 0
github.com/snapcore/snapd/asserts/validation_set.go:105.54,107.3 1 0
github.com/snapcore/snapd/asserts/validation_set.go:109.2,112.16 3 0
github.com/snapcore/snapd/asserts/validation_set.go:112.16,114.3 1 0
github.com/snapcore/snapd/asserts/validation_set.go:116.2,117.16 2 0
github.com/snapcore/snapd/asserts/validation_set.go:117.16,119.3 1 0
github.com/snapcore/snapd/asserts/validation_set.go:121.2,122.35 2 0
github.com/snapcore/snapd/asserts/validation_set.go:122.35,125.17 3 0
github.com/snapcore/snapd/asserts/validation_set.go:125.17,127.4 1 0
github.com/snapcore/snapd/asserts/validation_set.go:129.2,129.54 1 0
github.com/snapcore/snapd/asserts/validation_set.go:129.54,131.3 1 0
github.com/snapcore/snapd/asserts/validation_set.go:133.2,134.16 2 0
github.com/snapcore/snapd/asserts/validation_set.go:134.16,136.3 1 0
github.com/snapcore/snapd/asserts/validation_set.go:138.2,144.8 1 0
github.com/snapcore/snapd/asserts/validation_set.go:147.134,149.16 2 0
github.com/snapcore/snapd/asserts/validation_set.go:149.16,151.3 1 0
github.com/snapcore/snapd/asserts/validation_set.go:153.2,153.23 1 0
github.com/snapcore/snapd/asserts/validation_set.go:153.23,155.3 1 0
github.com/snapcore/snapd/asserts/validation_set.go:157.2,158.34 2 0
github.com/snapcore/snapd/asserts/validation_set.go:158.34,160.27 2 0
github.com/snapcore/snapd/asserts/validation_set.go:161.23,162.14 1 0
github.com/snapcore/snapd/asserts/validation_set.go:163.15,164.42 1 0
github.com/snapcore/snapd/asserts/validation_set.go:165.11,166.93 1 0
github.com/snapcore/snapd/asserts/validation_set.go:169.3,170.17 2 0
github.com/snapcore/snapd/asserts/validation_set.go:170.17,172.4 1 0
github.com/snapcore/snapd/asserts/validation_set.go:173.3,173.31 1 0
github.com/snapcore/snapd/asserts/validation_set.go:176.2,176.24 1 0
github.com/snapcore/snapd/asserts/validation_set.go:179.139,180.54 1 0
github.com/snapcore/snapd/asserts/validation_set.go:180.54,182.3 1 0
github.com/snapcore/snapd/asserts/validation_set.go:184.2,187.16 3 0
github.com/snapcore/snapd/asserts/validation_set.go:187.16,189.3 1 0
github.com/snapcore/snapd/asserts/validation_set.go:191.2,192.16 2 0
github.com/snapcore/snapd/asserts/validation_set.go:192.16,194.3 1 0
github.com/snapcore/snapd/asserts/validation_set.go:196.2,196.50 1 0
github.com/snapcore/snapd/asserts/validation_set.go:196.50,198.3 1 0
github.com/snapcore/snapd/asserts/validation_set.go:200.2,200.71 1 0
github.com/snapcore/snapd/asserts/validation_set.go:200.71,202.3 1 0
github.com/snapcore/snapd/asserts/validation_set.go:204.2,204.40 1 0
github.com/snapcore/snapd/asserts/validation_set.go:204.40,206.3 1 0
github.com/snapcore/snapd/asserts/validation_set.go:208.2,211.8 1 0
github.com/snapcore/snapd/asserts/validation_set.go:214.74,218.9 3 0
github.com/snapcore/snapd/asserts/validation_set.go:218.9,220.3 1 0
github.com/snapcore/snapd/asserts/validation_set.go:222.2,225.32 4 0
github.com/snapcore/snapd/asserts/validation_set.go:225.32,227.10 2 0
github.com/snapcore/snapd/asserts/validation_set.go:227.10,229.4 1 0
github.com/snapcore/snapd/asserts/validation_set.go:230.3,231.17 2 0
github.com/snapcore/snapd/asserts/validation_set.go:231.17,233.4 1 0
github.com/snapcore/snapd/asserts/validation_set.go:235.3,235.28 1 0
github.com/snapcore/snapd/asserts/validation_set.go:235.28,237.4 1 0
github.com/snapcore/snapd/asserts/validation_set.go:238.3,240.52 3 0
github.com/snapcore/snapd/asserts/validation_set.go:240.52,242.4 1 0
github.com/snapcore/snapd/asserts/validation_set.go:243.3,245.32 2 0
github.com/snapcore/snapd/asserts/validation_set.go:245.32,247.4 1 0
github.com/snapcore/snapd/asserts/validation_set.go:249.3,249.36 1 0
github.com/snapcore/snapd/asserts/validation_set.go:252.2,252.19 1 0
github.com/snapcore/snapd/asserts/validation_set.go:271.47,273.2 1 0
github.com/snapcore/snapd/asserts/validation_set.go:275.59,277.2 1 0
github.com/snapcore/snapd/asserts/validation_set.go:280.42,282.2 1 0
github.com/snapcore/snapd/asserts/validation_set.go:285.45,287.2 1 0
github.com/snapcore/snapd/asserts/validation_set.go:290.40,292.2 1 0
github.com/snapcore/snapd/asserts/validation_set.go:296.41,298.2 1 0
github.com/snapcore/snapd/asserts/validation_set.go:301.55,303.2 1 0
github.com/snapcore/snapd/asserts/validation_set.go:306.48,308.2 1 0
github.com/snapcore/snapd/asserts/validation_set.go:310.70,312.16 2 0
github.com/snapcore/snapd/asserts/validation_set.go:312.16,314.3 1 0
github.com/snapcore/snapd/asserts/validation_set.go:315.2,315.16 1 0
github.com/snapcore/snapd/asserts/validation_set.go:315.16,317.3 1 0
github.com/snapcore/snapd/asserts/validation_set.go:318.2,318.20 1 0
github.com/snapcore/snapd/asserts/validation_set.go:325.69,328.30 3 0
github.com/snapcore/snapd/asserts/validation_set.go:328.30,330.3 1 0
github.com/snapcore/snapd/asserts/validation_set.go:332.2,333.16 2 0
github.com/snapcore/snapd/asserts/validation_set.go:333.16,335.3 1 0
github.com/snapcore/snapd/asserts/validation_set.go:337.2,338.16 2 0
github.com/snapcore/snapd/asserts/validation_set.go:338.16,340.3 1 0
github.com/snapcore/snapd/asserts/validation_set.go:342.2,343.9 2 0
github.com/snapcore/snapd/asserts/validation_set.go:343.9,345.3 1 0
github.com/snapcore/snapd/asserts/validation_set.go:346.2,347.16 2 0
github.com/snapcore/snapd/asserts/validation_set.go:347.16,349.3 1 0
github.com/snapcore/snapd/asserts/validation_set.go:351.2,352.16 2 0
github.com/snapcore/snapd/asserts/validation_set.go:352.16,354.3 1 0
github.com/snapcore/snapd/asserts/validation_set.go:356.2,361.8 1 0
github.com/snapcore/snapd/asserts/validation_set.go:364.49,366.2 1 0
