mode: set
github.com/snapcore/snapd/overlord/devicestate/crypto.go:34.61,39.16 2 1
github.com/snapcore/snapd/overlord/devicestate/crypto.go:39.16,41.3 1 0
github.com/snapcore/snapd/overlord/devicestate/crypto.go:43.2,49.16 5 1
github.com/snapcore/snapd/overlord/devicestate/crypto.go:49.16,51.3 1 0
github.com/snapcore/snapd/overlord/devicestate/crypto.go:53.2,54.16 2 1
github.com/snapcore/snapd/overlord/devicestate/crypto.go:54.16,56.3 1 0
github.com/snapcore/snapd/overlord/devicestate/crypto.go:58.2,59.16 2 1
github.com/snapcore/snapd/overlord/devicestate/crypto.go:59.16,61.3 1 0
github.com/snapcore/snapd/overlord/devicestate/crypto.go:63.2,64.16 2 1
github.com/snapcore/snapd/overlord/devicestate/crypto.go:64.16,66.3 1 0
github.com/snapcore/snapd/overlord/devicestate/crypto.go:68.2,69.16 2 1
github.com/snapcore/snapd/overlord/devicestate/crypto.go:69.16,71.3 1 0
github.com/snapcore/snapd/overlord/devicestate/crypto.go:73.2,74.16 2 1
github.com/snapcore/snapd/overlord/devicestate/crypto.go:74.16,76.3 1 0
github.com/snapcore/snapd/overlord/devicestate/crypto.go:78.2,78.17 1 1
github.com/snapcore/snapd/overlord/devicestate/devicectx.go:35.127,36.30 1 1
github.com/snapcore/snapd/overlord/devicestate/devicectx.go:36.30,38.3 1 0
github.com/snapcore/snapd/overlord/devicestate/devicectx.go:40.2,41.16 2 1
github.com/snapcore/snapd/overlord/devicestate/devicectx.go:41.16,43.3 1 0
github.com/snapcore/snapd/overlord/devicestate/devicectx.go:44.2,44.53 1 1
github.com/snapcore/snapd/overlord/devicestate/devicectx.go:44.53,46.3 1 0
github.com/snapcore/snapd/overlord/devicestate/devicectx.go:47.2,48.16 2 1
github.com/snapcore/snapd/overlord/devicestate/devicectx.go:48.16,50.3 1 0
github.com/snapcore/snapd/overlord/devicestate/devicectx.go:52.2,53.52 2 1
github.com/snapcore/snapd/overlord/devicestate/devicectx.go:61.55,63.2 1 1
github.com/snapcore/snapd/overlord/devicestate/devicectx.go:65.72,67.2 1 0
github.com/snapcore/snapd/overlord/devicestate/devicectx.go:69.63,70.77 1 0
github.com/snapcore/snapd/overlord/devicestate/devicectx.go:73.53,75.2 1 0
github.com/snapcore/snapd/overlord/devicestate/devicectx.go:77.52,79.2 1 0
github.com/snapcore/snapd/overlord/devicestate/devicectx.go:88.46,90.2 1 1
github.com/snapcore/snapd/overlord/devicestate/devicectx.go:92.47,94.2 1 0
github.com/snapcore/snapd/overlord/devicestate/devicectx.go:96.45,98.2 1 0
github.com/snapcore/snapd/overlord/devicestate/devicectx.go:100.47,102.2 1 0
github.com/snapcore/snapd/overlord/devicestate/devicectx.go:104.46,106.2 1 1
github.com/snapcore/snapd/overlord/devicestate/devicectx.go:109.49,111.2 1 1
github.com/snapcore/snapd/overlord/devicestate/devicectx.go:114.49,116.2 1 1
github.com/snapcore/snapd/overlord/devicestate/devicectx.go:121.52,123.2 1 1
github.com/snapcore/snapd/overlord/devicestate/devicectx.go:132.95,137.2 1 1
github.com/snapcore/snapd/overlord/devicestate/devicectx.go:139.62,141.2 1 0
github.com/snapcore/snapd/overlord/devicestate/devicectx.go:147.72,149.2 1 0
github.com/snapcore/snapd/overlord/devicestate/devicemgr.go:84.13,98.2 13 1
github.com/snapcore/snapd/overlord/devicestate/devicemgr.go:111.51,113.2 1 0
github.com/snapcore/snapd/overlord/devicestate/devicemgr.go:115.55,118.2 2 0
github.com/snapcore/snapd/overlord/devicestate/devicemgr.go:178.182,190.16 4 1
github.com/snapcore/snapd/overlord/devicestate/devicemgr.go:190.16,192.17 2 1
github.com/snapcore/snapd/overlord/devicestate/devicemgr.go:192.17,194.4 1 0
github.com/snapcore/snapd/overlord/devicestate/devicemgr.go:196.3,196.15 1 1
github.com/snapcore/snapd/overlord/devicestate/devicemgr.go:196.15,199.4 2 0
github.com/snapcore/snapd/overlord/devicestate/devicemgr.go:200.8,204.25 1 0
github.com/snapcore/snapd/overlord/devicestate/devicemgr.go:204.25,207.18 3 0
github.com/snapcore/snapd/overlord/devicestate/devicemgr.go:207.18,209.5 1 0
github.com/snapcore/snapd/overlord/devicestate/devicemgr.go:210.4,210.21 1 0
github.com/snapcore/snapd/overlord/devicestate/devicemgr.go:214.2,218.46 4 1
github.com/snapcore/snapd/overlord/devicestate/devicemgr.go:218.46,220.3 1 0
github.com/snapcore/snapd/overlord/devicestate/devicemgr.go:222.2,271.15 29 1
github.com/snapcore/snapd/overlord/devicestate/devicemgr.go:274.39,279.44 2 1
github.com/snapcore/snapd/overlord/devicestate/devicemgr.go:279.44,281.58 2 0
github.com/snapcore/snapd/overlord/devicestate/devicemgr.go:281.58,283.4 1 0
github.com/snapcore/snapd/overlord/devicestate/devicemgr.go:285.2,285.12 1 1
github.com/snapcore/snapd/overlord/devicestate/devicemgr.go:290.53,290.67 1 1
github.com/snapcore/snapd/overlord/devicestate/devicemgr.go:291.53,291.67 1 1
github.com/snapcore/snapd/overlord/devicestate/devicemgr.go:292.53,292.74 1 0
github.com/snapcore/snapd/overlord/devicestate/devicemgr.go:294.77,296.2 1 1
github.com/snapcore/snapd/overlord/devicestate/devicemgr.go:299.47,303.16 3 0
github.com/snapcore/snapd/overlord/devicestate/devicemgr.go:303.16,305.3 1 0
github.com/snapcore/snapd/overlord/devicestate/devicemgr.go:307.2,307.14 1 0
github.com/snapcore/snapd/overlord/devicestate/devicemgr.go:307.14,309.3 1 0
github.com/snapcore/snapd/overlord/devicestate/devicemgr.go:311.2,311.12 1 0
github.com/snapcore/snapd/overlord/devicestate/devicemgr.go:330.69,331.21 1 1
github.com/snapcore/snapd/overlord/devicestate/devicemgr.go:331.21,332.33 1 1
github.com/snapcore/snapd/overlord/devicestate/devicemgr.go:332.33,334.4 1 1
github.com/snapcore/snapd/overlord/devicestate/devicemgr.go:335.3,335.15 1 1
github.com/snapcore/snapd/overlord/devicestate/devicemgr.go:337.2,337.18 1 0
github.com/snapcore/snapd/overlord/devicestate/devicemgr.go:341.41,346.53 4 1
github.com/snapcore/snapd/overlord/devicestate/devicemgr.go:346.53,348.3 1 0
github.com/snapcore/snapd/overlord/devicestate/devicemgr.go:352.2,352.48 1 1
github.com/snapcore/snapd/overlord/devicestate/devicemgr.go:352.48,353.48 1 0
github.com/snapcore/snapd/overlord/devicestate/devicemgr.go:353.48,355.4 1 0
github.com/snapcore/snapd/overlord/devicestate/devicemgr.go:359.2,359.51 1 1
github.com/snapcore/snapd/overlord/devicestate/devicemgr.go:359.51,361.3 1 0
github.com/snapcore/snapd/overlord/devicestate/devicemgr.go:365.2,365.51 1 1
github.com/snapcore/snapd/overlord/devicestate/devicemgr.go:368.69,369.25 1 0
github.com/snapcore/snapd/overlord/devicestate/devicemgr.go:369.25,371.3 1 0
github.com/snapcore/snapd/overlord/devicestate/devicemgr.go:373.2,373.45 1 0
github.com/snapcore/snapd/overlord/devicestate/devicemgr.go:376.59,378.16 2 0
github.com/snapcore/snapd/overlord/devicestate/devicemgr.go:378.16,380.3 1 0
github.com/snapcore/snapd/overlord/devicestate/devicemgr.go:381.2,381.17 1 0
github.com/snapcore/snapd/overlord/devicestate/devicemgr.go:381.17,384.3 2 0
github.com/snapcore/snapd/overlord/devicestate/devicemgr.go:386.2,387.16 2 0
github.com/snapcore/snapd/overlord/devicestate/devicemgr.go:387.16,389.3 1 0
github.com/snapcore/snapd/overlord/devicestate/devicemgr.go:390.2,390.24 1 0
github.com/snapcore/snapd/overlord/devicestate/devicemgr.go:390.24,394.3 2 0
github.com/snapcore/snapd/overlord/devicestate/devicemgr.go:396.2,401.16 3 0
github.com/snapcore/snapd/overlord/devicestate/devicemgr.go:401.16,404.3 2 0
github.com/snapcore/snapd/overlord/devicestate/devicemgr.go:404.8,409.81 1 0
github.com/snapcore/snapd/overlord/devicestate/devicemgr.go:409.81,411.4 1 0
github.com/snapcore/snapd/overlord/devicestate/devicemgr.go:415.2,417.16 3 0
github.com/snapcore/snapd/overlord/devicestate/devicemgr.go:417.16,420.3 2 0
github.com/snapcore/snapd/overlord/devicestate/devicemgr.go:421.2,421.12 1 0
github.com/snapcore/snapd/overlord/devicestate/devicemgr.go:433.61,435.16 2 0
github.com/snapcore/snapd/overlord/devicestate/devicemgr.go:435.16,437.3 1 0
github.com/snapcore/snapd/overlord/devicestate/devicemgr.go:439.2,439.26 1 0
github.com/snapcore/snapd/overlord/devicestate/devicemgr.go:439.26,441.52 2 0
github.com/snapcore/snapd/overlord/devicestate/devicemgr.go:441.52,443.4 1 0
github.com/snapcore/snapd/overlord/devicestate/devicemgr.go:445.2,445.12 1 0
github.com/snapcore/snapd/overlord/devicestate/devicemgr.go:451.64,452.54 1 0
github.com/snapcore/snapd/overlord/devicestate/devicemgr.go:452.54,454.3 1 0
github.com/snapcore/snapd/overlord/devicestate/devicemgr.go:458.2,463.19 2 0
github.com/snapcore/snapd/overlord/devicestate/devicemgr.go:463.19,465.3 1 0
github.com/snapcore/snapd/overlord/devicestate/devicemgr.go:466.2,466.40 1 0
github.com/snapcore/snapd/overlord/devicestate/devicemgr.go:471.48,473.16 2 1
github.com/snapcore/snapd/overlord/devicestate/devicemgr.go:473.16,474.75 1 0
github.com/snapcore/snapd/overlord/devicestate/devicemgr.go:476.2,476.29 1 1
github.com/snapcore/snapd/overlord/devicestate/devicemgr.go:479.43,481.55 2 0
github.com/snapcore/snapd/overlord/devicestate/devicemgr.go:481.55,483.3 1 0
github.com/snapcore/snapd/overlord/devicestate/devicemgr.go:484.2,484.15 1 0
github.com/snapcore/snapd/overlord/devicestate/devicemgr.go:487.51,492.16 4 1
github.com/snapcore/snapd/overlord/devicestate/devicemgr.go:492.16,494.3 1 0
github.com/snapcore/snapd/overlord/devicestate/devicemgr.go:496.2,496.25 1 1
github.com/snapcore/snapd/overlord/devicestate/devicemgr.go:496.25,498.3 1 0
github.com/snapcore/snapd/overlord/devicestate/devicemgr.go:499.2,499.12 1 1
github.com/snapcore/snapd/overlord/devicestate/devicemgr.go:502.42,503.18 1 0
github.com/snapcore/snapd/overlord/devicestate/devicemgr.go:503.18,505.3 1 0
github.com/snapcore/snapd/overlord/devicestate/devicemgr.go:506.2,507.14 2 0
github.com/snapcore/snapd/overlord/devicestate/devicemgr.go:510.72,511.64 1 1
github.com/snapcore/snapd/overlord/devicestate/devicemgr.go:511.64,514.3 1 0
github.com/snapcore/snapd/overlord/devicestate/devicemgr.go:515.2,515.32 1 1
github.com/snapcore/snapd/overlord/devicestate/devicemgr.go:515.32,516.45 1 0
github.com/snapcore/snapd/overlord/devicestate/devicemgr.go:516.45,520.4 1 0
github.com/snapcore/snapd/overlord/devicestate/devicemgr.go:523.2,523.14 1 1
github.com/snapcore/snapd/overlord/devicestate/devicemgr.go:526.58,527.40 1 1
github.com/snapcore/snapd/overlord/devicestate/devicemgr.go:527.40,528.43 1 1
github.com/snapcore/snapd/overlord/devicestate/devicemgr.go:528.43,531.4 1 1
github.com/snapcore/snapd/overlord/devicestate/devicemgr.go:533.2,533.14 1 1
github.com/snapcore/snapd/overlord/devicestate/devicemgr.go:541.52,544.2 2 1
github.com/snapcore/snapd/overlord/devicestate/devicemgr.go:546.53,549.2 2 0
github.com/snapcore/snapd/overlord/devicestate/devicemgr.go:554.76,555.123 1 1
github.com/snapcore/snapd/overlord/devicestate/devicemgr.go:555.123,557.3 1 1
github.com/snapcore/snapd/overlord/devicestate/devicemgr.go:558.2,558.37 1 1
github.com/snapcore/snapd/overlord/devicestate/devicemgr.go:558.37,560.3 1 1
github.com/snapcore/snapd/overlord/devicestate/devicemgr.go:560.8,562.36 2 0
github.com/snapcore/snapd/overlord/devicestate/devicemgr.go:562.36,564.4 1 0
github.com/snapcore/snapd/overlord/devicestate/devicemgr.go:565.3,565.42 1 0
github.com/snapcore/snapd/overlord/devicestate/devicemgr.go:567.2,568.14 2 1
github.com/snapcore/snapd/overlord/devicestate/devicemgr.go:571.79,573.53 2 0
github.com/snapcore/snapd/overlord/devicestate/devicemgr.go:573.53,575.3 1 0
github.com/snapcore/snapd/overlord/devicestate/devicemgr.go:576.2,578.55 3 0
github.com/snapcore/snapd/overlord/devicestate/devicemgr.go:578.55,580.3 1 0
github.com/snapcore/snapd/overlord/devicestate/devicemgr.go:581.2,581.12 1 0
github.com/snapcore/snapd/overlord/devicestate/devicemgr.go:584.51,588.35 3 1
github.com/snapcore/snapd/overlord/devicestate/devicemgr.go:588.35,592.3 1 0
github.com/snapcore/snapd/overlord/devicestate/devicemgr.go:594.2,595.16 2 1
github.com/snapcore/snapd/overlord/devicestate/devicemgr.go:595.16,597.3 1 0
github.com/snapcore/snapd/overlord/devicestate/devicemgr.go:599.2,599.25 1 1
github.com/snapcore/snapd/overlord/devicestate/devicemgr.go:599.25,602.3 1 0
github.com/snapcore/snapd/overlord/devicestate/devicemgr.go:604.2,623.53 5 1
github.com/snapcore/snapd/overlord/devicestate/devicemgr.go:623.53,625.3 1 0
github.com/snapcore/snapd/overlord/devicestate/devicemgr.go:627.2,627.46 1 1
github.com/snapcore/snapd/overlord/devicestate/devicemgr.go:627.46,628.36 1 0
github.com/snapcore/snapd/overlord/devicestate/devicemgr.go:628.36,630.4 1 0
github.com/snapcore/snapd/overlord/devicestate/devicemgr.go:633.3,634.17 2 0
github.com/snapcore/snapd/overlord/devicestate/devicemgr.go:634.17,636.4 1 0
github.com/snapcore/snapd/overlord/devicestate/devicemgr.go:639.2,639.18 1 1
github.com/snapcore/snapd/overlord/devicestate/devicemgr.go:639.18,641.3 1 0
github.com/snapcore/snapd/overlord/devicestate/devicemgr.go:644.2,644.44 1 1
github.com/snapcore/snapd/overlord/devicestate/devicemgr.go:644.44,646.3 1 1
github.com/snapcore/snapd/overlord/devicestate/devicemgr.go:648.2,650.53 3 1
github.com/snapcore/snapd/overlord/devicestate/devicemgr.go:650.53,652.3 1 0
github.com/snapcore/snapd/overlord/devicestate/devicemgr.go:653.2,653.16 1 1
github.com/snapcore/snapd/overlord/devicestate/devicemgr.go:653.16,656.3 2 1
github.com/snapcore/snapd/overlord/devicestate/devicemgr.go:656.8,658.3 1 0
github.com/snapcore/snapd/overlord/devicestate/devicemgr.go:660.2,661.16 2 1
github.com/snapcore/snapd/overlord/devicestate/devicemgr.go:661.16,663.3 1 0
github.com/snapcore/snapd/overlord/devicestate/devicemgr.go:669.2,669.46 1 1
github.com/snapcore/snapd/overlord/devicestate/devicemgr.go:669.46,671.3 1 0
github.com/snapcore/snapd/overlord/devicestate/devicemgr.go:673.2,673.35 1 1
github.com/snapcore/snapd/overlord/devicestate/devicemgr.go:673.35,678.17 2 0
github.com/snapcore/snapd/overlord/devicestate/devicemgr.go:678.17,680.4 1 0
github.com/snapcore/snapd/overlord/devicestate/devicemgr.go:681.3,681.47 1 0
github.com/snapcore/snapd/overlord/devicestate/devicemgr.go:681.47,683.4 1 0
github.com/snapcore/snapd/overlord/devicestate/devicemgr.go:687.2,687.69 1 1
github.com/snapcore/snapd/overlord/devicestate/devicemgr.go:687.69,690.3 2 0
github.com/snapcore/snapd/overlord/devicestate/devicemgr.go:692.2,697.18 4 1
github.com/snapcore/snapd/overlord/devicestate/devicemgr.go:697.18,699.14 1 1
github.com/snapcore/snapd/overlord/devicestate/devicemgr.go:699.14,704.4 1 1
github.com/snapcore/snapd/overlord/devicestate/devicemgr.go:706.3,707.17 2 1
github.com/snapcore/snapd/overlord/devicestate/devicemgr.go:707.17,709.4 1 0
github.com/snapcore/snapd/overlord/devicestate/devicemgr.go:710.3,711.84 2 1
github.com/snapcore/snapd/overlord/devicestate/devicemgr.go:714.2,714.47 1 1
github.com/snapcore/snapd/overlord/devicestate/devicemgr.go:714.47,717.17 2 1
github.com/snapcore/snapd/overlord/devicestate/devicemgr.go:717.17,719.4 1 0
github.com/snapcore/snapd/overlord/devicestate/devicemgr.go:720.3,720.20 1 1
github.com/snapcore/snapd/overlord/devicestate/devicemgr.go:720.20,723.46 3 0
github.com/snapcore/snapd/overlord/devicestate/devicemgr.go:723.46,725.5 1 0
github.com/snapcore/snapd/overlord/devicestate/devicemgr.go:726.4,728.14 2 0
github.com/snapcore/snapd/overlord/devicestate/devicemgr.go:733.2,733.50 1 1
github.com/snapcore/snapd/overlord/devicestate/devicemgr.go:733.50,735.3 1 1
github.com/snapcore/snapd/overlord/devicestate/devicemgr.go:737.2,746.26 4 1
github.com/snapcore/snapd/overlord/devicestate/devicemgr.go:746.26,754.3 4 1
github.com/snapcore/snapd/overlord/devicestate/devicemgr.go:756.2,757.26 2 1
github.com/snapcore/snapd/overlord/devicestate/devicemgr.go:757.26,759.3 1 1
github.com/snapcore/snapd/overlord/devicestate/devicemgr.go:760.2,762.33 2 1
github.com/snapcore/snapd/overlord/devicestate/devicemgr.go:762.33,764.3 1 1
github.com/snapcore/snapd/overlord/devicestate/devicemgr.go:766.2,766.23 1 1
github.com/snapcore/snapd/overlord/devicestate/devicemgr.go:766.23,770.3 3 1
github.com/snapcore/snapd/overlord/devicestate/devicemgr.go:772.2,778.12 5 1
github.com/snapcore/snapd/overlord/devicestate/devicemgr.go:785.99,791.16 2 1
github.com/snapcore/snapd/overlord/devicestate/devicemgr.go:791.16,792.47 1 1
github.com/snapcore/snapd/overlord/devicestate/devicemgr.go:792.47,795.4 1 1
github.com/snapcore/snapd/overlord/devicestate/devicemgr.go:796.3,796.18 1 0
github.com/snapcore/snapd/overlord/devicestate/devicemgr.go:798.2,798.33 1 0
github.com/snapcore/snapd/overlord/devicestate/devicemgr.go:798.33,809.67 4 0
github.com/snapcore/snapd/overlord/devicestate/devicemgr.go:809.67,812.4 2 0
github.com/snapcore/snapd/overlord/devicestate/devicemgr.go:813.3,813.17 1 0
github.com/snapcore/snapd/overlord/devicestate/devicemgr.go:813.17,814.34 1 0
github.com/snapcore/snapd/overlord/devicestate/devicemgr.go:814.34,817.13 1 0
github.com/snapcore/snapd/overlord/devicestate/devicemgr.go:819.4,819.19 1 0
github.com/snapcore/snapd/overlord/devicestate/devicemgr.go:821.3,821.23 1 0
github.com/snapcore/snapd/overlord/devicestate/devicemgr.go:824.2,824.17 1 0
github.com/snapcore/snapd/overlord/devicestate/devicemgr.go:829.13,831.2 1 1
github.com/snapcore/snapd/overlord/devicestate/devicemgr.go:833.69,836.53 3 1
github.com/snapcore/snapd/overlord/devicestate/devicemgr.go:836.53,838.3 1 0
github.com/snapcore/snapd/overlord/devicestate/devicemgr.go:839.2,839.20 1 1
github.com/snapcore/snapd/overlord/devicestate/devicemgr.go:839.20,842.3 1 0
github.com/snapcore/snapd/overlord/devicestate/devicemgr.go:843.2,844.12 2 1
github.com/snapcore/snapd/overlord/devicestate/devicemgr.go:847.63,848.26 1 1
github.com/snapcore/snapd/overlord/devicestate/devicemgr.go:848.26,851.3 1 0
github.com/snapcore/snapd/overlord/devicestate/devicemgr.go:852.2,856.15 4 1
github.com/snapcore/snapd/overlord/devicestate/devicemgr.go:856.15,859.3 2 0
github.com/snapcore/snapd/overlord/devicestate/devicemgr.go:859.8,862.3 2 1
github.com/snapcore/snapd/overlord/devicestate/devicemgr.go:863.2,863.60 1 1
github.com/snapcore/snapd/overlord/devicestate/devicemgr.go:863.60,865.3 1 0
github.com/snapcore/snapd/overlord/devicestate/devicemgr.go:866.2,866.25 1 1
github.com/snapcore/snapd/overlord/devicestate/devicemgr.go:869.54,870.32 1 0
github.com/snapcore/snapd/overlord/devicestate/devicemgr.go:870.32,871.32 1 0
github.com/snapcore/snapd/overlord/devicestate/devicemgr.go:873.2,873.29 1 0
github.com/snapcore/snapd/overlord/devicestate/devicemgr.go:876.79,878.16 2 1
github.com/snapcore/snapd/overlord/devicestate/devicemgr.go:878.16,880.3 1 0
github.com/snapcore/snapd/overlord/devicestate/devicemgr.go:881.2,881.39 1 1
github.com/snapcore/snapd/overlord/devicestate/devicemgr.go:881.39,883.3 1 0
github.com/snapcore/snapd/overlord/devicestate/devicemgr.go:884.2,885.17 2 1
github.com/snapcore/snapd/overlord/devicestate/devicemgr.go:891.84,892.18 1 1
github.com/snapcore/snapd/overlord/devicestate/devicemgr.go:892.18,894.3 1 0
github.com/snapcore/snapd/overlord/devicestate/devicemgr.go:895.2,895.15 1 1
github.com/snapcore/snapd/overlord/devicestate/devicemgr.go:895.15,896.25 1 0
github.com/snapcore/snapd/overlord/devicestate/devicemgr.go:896.25,899.4 2 0
github.com/snapcore/snapd/overlord/devicestate/devicemgr.go:900.8,902.17 2 1
github.com/snapcore/snapd/overlord/devicestate/devicemgr.go:902.17,904.4 1 0
github.com/snapcore/snapd/overlord/devicestate/devicemgr.go:905.3,905.21 1 1
github.com/snapcore/snapd/overlord/devicestate/devicemgr.go:905.21,910.4 3 0
github.com/snapcore/snapd/overlord/devicestate/devicemgr.go:912.2,915.33 4 1
github.com/snapcore/snapd/overlord/devicestate/devicemgr.go:918.108,921.53 3 1
github.com/snapcore/snapd/overlord/devicestate/devicemgr.go:921.53,923.3 1 0
github.com/snapcore/snapd/overlord/devicestate/devicemgr.go:924.2,924.12 1 1
github.com/snapcore/snapd/overlord/devicestate/devicemgr.go:924.12,926.3 1 0
github.com/snapcore/snapd/overlord/devicestate/devicemgr.go:929.2,929.30 1 1
github.com/snapcore/snapd/overlord/devicestate/devicemgr.go:929.30,931.3 1 0
github.com/snapcore/snapd/overlord/devicestate/devicemgr.go:933.2,934.16 2 1
github.com/snapcore/snapd/overlord/devicestate/devicemgr.go:934.16,936.3 1 0
github.com/snapcore/snapd/overlord/devicestate/devicemgr.go:940.2,941.16 2 1
github.com/snapcore/snapd/overlord/devicestate/devicemgr.go:941.16,943.3 1 0
github.com/snapcore/snapd/overlord/devicestate/devicemgr.go:945.2,948.113 3 1
github.com/snapcore/snapd/overlord/devicestate/devicemgr.go:948.113,950.3 1 1
github.com/snapcore/snapd/overlord/devicestate/devicemgr.go:951.2,951.16 1 1
github.com/snapcore/snapd/overlord/devicestate/devicemgr.go:951.16,953.25 1 1
github.com/snapcore/snapd/overlord/devicestate/devicemgr.go:953.25,955.4 1 1
github.com/snapcore/snapd/overlord/devicestate/devicemgr.go:956.3,956.23 1 1
github.com/snapcore/snapd/overlord/devicestate/devicemgr.go:959.2,963.29 3 0
github.com/snapcore/snapd/overlord/devicestate/devicemgr.go:966.86,980.16 2 0
github.com/snapcore/snapd/overlord/devicestate/devicemgr.go:980.16,982.3 1 0
github.com/snapcore/snapd/overlord/devicestate/devicemgr.go:983.2,984.26 2 0
github.com/snapcore/snapd/overlord/devicestate/devicemgr.go:984.26,987.3 1 0
github.com/snapcore/snapd/overlord/devicestate/devicemgr.go:988.2,990.141 2 0
github.com/snapcore/snapd/overlord/devicestate/devicemgr.go:990.141,991.42 1 0
github.com/snapcore/snapd/overlord/devicestate/devicemgr.go:991.42,992.93 1 0
github.com/snapcore/snapd/overlord/devicestate/devicemgr.go:992.93,994.5 1 0
github.com/snapcore/snapd/overlord/devicestate/devicemgr.go:995.4,996.27 2 0
github.com/snapcore/snapd/overlord/devicestate/devicemgr.go:996.27,998.5 1 0
github.com/snapcore/snapd/overlord/devicestate/devicemgr.go:999.4,1000.18 2 0
github.com/snapcore/snapd/overlord/devicestate/devicemgr.go:1000.18,1002.5 1 0
github.com/snapcore/snapd/overlord/devicestate/devicemgr.go:1003.4,1003.52 1 0
github.com/snapcore/snapd/overlord/devicestate/devicemgr.go:1006.2,1006.16 1 0
github.com/snapcore/snapd/overlord/devicestate/devicemgr.go:1006.16,1009.3 2 0
github.com/snapcore/snapd/overlord/devicestate/devicemgr.go:1011.2,1011.21 1 0
github.com/snapcore/snapd/overlord/devicestate/devicemgr.go:1016.46,1022.53 5 1
github.com/snapcore/snapd/overlord/devicestate/devicemgr.go:1022.53,1024.3 1 0
github.com/snapcore/snapd/overlord/devicestate/devicemgr.go:1025.2,1025.12 1 1
github.com/snapcore/snapd/overlord/devicestate/devicemgr.go:1025.12,1027.3 1 1
github.com/snapcore/snapd/overlord/devicestate/devicemgr.go:1029.2,1029.30 1 1
github.com/snapcore/snapd/overlord/devicestate/devicemgr.go:1029.30,1031.3 1 1
github.com/snapcore/snapd/overlord/devicestate/devicemgr.go:1033.2,1034.16 2 0
github.com/snapcore/snapd/overlord/devicestate/devicemgr.go:1034.16,1036.3 1 0
github.com/snapcore/snapd/overlord/devicestate/devicemgr.go:1039.2,1042.100 3 0
github.com/snapcore/snapd/overlord/devicestate/devicemgr.go:1042.100,1044.3 1 0
github.com/snapcore/snapd/overlord/devicestate/devicemgr.go:1045.2,1045.16 1 0
github.com/snapcore/snapd/overlord/devicestate/devicemgr.go:1045.16,1047.3 1 0
github.com/snapcore/snapd/overlord/devicestate/devicemgr.go:1048.2,1048.21 1 0
github.com/snapcore/snapd/overlord/devicestate/devicemgr.go:1048.21,1050.3 1 0
github.com/snapcore/snapd/overlord/devicestate/devicemgr.go:1052.2,1055.27 3 0
github.com/snapcore/snapd/overlord/devicestate/devicemgr.go:1055.27,1057.3 1 0
github.com/snapcore/snapd/overlord/devicestate/devicemgr.go:1058.2,1062.12 4 0
github.com/snapcore/snapd/overlord/devicestate/devicemgr.go:1069.60,1070.23 1 1
github.com/snapcore/snapd/overlord/devicestate/devicemgr.go:1070.23,1072.3 1 0
github.com/snapcore/snapd/overlord/devicestate/devicemgr.go:1074.2,1077.30 3 1
github.com/snapcore/snapd/overlord/devicestate/devicemgr.go:1077.30,1080.3 1 1
github.com/snapcore/snapd/overlord/devicestate/devicemgr.go:1082.2,1083.50 2 0
github.com/snapcore/snapd/overlord/devicestate/devicemgr.go:1083.50,1087.3 1 0
github.com/snapcore/snapd/overlord/devicestate/devicemgr.go:1089.2,1090.92 2 0
github.com/snapcore/snapd/overlord/devicestate/devicemgr.go:1090.92,1092.3 1 0
github.com/snapcore/snapd/overlord/devicestate/devicemgr.go:1094.2,1094.12 1 0
github.com/snapcore/snapd/overlord/devicestate/devicemgr.go:1094.12,1096.3 1 0
github.com/snapcore/snapd/overlord/devicestate/devicemgr.go:1099.2,1100.119 2 0
github.com/snapcore/snapd/overlord/devicestate/devicemgr.go:1100.119,1102.3 1 0
github.com/snapcore/snapd/overlord/devicestate/devicemgr.go:1103.2,1103.18 1 0
github.com/snapcore/snapd/overlord/devicestate/devicemgr.go:1103.18,1105.3 1 0
github.com/snapcore/snapd/overlord/devicestate/devicemgr.go:1107.2,1109.47 2 0
github.com/snapcore/snapd/overlord/devicestate/devicemgr.go:1109.47,1111.3 1 0
github.com/snapcore/snapd/overlord/devicestate/devicemgr.go:1112.2,1118.16 4 0
github.com/snapcore/snapd/overlord/devicestate/devicemgr.go:1118.16,1121.3 1 0
github.com/snapcore/snapd/overlord/devicestate/devicemgr.go:1122.2,1122.12 1 0
github.com/snapcore/snapd/overlord/devicestate/devicemgr.go:1125.80,1133.23 1 1
github.com/snapcore/snapd/overlord/devicestate/devicemgr.go:1133.23,1135.3 1 0
github.com/snapcore/snapd/overlord/devicestate/devicemgr.go:1137.2,1142.53 5 1
github.com/snapcore/snapd/overlord/devicestate/devicemgr.go:1142.53,1144.3 1 0
github.com/snapcore/snapd/overlord/devicestate/devicemgr.go:1145.2,1145.22 1 1
github.com/snapcore/snapd/overlord/devicestate/devicemgr.go:1145.22,1147.3 1 1
github.com/snapcore/snapd/overlord/devicestate/devicemgr.go:1149.2,1150.92 2 0
github.com/snapcore/snapd/overlord/devicestate/devicemgr.go:1150.92,1152.3 1 0
github.com/snapcore/snapd/overlord/devicestate/devicemgr.go:1153.2,1153.13 1 0
github.com/snapcore/snapd/overlord/devicestate/devicemgr.go:1153.13,1155.3 1 0
github.com/snapcore/snapd/overlord/devicestate/devicemgr.go:1158.2,1159.16 2 0
github.com/snapcore/snapd/overlord/devicestate/devicemgr.go:1159.16,1161.3 1 0
github.com/snapcore/snapd/overlord/devicestate/devicemgr.go:1163.2,1164.16 2 0
github.com/snapcore/snapd/overlord/devicestate/devicemgr.go:1164.16,1165.39 1 0
github.com/snapcore/snapd/overlord/devicestate/devicemgr.go:1165.39,1167.4 1 0
github.com/snapcore/snapd/overlord/devicestate/devicemgr.go:1168.3,1168.13 1 0
github.com/snapcore/snapd/overlord/devicestate/devicemgr.go:1170.2,1176.16 5 0
github.com/snapcore/snapd/overlord/devicestate/devicemgr.go:1176.16,1178.3 1 0
github.com/snapcore/snapd/overlord/devicestate/devicemgr.go:1180.2,1182.12 2 0
github.com/snapcore/snapd/overlord/devicestate/devicemgr.go:1185.46,1190.35 3 1
github.com/snapcore/snapd/overlord/devicestate/devicemgr.go:1190.35,1192.3 1 0
github.com/snapcore/snapd/overlord/devicestate/devicemgr.go:1194.2,1194.18 1 1
github.com/snapcore/snapd/overlord/devicestate/devicemgr.go:1194.18,1196.54 2 1
github.com/snapcore/snapd/overlord/devicestate/devicemgr.go:1196.54,1198.4 1 0
github.com/snapcore/snapd/overlord/devicestate/devicemgr.go:1199.3,1199.58 1 1
github.com/snapcore/snapd/overlord/devicestate/devicemgr.go:1199.58,1200.61 1 1
github.com/snapcore/snapd/overlord/devicestate/devicemgr.go:1200.61,1202.5 1 0
github.com/snapcore/snapd/overlord/devicestate/devicemgr.go:1203.4,1203.50 1 1
github.com/snapcore/snapd/overlord/devicestate/devicemgr.go:1203.50,1205.5 1 0
github.com/snapcore/snapd/overlord/devicestate/devicemgr.go:1208.3,1208.21 1 1
github.com/snapcore/snapd/overlord/devicestate/devicemgr.go:1210.2,1212.29 2 1
github.com/snapcore/snapd/overlord/devicestate/devicemgr.go:1212.29,1213.64 1 1
github.com/snapcore/snapd/overlord/devicestate/devicemgr.go:1213.64,1215.4 1 0
github.com/snapcore/snapd/overlord/devicestate/devicemgr.go:1216.3,1216.32 1 1
github.com/snapcore/snapd/overlord/devicestate/devicemgr.go:1219.2,1219.12 1 1
github.com/snapcore/snapd/overlord/devicestate/devicemgr.go:1222.59,1226.34 3 1
github.com/snapcore/snapd/overlord/devicestate/devicemgr.go:1226.34,1228.3 1 1
github.com/snapcore/snapd/overlord/devicestate/devicemgr.go:1230.2,1232.53 3 1
github.com/snapcore/snapd/overlord/devicestate/devicemgr.go:1232.53,1234.3 1 0
github.com/snapcore/snapd/overlord/devicestate/devicemgr.go:1236.2,1236.13 1 1
github.com/snapcore/snapd/overlord/devicestate/devicemgr.go:1236.13,1239.3 1 1
github.com/snapcore/snapd/overlord/devicestate/devicemgr.go:1241.2,1241.23 1 1
github.com/snapcore/snapd/overlord/devicestate/devicemgr.go:1241.23,1246.3 2 0
github.com/snapcore/snapd/overlord/devicestate/devicemgr.go:1257.2,1262.16 3 1
github.com/snapcore/snapd/overlord/devicestate/devicemgr.go:1262.16,1264.3 1 0
github.com/snapcore/snapd/overlord/devicestate/devicemgr.go:1265.2,1268.25 3 1
github.com/snapcore/snapd/overlord/devicestate/devicemgr.go:1269.84,1272.13 2 1
github.com/snapcore/snapd/overlord/devicestate/devicemgr.go:1273.35,1275.26 1 0
github.com/snapcore/snapd/overlord/devicestate/devicemgr.go:1276.38,1278.49 1 0
github.com/snapcore/snapd/overlord/devicestate/devicemgr.go:1279.31,1281.36 1 0
github.com/snapcore/snapd/overlord/devicestate/devicemgr.go:1282.34,1288.42 1 0
github.com/snapcore/snapd/overlord/devicestate/devicemgr.go:1288.42,1293.4 3 0
github.com/snapcore/snapd/overlord/devicestate/devicemgr.go:1297.3,1298.45 2 0
github.com/snapcore/snapd/overlord/devicestate/devicemgr.go:1298.45,1303.4 3 0
github.com/snapcore/snapd/overlord/devicestate/devicemgr.go:1309.3,1310.62 2 0
github.com/snapcore/snapd/overlord/devicestate/devicemgr.go:1311.10,1315.14 1 0
github.com/snapcore/snapd/overlord/devicestate/devicemgr.go:1316.34,1322.52 1 0
github.com/snapcore/snapd/overlord/devicestate/devicemgr.go:1322.52,1326.4 2 0
github.com/snapcore/snapd/overlord/devicestate/devicemgr.go:1329.3,1330.45 2 0
github.com/snapcore/snapd/overlord/devicestate/devicemgr.go:1330.45,1335.4 2 0
github.com/snapcore/snapd/overlord/devicestate/devicemgr.go:1341.3,1342.76 2 0
github.com/snapcore/snapd/overlord/devicestate/devicemgr.go:1346.2,1347.16 2 0
github.com/snapcore/snapd/overlord/devicestate/devicemgr.go:1347.16,1349.3 1 0
github.com/snapcore/snapd/overlord/devicestate/devicemgr.go:1354.2,1354.46 1 0
github.com/snapcore/snapd/overlord/devicestate/devicemgr.go:1354.46,1361.3 1 0
github.com/snapcore/snapd/overlord/devicestate/devicemgr.go:1364.2,1365.16 2 0
github.com/snapcore/snapd/overlord/devicestate/devicemgr.go:1365.16,1367.3 1 0
github.com/snapcore/snapd/overlord/devicestate/devicemgr.go:1370.2,1371.20 2 0
github.com/snapcore/snapd/overlord/devicestate/devicemgr.go:1372.17,1373.37 1 0
github.com/snapcore/snapd/overlord/devicestate/devicemgr.go:1374.18,1376.34 1 0
github.com/snapcore/snapd/overlord/devicestate/devicemgr.go:1376.34,1378.4 1 0
github.com/snapcore/snapd/overlord/devicestate/devicemgr.go:1378.9,1381.4 1 0
github.com/snapcore/snapd/overlord/devicestate/devicemgr.go:1382.10,1383.107 1 0
github.com/snapcore/snapd/overlord/devicestate/devicemgr.go:1385.2,1389.12 3 0
github.com/snapcore/snapd/overlord/devicestate/devicemgr.go:1394.82,1396.16 2 0
github.com/snapcore/snapd/overlord/devicestate/devicemgr.go:1396.16,1398.3 1 0
github.com/snapcore/snapd/overlord/devicestate/devicemgr.go:1399.2,1400.34 2 0
github.com/snapcore/snapd/overlord/devicestate/devicemgr.go:1403.81,1411.2 3 0
github.com/snapcore/snapd/overlord/devicestate/devicemgr.go:1413.49,1417.23 3 1
github.com/snapcore/snapd/overlord/devicestate/devicemgr.go:1417.23,1419.3 1 0
github.com/snapcore/snapd/overlord/devicestate/devicemgr.go:1421.2,1421.26 1 1
github.com/snapcore/snapd/overlord/devicestate/devicemgr.go:1421.26,1423.3 1 0
github.com/snapcore/snapd/overlord/devicestate/devicemgr.go:1425.2,1425.46 1 1
github.com/snapcore/snapd/overlord/devicestate/devicemgr.go:1425.46,1427.3 1 1
github.com/snapcore/snapd/overlord/devicestate/devicemgr.go:1429.2,1431.53 3 0
github.com/snapcore/snapd/overlord/devicestate/devicemgr.go:1431.53,1433.3 1 0
github.com/snapcore/snapd/overlord/devicestate/devicemgr.go:1434.2,1434.13 1 0
github.com/snapcore/snapd/overlord/devicestate/devicemgr.go:1434.13,1436.3 1 0
github.com/snapcore/snapd/overlord/devicestate/devicemgr.go:1438.2,1441.16 3 0
github.com/snapcore/snapd/overlord/devicestate/devicemgr.go:1441.16,1442.39 1 0
github.com/snapcore/snapd/overlord/devicestate/devicemgr.go:1442.39,1444.4 1 0
github.com/snapcore/snapd/overlord/devicestate/devicemgr.go:1445.3,1445.13 1 0
github.com/snapcore/snapd/overlord/devicestate/devicemgr.go:1451.2,1452.16 2 0
github.com/snapcore/snapd/overlord/devicestate/devicemgr.go:1452.16,1454.3 1 0
github.com/snapcore/snapd/overlord/devicestate/devicemgr.go:1456.2,1468.33 7 0
github.com/snapcore/snapd/overlord/devicestate/devicemgr.go:1468.33,1472.3 3 0
github.com/snapcore/snapd/overlord/devicestate/devicemgr.go:1476.2,1476.26 1 0
github.com/snapcore/snapd/overlord/devicestate/devicemgr.go:1476.26,1486.3 4 0
github.com/snapcore/snapd/overlord/devicestate/devicemgr.go:1488.2,1496.12 6 0
github.com/snapcore/snapd/overlord/devicestate/devicemgr.go:1499.52,1503.23 3 1
github.com/snapcore/snapd/overlord/devicestate/devicemgr.go:1503.23,1505.3 1 0
github.com/snapcore/snapd/overlord/devicestate/devicemgr.go:1507.2,1507.29 1 1
github.com/snapcore/snapd/overlord/devicestate/devicemgr.go:1507.29,1509.3 1 0
github.com/snapcore/snapd/overlord/devicestate/devicemgr.go:1511.2,1511.52 1 1
github.com/snapcore/snapd/overlord/devicestate/devicemgr.go:1511.52,1513.3 1 1
github.com/snapcore/snapd/overlord/devicestate/devicemgr.go:1515.2,1517.53 3 0
github.com/snapcore/snapd/overlord/devicestate/devicemgr.go:1517.53,1519.3 1 0
github.com/snapcore/snapd/overlord/devicestate/devicemgr.go:1520.2,1520.13 1 0
github.com/snapcore/snapd/overlord/devicestate/devicemgr.go:1520.13,1522.3 1 0
github.com/snapcore/snapd/overlord/devicestate/devicemgr.go:1523.2,1528.16 4 0
github.com/snapcore/snapd/overlord/devicestate/devicemgr.go:1528.16,1529.39 1 0
github.com/snapcore/snapd/overlord/devicestate/devicemgr.go:1529.39,1531.4 1 0
github.com/snapcore/snapd/overlord/devicestate/devicemgr.go:1532.3,1532.13 1 0
github.com/snapcore/snapd/overlord/devicestate/devicemgr.go:1538.2,1539.16 2 0
github.com/snapcore/snapd/overlord/devicestate/devicemgr.go:1539.16,1541.3 1 0
github.com/snapcore/snapd/overlord/devicestate/devicemgr.go:1543.2,1553.33 6 0
github.com/snapcore/snapd/overlord/devicestate/devicemgr.go:1553.33,1557.3 3 0
github.com/snapcore/snapd/overlord/devicestate/devicemgr.go:1559.2,1559.26 1 0
github.com/snapcore/snapd/overlord/devicestate/devicemgr.go:1559.26,1565.3 3 0
github.com/snapcore/snapd/overlord/devicestate/devicemgr.go:1567.2,1575.12 6 0
github.com/snapcore/snapd/overlord/devicestate/devicemgr.go:1584.67,1586.15 2 1
github.com/snapcore/snapd/overlord/devicestate/devicemgr.go:1586.15,1588.3 1 0
github.com/snapcore/snapd/overlord/devicestate/devicemgr.go:1589.2,1590.16 2 1
github.com/snapcore/snapd/overlord/devicestate/devicemgr.go:1590.16,1592.3 1 0
github.com/snapcore/snapd/overlord/devicestate/devicemgr.go:1593.2,1593.53 1 1
github.com/snapcore/snapd/overlord/devicestate/devicemgr.go:1593.53,1595.3 1 0
github.com/snapcore/snapd/overlord/devicestate/devicemgr.go:1598.2,1600.53 3 1
github.com/snapcore/snapd/overlord/devicestate/devicemgr.go:1600.53,1602.3 1 0
github.com/snapcore/snapd/overlord/devicestate/devicemgr.go:1603.2,1603.16 1 1
github.com/snapcore/snapd/overlord/devicestate/devicemgr.go:1603.16,1605.3 1 0
github.com/snapcore/snapd/overlord/devicestate/devicemgr.go:1605.8,1607.3 1 1
github.com/snapcore/snapd/overlord/devicestate/devicemgr.go:1608.2,1609.20 2 1
github.com/snapcore/snapd/overlord/devicestate/devicemgr.go:1612.48,1615.92 3 1
github.com/snapcore/snapd/overlord/devicestate/devicemgr.go:1615.92,1617.3 1 0
github.com/snapcore/snapd/overlord/devicestate/devicemgr.go:1618.2,1618.15 1 1
github.com/snapcore/snapd/overlord/devicestate/devicemgr.go:1618.15,1619.61 1 1
github.com/snapcore/snapd/overlord/devicestate/devicemgr.go:1619.61,1621.4 1 0
github.com/snapcore/snapd/overlord/devicestate/devicemgr.go:1622.3,1622.14 1 1
github.com/snapcore/snapd/overlord/devicestate/devicemgr.go:1624.2,1624.12 1 1
github.com/snapcore/snapd/overlord/devicestate/devicemgr.go:1627.52,1631.30 3 1
github.com/snapcore/snapd/overlord/devicestate/devicemgr.go:1631.30,1634.93 2 1
github.com/snapcore/snapd/overlord/devicestate/devicemgr.go:1634.93,1636.4 1 0
github.com/snapcore/snapd/overlord/devicestate/devicemgr.go:1637.3,1637.14 1 1
github.com/snapcore/snapd/overlord/devicestate/devicemgr.go:1637.14,1641.4 1 1
github.com/snapcore/snapd/overlord/devicestate/devicemgr.go:1642.3,1648.53 2 1
github.com/snapcore/snapd/overlord/devicestate/devicemgr.go:1648.53,1650.4 1 0
github.com/snapcore/snapd/overlord/devicestate/devicemgr.go:1651.3,1651.33 1 1
github.com/snapcore/snapd/overlord/devicestate/devicemgr.go:1652.8,1654.3 1 1
github.com/snapcore/snapd/overlord/devicestate/devicemgr.go:1656.2,1656.12 1 1
github.com/snapcore/snapd/overlord/devicestate/devicemgr.go:1660.71,1664.105 2 0
github.com/snapcore/snapd/overlord/devicestate/devicemgr.go:1664.105,1666.3 1 0
github.com/snapcore/snapd/overlord/devicestate/devicemgr.go:1667.2,1667.47 1 0
github.com/snapcore/snapd/overlord/devicestate/devicemgr.go:1667.47,1670.3 1 0
github.com/snapcore/snapd/overlord/devicestate/devicemgr.go:1671.2,1673.12 3 0
github.com/snapcore/snapd/overlord/devicestate/devicemgr.go:1676.59,1677.23 1 1
github.com/snapcore/snapd/overlord/devicestate/devicemgr.go:1677.23,1679.3 1 0
github.com/snapcore/snapd/overlord/devicestate/devicemgr.go:1681.2,1681.42 1 1
github.com/snapcore/snapd/overlord/devicestate/devicemgr.go:1681.42,1683.3 1 1
github.com/snapcore/snapd/overlord/devicestate/devicemgr.go:1684.2,1684.36 1 0
github.com/snapcore/snapd/overlord/devicestate/devicemgr.go:1684.36,1686.3 1 0
github.com/snapcore/snapd/overlord/devicestate/devicemgr.go:1688.2,1694.53 5 0
github.com/snapcore/snapd/overlord/devicestate/devicemgr.go:1694.53,1696.3 1 0
github.com/snapcore/snapd/overlord/devicestate/devicemgr.go:1697.2,1698.16 2 0
github.com/snapcore/snapd/overlord/devicestate/devicemgr.go:1698.16,1699.51 1 0
github.com/snapcore/snapd/overlord/devicestate/devicemgr.go:1699.51,1701.4 1 0
github.com/snapcore/snapd/overlord/devicestate/devicemgr.go:1703.3,1703.65 1 0
github.com/snapcore/snapd/overlord/devicestate/devicemgr.go:1705.2,1705.17 1 0
github.com/snapcore/snapd/overlord/devicestate/devicemgr.go:1706.44,1708.60 2 0
github.com/snapcore/snapd/overlord/devicestate/devicemgr.go:1708.60,1710.4 1 0
github.com/snapcore/snapd/overlord/devicestate/devicemgr.go:1711.44,1712.59 1 0
github.com/snapcore/snapd/overlord/devicestate/devicemgr.go:1713.49,1714.68 1 0
github.com/snapcore/snapd/overlord/devicestate/devicemgr.go:1715.46,1715.46 0 0
github.com/snapcore/snapd/overlord/devicestate/devicemgr.go:1718.2,1718.55 1 0
github.com/snapcore/snapd/overlord/devicestate/devicemgr.go:1718.55,1719.71 1 0
github.com/snapcore/snapd/overlord/devicestate/devicemgr.go:1719.71,1722.4 2 0
github.com/snapcore/snapd/overlord/devicestate/devicemgr.go:1725.2,1726.12 2 0
github.com/snapcore/snapd/overlord/devicestate/devicemgr.go:1729.56,1733.23 3 1
github.com/snapcore/snapd/overlord/devicestate/devicemgr.go:1733.23,1735.3 1 0
github.com/snapcore/snapd/overlord/devicestate/devicemgr.go:1737.2,1737.33 1 1
github.com/snapcore/snapd/overlord/devicestate/devicemgr.go:1737.33,1739.3 1 0
github.com/snapcore/snapd/overlord/devicestate/devicemgr.go:1741.2,1742.19 2 1
github.com/snapcore/snapd/overlord/devicestate/devicemgr.go:1742.19,1744.3 1 1
github.com/snapcore/snapd/overlord/devicestate/devicemgr.go:1746.2,1748.53 3 0
github.com/snapcore/snapd/overlord/devicestate/devicemgr.go:1748.53,1750.3 1 0
github.com/snapcore/snapd/overlord/devicestate/devicemgr.go:1751.2,1751.13 1 0
github.com/snapcore/snapd/overlord/devicestate/devicemgr.go:1751.13,1753.3 1 0
github.com/snapcore/snapd/overlord/devicestate/devicemgr.go:1755.2,1760.44 4 0
github.com/snapcore/snapd/overlord/devicestate/devicemgr.go:1760.44,1763.3 1 0
github.com/snapcore/snapd/overlord/devicestate/devicemgr.go:1765.2,1767.66 2 0
github.com/snapcore/snapd/overlord/devicestate/devicemgr.go:1767.66,1769.3 1 0
github.com/snapcore/snapd/overlord/devicestate/devicemgr.go:1772.2,1772.85 1 0
github.com/snapcore/snapd/overlord/devicestate/devicemgr.go:1772.85,1774.3 1 0
github.com/snapcore/snapd/overlord/devicestate/devicemgr.go:1776.2,1776.15 1 0
github.com/snapcore/snapd/overlord/devicestate/devicemgr.go:1776.15,1777.84 1 0
github.com/snapcore/snapd/overlord/devicestate/devicemgr.go:1777.84,1779.4 1 0
github.com/snapcore/snapd/overlord/devicestate/devicemgr.go:1782.2,1782.38 1 0
github.com/snapcore/snapd/overlord/devicestate/devicemgr.go:1787.59,1795.19 5 1
github.com/snapcore/snapd/overlord/devicestate/devicemgr.go:1795.19,1797.3 1 0
github.com/snapcore/snapd/overlord/devicestate/devicemgr.go:1800.2,1801.87 2 1
github.com/snapcore/snapd/overlord/devicestate/devicemgr.go:1801.87,1803.3 1 0
github.com/snapcore/snapd/overlord/devicestate/devicemgr.go:1804.2,1804.13 1 1
github.com/snapcore/snapd/overlord/devicestate/devicemgr.go:1804.13,1806.3 1 1
github.com/snapcore/snapd/overlord/devicestate/devicemgr.go:1808.2,1809.16 2 1
github.com/snapcore/snapd/overlord/devicestate/devicemgr.go:1809.16,1811.3 1 0
github.com/snapcore/snapd/overlord/devicestate/devicemgr.go:1813.2,1815.29 2 1
github.com/snapcore/snapd/overlord/devicestate/devicemgr.go:1815.29,1816.25 1 0
github.com/snapcore/snapd/overlord/devicestate/devicemgr.go:1816.25,1817.12 1 0
github.com/snapcore/snapd/overlord/devicestate/devicemgr.go:1821.3,1821.91 1 0
github.com/snapcore/snapd/overlord/devicestate/devicemgr.go:1821.91,1823.4 1 0
github.com/snapcore/snapd/overlord/devicestate/devicemgr.go:1825.2,1825.12 1 1
github.com/snapcore/snapd/overlord/devicestate/devicemgr.go:1832.38,1833.22 1 0
github.com/snapcore/snapd/overlord/devicestate/devicemgr.go:1833.22,1835.3 1 0
github.com/snapcore/snapd/overlord/devicestate/devicemgr.go:1836.2,1837.27 2 0
github.com/snapcore/snapd/overlord/devicestate/devicemgr.go:1837.27,1839.3 1 0
github.com/snapcore/snapd/overlord/devicestate/devicemgr.go:1840.2,1840.37 1 0
github.com/snapcore/snapd/overlord/devicestate/devicemgr.go:1847.40,1850.41 2 1
github.com/snapcore/snapd/overlord/devicestate/devicemgr.go:1850.41,1855.3 4 0
github.com/snapcore/snapd/overlord/devicestate/devicemgr.go:1857.2,1857.16 1 1
github.com/snapcore/snapd/overlord/devicestate/devicemgr.go:1857.16,1858.56 1 1
github.com/snapcore/snapd/overlord/devicestate/devicemgr.go:1858.56,1860.4 1 0
github.com/snapcore/snapd/overlord/devicestate/devicemgr.go:1865.3,1867.55 2 1
github.com/snapcore/snapd/overlord/devicestate/devicemgr.go:1867.55,1869.4 1 0
github.com/snapcore/snapd/overlord/devicestate/devicemgr.go:1871.3,1871.47 1 1
github.com/snapcore/snapd/overlord/devicestate/devicemgr.go:1871.47,1873.4 1 0
github.com/snapcore/snapd/overlord/devicestate/devicemgr.go:1875.3,1875.42 1 1
github.com/snapcore/snapd/overlord/devicestate/devicemgr.go:1875.42,1877.4 1 0
github.com/snapcore/snapd/overlord/devicestate/devicemgr.go:1879.3,1879.48 1 1
github.com/snapcore/snapd/overlord/devicestate/devicemgr.go:1879.48,1881.4 1 0
github.com/snapcore/snapd/overlord/devicestate/devicemgr.go:1883.3,1883.45 1 1
github.com/snapcore/snapd/overlord/devicestate/devicemgr.go:1883.45,1885.4 1 0
github.com/snapcore/snapd/overlord/devicestate/devicemgr.go:1887.3,1887.55 1 1
github.com/snapcore/snapd/overlord/devicestate/devicemgr.go:1887.55,1889.4 1 0
github.com/snapcore/snapd/overlord/devicestate/devicemgr.go:1891.3,1891.48 1 1
github.com/snapcore/snapd/overlord/devicestate/devicemgr.go:1891.48,1893.4 1 0
github.com/snapcore/snapd/overlord/devicestate/devicemgr.go:1895.3,1895.52 1 1
github.com/snapcore/snapd/overlord/devicestate/devicemgr.go:1895.52,1897.4 1 0
github.com/snapcore/snapd/overlord/devicestate/devicemgr.go:1899.3,1899.76 1 1
github.com/snapcore/snapd/overlord/devicestate/devicemgr.go:1899.76,1901.4 1 0
github.com/snapcore/snapd/overlord/devicestate/devicemgr.go:1903.3,1903.55 1 1
github.com/snapcore/snapd/overlord/devicestate/devicemgr.go:1903.55,1905.4 1 0
github.com/snapcore/snapd/overlord/devicestate/devicemgr.go:1908.2,1908.19 1 1
github.com/snapcore/snapd/overlord/devicestate/devicemgr.go:1908.19,1910.3 1 0
github.com/snapcore/snapd/overlord/devicestate/devicemgr.go:1912.2,1912.12 1 1
github.com/snapcore/snapd/overlord/devicestate/devicemgr.go:1916.48,1921.2 4 0
github.com/snapcore/snapd/overlord/devicestate/devicemgr.go:1928.59,1931.38 2 0
github.com/snapcore/snapd/overlord/devicestate/devicemgr.go:1931.38,1933.3 1 0
github.com/snapcore/snapd/overlord/devicestate/devicemgr.go:1934.2,1934.16 1 0
github.com/snapcore/snapd/overlord/devicestate/devicemgr.go:1934.16,1936.3 1 0
github.com/snapcore/snapd/overlord/devicestate/devicemgr.go:1937.2,1937.46 1 0
github.com/snapcore/snapd/overlord/devicestate/devicemgr.go:1937.46,1939.3 1 0
github.com/snapcore/snapd/overlord/devicestate/devicemgr.go:1941.2,1941.22 1 0
github.com/snapcore/snapd/overlord/devicestate/devicemgr.go:1941.22,1943.3 1 0
github.com/snapcore/snapd/overlord/devicestate/devicemgr.go:1945.2,1945.12 1 0
github.com/snapcore/snapd/overlord/devicestate/devicemgr.go:1952.81,1953.36 1 0
github.com/snapcore/snapd/overlord/devicestate/devicemgr.go:1953.36,1956.17 2 0
github.com/snapcore/snapd/overlord/devicestate/devicemgr.go:1956.17,1958.4 1 0
github.com/snapcore/snapd/overlord/devicestate/devicemgr.go:1959.3,1959.21 1 0
github.com/snapcore/snapd/overlord/devicestate/devicemgr.go:1968.84,1975.38 2 1
github.com/snapcore/snapd/overlord/devicestate/devicemgr.go:1975.38,1977.3 1 0
github.com/snapcore/snapd/overlord/devicestate/devicemgr.go:1978.2,1978.16 1 1
github.com/snapcore/snapd/overlord/devicestate/devicemgr.go:1978.16,1980.3 1 0
github.com/snapcore/snapd/overlord/devicestate/devicemgr.go:1981.2,1982.46 2 1
github.com/snapcore/snapd/overlord/devicestate/devicemgr.go:1982.46,1985.3 1 0
github.com/snapcore/snapd/overlord/devicestate/devicemgr.go:1986.2,1987.15 2 1
github.com/snapcore/snapd/overlord/devicestate/devicemgr.go:1987.15,1989.23 1 0
github.com/snapcore/snapd/overlord/devicestate/devicemgr.go:1989.23,1991.4 1 0
github.com/snapcore/snapd/overlord/devicestate/devicemgr.go:1992.3,1992.33 1 0
github.com/snapcore/snapd/overlord/devicestate/devicemgr.go:1994.2,1995.23 2 1
github.com/snapcore/snapd/overlord/devicestate/devicemgr.go:1995.23,1998.17 3 1
github.com/snapcore/snapd/overlord/devicestate/devicemgr.go:1998.17,2000.4 1 0
github.com/snapcore/snapd/overlord/devicestate/devicemgr.go:2001.3,2001.34 1 1
github.com/snapcore/snapd/overlord/devicestate/devicemgr.go:2003.2,2003.22 1 1
github.com/snapcore/snapd/overlord/devicestate/devicemgr.go:2006.63,2008.16 2 1
github.com/snapcore/snapd/overlord/devicestate/devicemgr.go:2008.16,2010.3 1 0
github.com/snapcore/snapd/overlord/devicestate/devicemgr.go:2012.2,2012.24 1 1
github.com/snapcore/snapd/overlord/devicestate/devicemgr.go:2012.24,2014.3 1 0
github.com/snapcore/snapd/overlord/devicestate/devicemgr.go:2016.2,2017.77 2 1
github.com/snapcore/snapd/overlord/devicestate/devicemgr.go:2017.77,2019.17 2 1
github.com/snapcore/snapd/overlord/devicestate/devicemgr.go:2019.17,2021.4 1 0
github.com/snapcore/snapd/overlord/devicestate/devicemgr.go:2022.3,2022.13 1 1
github.com/snapcore/snapd/overlord/devicestate/devicemgr.go:2024.2,2024.16 1 1
github.com/snapcore/snapd/overlord/devicestate/devicemgr.go:2024.16,2026.3 1 0
github.com/snapcore/snapd/overlord/devicestate/devicemgr.go:2027.2,2027.21 1 1
github.com/snapcore/snapd/overlord/devicestate/devicemgr.go:2031.103,2033.16 2 0
github.com/snapcore/snapd/overlord/devicestate/devicemgr.go:2033.16,2035.3 1 0
github.com/snapcore/snapd/overlord/devicestate/devicemgr.go:2037.2,2038.16 2 0
github.com/snapcore/snapd/overlord/devicestate/devicemgr.go:2038.16,2040.3 1 0
github.com/snapcore/snapd/overlord/devicestate/devicemgr.go:2042.2,2049.16 2 0
github.com/snapcore/snapd/overlord/devicestate/devicemgr.go:2049.16,2051.3 1 0
github.com/snapcore/snapd/overlord/devicestate/devicemgr.go:2053.2,2053.40 1 0
github.com/snapcore/snapd/overlord/devicestate/devicemgr.go:2057.54,2059.2 1 0
github.com/snapcore/snapd/overlord/devicestate/devicemgr.go:2067.67,2069.16 2 0
github.com/snapcore/snapd/overlord/devicestate/devicemgr.go:2069.16,2071.3 1 0
github.com/snapcore/snapd/overlord/devicestate/devicemgr.go:2072.2,2072.86 1 0
github.com/snapcore/snapd/overlord/devicestate/devicemgr.go:2072.86,2074.3 1 0
github.com/snapcore/snapd/overlord/devicestate/devicemgr.go:2076.2,2076.17 1 0
github.com/snapcore/snapd/overlord/devicestate/devicemgr.go:2076.17,2078.3 1 0
github.com/snapcore/snapd/overlord/devicestate/devicemgr.go:2079.2,2079.36 1 0
github.com/snapcore/snapd/overlord/devicestate/devicemgr.go:2079.36,2080.60 1 0
github.com/snapcore/snapd/overlord/devicestate/devicemgr.go:2080.60,2082.4 1 0
github.com/snapcore/snapd/overlord/devicestate/devicemgr.go:2083.3,2083.95 1 0
github.com/snapcore/snapd/overlord/devicestate/devicemgr.go:2083.95,2085.4 1 0
github.com/snapcore/snapd/overlord/devicestate/devicemgr.go:2087.2,2091.44 5 0
github.com/snapcore/snapd/overlord/devicestate/devicemgr.go:2091.44,2093.3 1 0
github.com/snapcore/snapd/overlord/devicestate/devicemgr.go:2095.2,2098.71 3 0
github.com/snapcore/snapd/overlord/devicestate/devicemgr.go:2098.71,2100.17 2 0
github.com/snapcore/snapd/overlord/devicestate/devicemgr.go:2100.17,2102.4 1 0
github.com/snapcore/snapd/overlord/devicestate/devicemgr.go:2103.3,2103.13 1 0
github.com/snapcore/snapd/overlord/devicestate/devicemgr.go:2106.2,2108.12 3 0
github.com/snapcore/snapd/overlord/devicestate/devicemgr.go:2112.61,2114.2 1 1
github.com/snapcore/snapd/overlord/devicestate/devicemgr.go:2117.67,2119.2 1 1
github.com/snapcore/snapd/overlord/devicestate/devicemgr.go:2122.57,2124.2 1 1
github.com/snapcore/snapd/overlord/devicestate/devicemgr.go:2127.59,2129.2 1 0
github.com/snapcore/snapd/overlord/devicestate/devicemgr.go:2132.73,2134.16 2 0
github.com/snapcore/snapd/overlord/devicestate/devicemgr.go:2134.16,2136.3 1 0
github.com/snapcore/snapd/overlord/devicestate/devicemgr.go:2138.2,2144.46 3 0
github.com/snapcore/snapd/overlord/devicestate/devicemgr.go:2144.46,2146.3 1 0
github.com/snapcore/snapd/overlord/devicestate/devicemgr.go:2147.2,2147.16 1 0
github.com/snapcore/snapd/overlord/devicestate/devicemgr.go:2147.16,2149.3 1 0
github.com/snapcore/snapd/overlord/devicestate/devicemgr.go:2151.2,2153.32 3 0
github.com/snapcore/snapd/overlord/devicestate/devicemgr.go:2153.32,2155.3 1 0
github.com/snapcore/snapd/overlord/devicestate/devicemgr.go:2157.2,2157.16 1 0
github.com/snapcore/snapd/overlord/devicestate/devicemgr.go:2169.67,2171.38 2 0
github.com/snapcore/snapd/overlord/devicestate/devicemgr.go:2171.38,2173.3 1 0
github.com/snapcore/snapd/overlord/devicestate/devicemgr.go:2174.2,2174.16 1 0
github.com/snapcore/snapd/overlord/devicestate/devicemgr.go:2174.16,2176.3 1 0
github.com/snapcore/snapd/overlord/devicestate/devicemgr.go:2178.2,2180.53 3 0
github.com/snapcore/snapd/overlord/devicestate/devicemgr.go:2180.53,2182.3 1 0
github.com/snapcore/snapd/overlord/devicestate/devicemgr.go:2184.2,2190.20 3 0
github.com/snapcore/snapd/overlord/devicestate/devicemgr.go:2190.20,2192.17 2 0
github.com/snapcore/snapd/overlord/devicestate/devicemgr.go:2192.17,2194.4 1 0
github.com/snapcore/snapd/overlord/devicestate/devicemgr.go:2195.3,2198.17 3 0
github.com/snapcore/snapd/overlord/devicestate/devicemgr.go:2198.17,2200.4 1 0
github.com/snapcore/snapd/overlord/devicestate/devicemgr.go:2201.3,2201.39 1 0
github.com/snapcore/snapd/overlord/devicestate/devicemgr.go:2203.2,2203.18 1 0
github.com/snapcore/snapd/overlord/devicestate/devicemgr.go:2253.54,2262.2 3 0
github.com/snapcore/snapd/overlord/devicestate/devicemgr.go:2264.54,2271.39 4 0
github.com/snapcore/snapd/overlord/devicestate/devicemgr.go:2271.39,2273.3 1 0
github.com/snapcore/snapd/overlord/devicestate/devicemgr.go:2274.2,2274.28 1 0
github.com/snapcore/snapd/overlord/devicestate/devicemgr.go:2274.28,2277.3 1 0
github.com/snapcore/snapd/overlord/devicestate/devicemgr.go:2279.2,2280.53 2 0
github.com/snapcore/snapd/overlord/devicestate/devicemgr.go:2280.53,2282.3 1 0
github.com/snapcore/snapd/overlord/devicestate/devicemgr.go:2284.2,2285.39 2 0
github.com/snapcore/snapd/overlord/devicestate/devicemgr.go:2285.39,2288.17 3 0
github.com/snapcore/snapd/overlord/devicestate/devicemgr.go:2288.17,2292.12 2 0
github.com/snapcore/snapd/overlord/devicestate/devicemgr.go:2294.3,2294.36 1 0
github.com/snapcore/snapd/overlord/devicestate/devicemgr.go:2296.2,2296.21 1 0
github.com/snapcore/snapd/overlord/devicestate/devicemgr.go:2317.66,2320.2 2 0
github.com/snapcore/snapd/overlord/devicestate/devicemgr.go:2337.66,2338.24 1 0
github.com/snapcore/snapd/overlord/devicestate/devicemgr.go:2338.24,2340.3 1 0
github.com/snapcore/snapd/overlord/devicestate/devicemgr.go:2341.2,2342.103 2 0
github.com/snapcore/snapd/overlord/devicestate/devicemgr.go:2366.66,2372.16 2 0
github.com/snapcore/snapd/overlord/devicestate/devicemgr.go:2372.16,2374.3 1 0
github.com/snapcore/snapd/overlord/devicestate/devicemgr.go:2377.2,2378.16 2 0
github.com/snapcore/snapd/overlord/devicestate/devicemgr.go:2378.16,2380.3 1 0
github.com/snapcore/snapd/overlord/devicestate/devicemgr.go:2381.2,2382.16 2 0
github.com/snapcore/snapd/overlord/devicestate/devicemgr.go:2382.16,2384.3 1 0
github.com/snapcore/snapd/overlord/devicestate/devicemgr.go:2387.2,2395.16 2 0
github.com/snapcore/snapd/overlord/devicestate/devicemgr.go:2395.16,2397.3 1 0
github.com/snapcore/snapd/overlord/devicestate/devicemgr.go:2400.2,2403.80 2 0
github.com/snapcore/snapd/overlord/devicestate/devicemgr.go:2403.80,2405.3 1 0
github.com/snapcore/snapd/overlord/devicestate/devicemgr.go:2407.2,2407.56 1 0
github.com/snapcore/snapd/overlord/devicestate/devicemgr.go:2421.81,2426.2 3 0
github.com/snapcore/snapd/overlord/devicestate/devicemgr.go:2428.81,2430.79 2 0
github.com/snapcore/snapd/overlord/devicestate/devicemgr.go:2430.79,2432.3 1 0
github.com/snapcore/snapd/overlord/devicestate/devicemgr.go:2433.2,2433.28 1 0
github.com/snapcore/snapd/overlord/devicestate/devicemgr.go:2442.153,2446.9 3 0
github.com/snapcore/snapd/overlord/devicestate/devicemgr.go:2446.9,2450.3 3 0
github.com/snapcore/snapd/overlord/devicestate/devicemgr.go:2452.2,2453.53 2 0
github.com/snapcore/snapd/overlord/devicestate/devicemgr.go:2453.53,2455.3 1 0
github.com/snapcore/snapd/overlord/devicestate/devicemgr.go:2457.2,2458.16 2 0
github.com/snapcore/snapd/overlord/devicestate/devicemgr.go:2458.16,2460.3 1 0
github.com/snapcore/snapd/overlord/devicestate/devicemgr.go:2463.2,2464.57 2 0
github.com/snapcore/snapd/overlord/devicestate/devicemgr.go:2464.57,2466.3 1 0
github.com/snapcore/snapd/overlord/devicestate/devicemgr.go:2471.2,2475.46 5 0
github.com/snapcore/snapd/overlord/devicestate/devicemgr.go:2475.46,2477.26 2 0
github.com/snapcore/snapd/overlord/devicestate/devicemgr.go:2477.26,2479.4 1 0
github.com/snapcore/snapd/overlord/devicestate/devicemgr.go:2480.3,2481.17 2 0
github.com/snapcore/snapd/overlord/devicestate/devicemgr.go:2481.17,2483.4 1 0
github.com/snapcore/snapd/overlord/devicestate/devicemgr.go:2484.3,2485.17 2 0
github.com/snapcore/snapd/overlord/devicestate/devicemgr.go:2485.17,2487.4 1 0
github.com/snapcore/snapd/overlord/devicestate/devicemgr.go:2488.3,2488.31 1 0
github.com/snapcore/snapd/overlord/devicestate/devicemgr.go:2488.31,2490.4 1 0
github.com/snapcore/snapd/overlord/devicestate/devicemgr.go:2492.3,2493.17 2 0
github.com/snapcore/snapd/overlord/devicestate/devicemgr.go:2493.17,2496.4 1 0
github.com/snapcore/snapd/overlord/devicestate/devicemgr.go:2497.3,2498.38 2 0
github.com/snapcore/snapd/overlord/devicestate/devicemgr.go:2498.38,2500.46 2 0
github.com/snapcore/snapd/overlord/devicestate/devicemgr.go:2500.46,2503.19 3 0
github.com/snapcore/snapd/overlord/devicestate/devicemgr.go:2503.19,2505.6 1 0
github.com/snapcore/snapd/overlord/devicestate/devicemgr.go:2506.5,2508.19 2 0
github.com/snapcore/snapd/overlord/devicestate/devicemgr.go:2508.19,2510.6 1 0
github.com/snapcore/snapd/overlord/devicestate/devicemgr.go:2511.5,2514.7 1 0
github.com/snapcore/snapd/overlord/devicestate/devicemgr.go:2517.3,2517.54 1 0
github.com/snapcore/snapd/overlord/devicestate/devicemgr.go:2517.54,2519.18 2 0
github.com/snapcore/snapd/overlord/devicestate/devicemgr.go:2519.18,2521.5 1 0
github.com/snapcore/snapd/overlord/devicestate/devicemgr.go:2522.4,2522.15 1 0
github.com/snapcore/snapd/overlord/devicestate/devicemgr.go:2523.24,2524.52 1 0
github.com/snapcore/snapd/overlord/devicestate/devicemgr.go:2525.25,2526.61 1 0
github.com/snapcore/snapd/overlord/devicestate/devicemgr.go:2529.3,2531.36 3 0
github.com/snapcore/snapd/overlord/devicestate/devicemgr.go:2533.2,2533.34 1 0
github.com/snapcore/snapd/overlord/devicestate/devicemgr.go:2533.34,2535.3 1 0
github.com/snapcore/snapd/overlord/devicestate/devicemgr.go:2537.2,2544.8 1 0
github.com/snapcore/snapd/overlord/devicestate/devicemgr.go:2559.64,2560.26 1 0
github.com/snapcore/snapd/overlord/devicestate/devicemgr.go:2560.26,2563.3 2 0
github.com/snapcore/snapd/overlord/devicestate/devicemgr.go:2566.2,2566.37 1 0
github.com/snapcore/snapd/overlord/devicestate/devicemgr.go:2566.37,2572.3 4 0
github.com/snapcore/snapd/overlord/devicestate/devicemgr.go:2576.2,2576.23 1 0
github.com/snapcore/snapd/overlord/devicestate/devicemgr.go:2576.23,2578.17 2 0
github.com/snapcore/snapd/overlord/devicestate/devicemgr.go:2578.17,2580.4 1 0
github.com/snapcore/snapd/overlord/devicestate/devicemgr.go:2582.3,2582.29 1 0
github.com/snapcore/snapd/overlord/devicestate/devicemgr.go:2585.2,2585.64 1 0
github.com/snapcore/snapd/overlord/devicestate/devicemgr.go:2585.64,2588.3 2 0
github.com/snapcore/snapd/overlord/devicestate/devicemgr.go:2591.2,2591.76 1 0
github.com/snapcore/snapd/overlord/devicestate/devicemgr.go:2594.95,2598.14 3 0
github.com/snapcore/snapd/overlord/devicestate/devicemgr.go:2599.45,2601.54 2 0
github.com/snapcore/snapd/overlord/devicestate/devicemgr.go:2601.54,2603.4 1 0
github.com/snapcore/snapd/overlord/devicestate/devicemgr.go:2605.3,2605.35 1 0
github.com/snapcore/snapd/overlord/devicestate/devicemgr.go:2605.35,2607.4 1 0
github.com/snapcore/snapd/overlord/devicestate/devicemgr.go:2612.3,2612.14 1 0
github.com/snapcore/snapd/overlord/devicestate/devicemgr.go:2613.13,2616.17 3 0
github.com/snapcore/snapd/overlord/devicestate/devicemgr.go:2616.17,2618.4 1 0
github.com/snapcore/snapd/overlord/devicestate/devicemgr.go:2620.3,2620.32 1 0
github.com/snapcore/snapd/overlord/devicestate/devicemgr.go:2621.10,2622.34 1 0
github.com/snapcore/snapd/overlord/devicestate/devicemgr.go:2630.92,2631.23 1 0
github.com/snapcore/snapd/overlord/devicestate/devicemgr.go:2631.23,2633.3 1 0
github.com/snapcore/snapd/overlord/devicestate/devicemgr.go:2635.2,2635.16 1 0
github.com/snapcore/snapd/overlord/devicestate/devicemgr.go:2635.17,2635.18 0 0
github.com/snapcore/snapd/overlord/devicestate/devicemgr.go:2636.2,2636.64 1 0
github.com/snapcore/snapd/overlord/devicestate/devicemgr.go:2636.64,2639.3 2 0
github.com/snapcore/snapd/overlord/devicestate/devicemgr.go:2641.2,2641.73 1 0
github.com/snapcore/snapd/overlord/devicestate/devicemgr.go:2648.165,2649.73 1 0
github.com/snapcore/snapd/overlord/devicestate/devicemgr.go:2649.73,2651.3 1 0
github.com/snapcore/snapd/overlord/devicestate/devicemgr.go:2653.2,2664.53 6 0
github.com/snapcore/snapd/overlord/devicestate/devicemgr.go:2664.53,2666.3 1 0
github.com/snapcore/snapd/overlord/devicestate/devicemgr.go:2668.2,2669.50 2 0
github.com/snapcore/snapd/overlord/devicestate/devicemgr.go:2669.50,2672.3 1 0
github.com/snapcore/snapd/overlord/devicestate/devicemgr.go:2673.2,2674.16 2 0
github.com/snapcore/snapd/overlord/devicestate/devicemgr.go:2674.16,2676.3 1 0
github.com/snapcore/snapd/overlord/devicestate/devicemgr.go:2678.2,2679.37 2 0
github.com/snapcore/snapd/overlord/devicestate/devicemgr.go:2679.37,2680.23 1 0
github.com/snapcore/snapd/overlord/devicestate/devicemgr.go:2680.23,2682.9 2 0
github.com/snapcore/snapd/overlord/devicestate/devicemgr.go:2685.2,2685.22 1 0
github.com/snapcore/snapd/overlord/devicestate/devicemgr.go:2685.22,2688.3 1 0
github.com/snapcore/snapd/overlord/devicestate/devicemgr.go:2693.2,2693.20 1 0
github.com/snapcore/snapd/overlord/devicestate/devicemgr.go:2694.24,2697.92 1 0
github.com/snapcore/snapd/overlord/devicestate/devicemgr.go:2697.92,2702.4 4 0
github.com/snapcore/snapd/overlord/devicestate/devicemgr.go:2703.34,2709.30 1 0
github.com/snapcore/snapd/overlord/devicestate/devicemgr.go:2710.10,2713.85 1 0
github.com/snapcore/snapd/overlord/devicestate/devicemgr.go:2716.2,2720.16 4 0
github.com/snapcore/snapd/overlord/devicestate/devicemgr.go:2720.16,2722.3 1 0
github.com/snapcore/snapd/overlord/devicestate/devicemgr.go:2723.2,2723.88 1 0
github.com/snapcore/snapd/overlord/devicestate/devicemgr.go:2723.88,2725.3 1 0
github.com/snapcore/snapd/overlord/devicestate/devicemgr.go:2727.2,2728.12 2 0
github.com/snapcore/snapd/overlord/devicestate/devicemgr.go:2737.68,2739.2 1 0
github.com/snapcore/snapd/overlord/devicestate/devicemgr.go:2741.74,2743.2 1 0
github.com/snapcore/snapd/overlord/devicestate/devicemgr.go:2745.69,2748.2 2 0
github.com/snapcore/snapd/overlord/devicestate/devicemgr.go:2750.61,2754.69 3 0
github.com/snapcore/snapd/overlord/devicestate/devicemgr.go:2754.69,2756.3 1 0
github.com/snapcore/snapd/overlord/devicestate/devicemgr.go:2758.2,2758.18 1 0
github.com/snapcore/snapd/overlord/devicestate/devicemgr.go:2758.18,2760.3 1 0
github.com/snapcore/snapd/overlord/devicestate/devicemgr.go:2762.2,2762.33 1 0
github.com/snapcore/snapd/overlord/devicestate/devicemgr.go:2766.134,2767.19 1 0
github.com/snapcore/snapd/overlord/devicestate/devicemgr.go:2767.19,2770.3 1 0
github.com/snapcore/snapd/overlord/devicestate/devicemgr.go:2772.2,2773.38 2 0
github.com/snapcore/snapd/overlord/devicestate/devicemgr.go:2773.38,2775.3 1 0
github.com/snapcore/snapd/overlord/devicestate/devicemgr.go:2776.2,2776.16 1 0
github.com/snapcore/snapd/overlord/devicestate/devicemgr.go:2776.16,2778.3 1 0
github.com/snapcore/snapd/overlord/devicestate/devicemgr.go:2780.2,2787.16 2 0
github.com/snapcore/snapd/overlord/devicestate/devicemgr.go:2787.16,2789.3 1 0
github.com/snapcore/snapd/overlord/devicestate/devicemgr.go:2791.2,2791.47 1 0
github.com/snapcore/snapd/overlord/devicestate/devicemgr.go:2794.68,2796.2 1 0
github.com/snapcore/snapd/overlord/devicestate/devicemgr.go:2800.81,2801.27 1 0
github.com/snapcore/snapd/overlord/devicestate/devicemgr.go:2801.27,2803.3 1 0
github.com/snapcore/snapd/overlord/devicestate/devicemgr.go:2804.2,2804.46 1 0
github.com/snapcore/snapd/overlord/devicestate/devicemgr.go:2804.46,2808.3 3 0
github.com/snapcore/snapd/overlord/devicestate/devicemgr.go:2810.2,2812.50 3 0
github.com/snapcore/snapd/overlord/devicestate/devicemgr.go:2812.50,2816.3 2 0
github.com/snapcore/snapd/overlord/devicestate/devicemgr.go:2817.2,2817.16 1 0
github.com/snapcore/snapd/overlord/devicestate/devicemgr.go:2817.16,2819.3 1 0
github.com/snapcore/snapd/overlord/devicestate/devicemgr.go:2821.2,2821.30 1 0
github.com/snapcore/snapd/overlord/devicestate/devicemgr.go:2824.109,2829.16 3 0
github.com/snapcore/snapd/overlord/devicestate/devicemgr.go:2829.16,2831.3 1 0
github.com/snapcore/snapd/overlord/devicestate/devicemgr.go:2833.2,2833.23 1 0
github.com/snapcore/snapd/overlord/devicestate/devicemgr.go:2833.23,2836.17 3 0
github.com/snapcore/snapd/overlord/devicestate/devicemgr.go:2836.17,2838.4 1 0
github.com/snapcore/snapd/overlord/devicestate/devicemgr.go:2841.2,2841.48 1 0
github.com/snapcore/snapd/overlord/devicestate/devicemgr.go:2841.48,2843.3 1 0
github.com/snapcore/snapd/overlord/devicestate/devicemgr.go:2845.2,2845.33 1 0
github.com/snapcore/snapd/overlord/devicestate/devicemgr.go:2845.33,2847.3 1 0
github.com/snapcore/snapd/overlord/devicestate/devicemgr.go:2849.2,2849.39 1 0
github.com/snapcore/snapd/overlord/devicestate/devicemgr.go:2852.80,2861.16 3 0
github.com/snapcore/snapd/overlord/devicestate/devicemgr.go:2861.16,2863.3 1 0
github.com/snapcore/snapd/overlord/devicestate/devicemgr.go:2864.2,2865.16 2 0
github.com/snapcore/snapd/overlord/devicestate/devicemgr.go:2865.16,2867.3 1 0
github.com/snapcore/snapd/overlord/devicestate/devicemgr.go:2868.2,2881.16 6 0
github.com/snapcore/snapd/overlord/devicestate/devicemgr.go:2881.16,2883.3 1 0
github.com/snapcore/snapd/overlord/devicestate/devicemgr.go:2886.2,2890.16 5 0
github.com/snapcore/snapd/overlord/devicestate/devicemgr.go:2890.16,2892.3 1 0
github.com/snapcore/snapd/overlord/devicestate/devicemgr.go:2893.2,2893.24 1 0
github.com/snapcore/snapd/overlord/devicestate/devicemgr.go:2900.67,2902.2 1 0
github.com/snapcore/snapd/overlord/devicestate/devicemgr.go:2904.41,2906.2 1 0
github.com/snapcore/snapd/overlord/devicestate/devicemgr.go:2908.39,2910.2 1 0
github.com/snapcore/snapd/overlord/devicestate/devicemgr.go:2912.57,2914.2 1 0
github.com/snapcore/snapd/overlord/devicestate/devicemgr.go:2925.90,2927.16 2 0
github.com/snapcore/snapd/overlord/devicestate/devicemgr.go:2927.16,2929.3 1 0
github.com/snapcore/snapd/overlord/devicestate/devicemgr.go:2930.2,2934.23 4 0
github.com/snapcore/snapd/overlord/devicestate/devicemgr.go:2934.23,2936.3 1 0
github.com/snapcore/snapd/overlord/devicestate/devicemgr.go:2936.8,2936.26 1 0
github.com/snapcore/snapd/overlord/devicestate/devicemgr.go:2936.26,2938.3 1 0
github.com/snapcore/snapd/overlord/devicestate/devicemgr.go:2940.2,2943.41 3 0
github.com/snapcore/snapd/overlord/devicestate/devicemgr.go:2943.41,2945.17 2 0
github.com/snapcore/snapd/overlord/devicestate/devicemgr.go:2945.17,2947.4 1 0
github.com/snapcore/snapd/overlord/devicestate/devicemgr.go:2948.3,2951.17 3 0
github.com/snapcore/snapd/overlord/devicestate/devicemgr.go:2951.17,2953.4 1 0
github.com/snapcore/snapd/overlord/devicestate/devicemgr.go:2954.3,2955.22 2 0
github.com/snapcore/snapd/overlord/devicestate/devicemgr.go:2957.2,2957.45 1 0
github.com/snapcore/snapd/overlord/devicestate/devicemgr.go:2957.45,2959.3 1 0
github.com/snapcore/snapd/overlord/devicestate/devicemgr.go:2960.2,2961.16 2 0
github.com/snapcore/snapd/overlord/devicestate/devicemgr.go:2961.16,2963.3 1 0
github.com/snapcore/snapd/overlord/devicestate/devicemgr.go:2964.2,2964.31 1 0
github.com/snapcore/snapd/overlord/devicestate/devicemgr.go:2964.31,2967.3 1 0
github.com/snapcore/snapd/overlord/devicestate/devicemgr.go:2968.2,2969.22 2 0
github.com/snapcore/snapd/overlord/devicestate/devicemgr.go:2969.22,2971.3 1 0
github.com/snapcore/snapd/overlord/devicestate/devicemgr.go:2972.2,2984.16 3 0
github.com/snapcore/snapd/overlord/devicestate/devicemgr.go:2984.16,2986.3 1 0
github.com/snapcore/snapd/overlord/devicestate/devicemgr.go:2987.2,2988.21 2 0
github.com/snapcore/snapd/overlord/devicestate/devicemgr.go:2992.52,2994.19 2 0
github.com/snapcore/snapd/overlord/devicestate/devicemgr.go:2994.19,2996.3 1 0
github.com/snapcore/snapd/overlord/devicestate/devicemgr.go:2997.2,2997.54 1 0
github.com/snapcore/snapd/overlord/devicestate/devicemgr.go:2997.54,2999.3 1 0
github.com/snapcore/snapd/overlord/devicestate/devicemgr.go:3000.2,3001.16 2 0
github.com/snapcore/snapd/overlord/devicestate/devicemgr.go:3001.16,3003.3 1 0
github.com/snapcore/snapd/overlord/devicestate/devicemgr.go:3004.2,3007.16 3 0
github.com/snapcore/snapd/overlord/devicestate/devicemgr.go:3007.16,3009.3 1 0
github.com/snapcore/snapd/overlord/devicestate/devicemgr.go:3010.2,3018.42 5 0
github.com/snapcore/snapd/overlord/devicestate/devicemgr.go:3018.42,3020.3 1 0
github.com/snapcore/snapd/overlord/devicestate/devicemgr.go:3021.2,3022.22 2 0
github.com/snapcore/snapd/overlord/devicestate/devicemgr.go:3022.22,3024.3 1 0
github.com/snapcore/snapd/overlord/devicestate/devicemgr.go:3025.2,3030.54 2 0
github.com/snapcore/snapd/overlord/devicestate/devicemgr.go:3036.158,3040.16 3 0
github.com/snapcore/snapd/overlord/devicestate/devicemgr.go:3040.16,3042.3 1 0
github.com/snapcore/snapd/overlord/devicestate/devicemgr.go:3043.2,3044.16 2 0
github.com/snapcore/snapd/overlord/devicestate/devicemgr.go:3044.16,3046.3 1 0
github.com/snapcore/snapd/overlord/devicestate/devicemgr.go:3047.2,3048.16 2 0
github.com/snapcore/snapd/overlord/devicestate/devicemgr.go:3048.16,3050.3 1 0
github.com/snapcore/snapd/overlord/devicestate/devicemgr.go:3052.2,3057.23 1 0
github.com/snapcore/snapd/overlord/devicestate/devicemgr.go:3061.181,3069.2 1 0
github.com/snapcore/snapd/overlord/devicestate/devicemgr.go:3072.179,3079.2 1 0
github.com/snapcore/snapd/overlord/devicestate/devicemgr.go:3105.43,3107.56 1 0
github.com/snapcore/snapd/overlord/devicestate/devicemgr.go:3107.56,3109.3 1 0
github.com/snapcore/snapd/overlord/devicestate/devicemgr.go:3111.2,3113.36 2 0
github.com/snapcore/snapd/overlord/devicestate/devicemgr.go:3113.36,3116.41 1 0
github.com/snapcore/snapd/overlord/devicestate/devicemgr.go:3116.41,3118.4 1 0
github.com/snapcore/snapd/overlord/devicestate/devicemgr.go:3119.3,3120.26 2 0
github.com/snapcore/snapd/overlord/devicestate/devicemgr.go:3120.26,3122.4 1 0
github.com/snapcore/snapd/overlord/devicestate/devicemgr.go:3123.3,3123.42 1 0
github.com/snapcore/snapd/overlord/devicestate/devicemgr.go:3124.8,3124.67 1 0
github.com/snapcore/snapd/overlord/devicestate/devicemgr.go:3124.67,3128.3 1 0
github.com/snapcore/snapd/overlord/devicestate/devicemgr.go:3133.2,3134.16 2 0
github.com/snapcore/snapd/overlord/devicestate/devicemgr.go:3134.16,3136.3 1 0
github.com/snapcore/snapd/overlord/devicestate/devicemgr.go:3137.2,3137.22 1 0
github.com/snapcore/snapd/overlord/devicestate/devicemgr.go:3143.132,3146.2 2 0
github.com/snapcore/snapd/overlord/devicestate/devicemgr.go:3149.134,3153.2 3 0
github.com/snapcore/snapd/overlord/devicestate/devicemgr.go:3156.132,3158.2 1 0
github.com/snapcore/snapd/overlord/devicestate/devicemgr.go:3161.115,3165.2 3 0
github.com/snapcore/snapd/overlord/devicestate/devicemgr.go:3168.113,3170.19 2 0
github.com/snapcore/snapd/overlord/devicestate/devicemgr.go:3170.19,3172.9 2 0
github.com/snapcore/snapd/overlord/devicestate/devicemgr.go:3172.9,3174.4 1 0
github.com/snapcore/snapd/overlord/devicestate/devicemgr.go:3176.2,3176.12 1 0
github.com/snapcore/snapd/overlord/devicestate/devicestate.go:84.57,86.16 2 1
github.com/snapcore/snapd/overlord/devicestate/devicestate.go:86.16,88.3 1 0
github.com/snapcore/snapd/overlord/devicestate/devicestate.go:90.2,90.46 1 1
github.com/snapcore/snapd/overlord/devicestate/devicestate.go:90.46,92.3 1 1
github.com/snapcore/snapd/overlord/devicestate/devicestate.go:94.2,99.46 2 1
github.com/snapcore/snapd/overlord/devicestate/devicestate.go:99.46,101.3 1 0
github.com/snapcore/snapd/overlord/devicestate/devicestate.go:102.2,102.16 1 1
github.com/snapcore/snapd/overlord/devicestate/devicestate.go:102.16,104.3 1 0
github.com/snapcore/snapd/overlord/devicestate/devicestate.go:106.2,106.32 1 1
github.com/snapcore/snapd/overlord/devicestate/devicestate.go:110.85,111.19 1 0
github.com/snapcore/snapd/overlord/devicestate/devicestate.go:111.19,114.17 3 0
github.com/snapcore/snapd/overlord/devicestate/devicestate.go:114.17,116.4 1 0
github.com/snapcore/snapd/overlord/devicestate/devicestate.go:119.2,119.25 1 0
github.com/snapcore/snapd/overlord/devicestate/devicestate.go:119.25,121.3 1 0
github.com/snapcore/snapd/overlord/devicestate/devicestate.go:123.2,128.46 2 0
github.com/snapcore/snapd/overlord/devicestate/devicestate.go:128.46,130.3 1 0
github.com/snapcore/snapd/overlord/devicestate/devicestate.go:131.2,131.16 1 0
github.com/snapcore/snapd/overlord/devicestate/devicestate.go:131.16,133.3 1 0
github.com/snapcore/snapd/overlord/devicestate/devicestate.go:135.2,135.33 1 0
github.com/snapcore/snapd/overlord/devicestate/devicestate.go:140.97,146.46 2 0
github.com/snapcore/snapd/overlord/devicestate/devicestate.go:146.46,148.3 1 0
github.com/snapcore/snapd/overlord/devicestate/devicestate.go:149.2,149.16 1 0
github.com/snapcore/snapd/overlord/devicestate/devicestate.go:149.16,151.3 1 0
github.com/snapcore/snapd/overlord/devicestate/devicestate.go:152.2,152.26 1 0
github.com/snapcore/snapd/overlord/devicestate/devicestate.go:156.52,160.13 3 0
github.com/snapcore/snapd/overlord/devicestate/devicestate.go:160.13,162.3 1 0
github.com/snapcore/snapd/overlord/devicestate/devicestate.go:166.2,168.50 3 0
github.com/snapcore/snapd/overlord/devicestate/devicestate.go:168.50,170.3 1 0
github.com/snapcore/snapd/overlord/devicestate/devicestate.go:175.2,175.40 1 0
github.com/snapcore/snapd/overlord/devicestate/devicestate.go:175.40,177.3 1 0
github.com/snapcore/snapd/overlord/devicestate/devicestate.go:181.2,182.38 2 0
github.com/snapcore/snapd/overlord/devicestate/devicestate.go:182.38,184.3 1 0
github.com/snapcore/snapd/overlord/devicestate/devicestate.go:185.2,185.16 1 0
github.com/snapcore/snapd/overlord/devicestate/devicestate.go:185.16,187.3 1 0
github.com/snapcore/snapd/overlord/devicestate/devicestate.go:189.2,190.38 2 0
github.com/snapcore/snapd/overlord/devicestate/devicestate.go:190.38,192.3 1 0
github.com/snapcore/snapd/overlord/devicestate/devicestate.go:193.2,193.16 1 0
github.com/snapcore/snapd/overlord/devicestate/devicestate.go:193.16,195.3 1 0
github.com/snapcore/snapd/overlord/devicestate/devicestate.go:197.2,197.18 1 0
github.com/snapcore/snapd/overlord/devicestate/devicestate.go:200.155,204.25 4 0
github.com/snapcore/snapd/overlord/devicestate/devicestate.go:205.23,208.36 3 0
github.com/snapcore/snapd/overlord/devicestate/devicestate.go:209.23,210.32 1 0
github.com/snapcore/snapd/overlord/devicestate/devicestate.go:210.32,212.4 1 0
github.com/snapcore/snapd/overlord/devicestate/devicestate.go:214.3,216.36 3 0
github.com/snapcore/snapd/overlord/devicestate/devicestate.go:217.10,219.13 1 0
github.com/snapcore/snapd/overlord/devicestate/devicestate.go:222.2,224.27 2 0
github.com/snapcore/snapd/overlord/devicestate/devicestate.go:224.27,226.17 2 0
github.com/snapcore/snapd/overlord/devicestate/devicestate.go:226.17,228.4 1 0
github.com/snapcore/snapd/overlord/devicestate/devicestate.go:229.3,230.63 2 0
github.com/snapcore/snapd/overlord/devicestate/devicestate.go:230.63,232.4 1 0
github.com/snapcore/snapd/overlord/devicestate/devicestate.go:233.8,235.3 1 0
github.com/snapcore/snapd/overlord/devicestate/devicestate.go:237.2,238.16 2 0
github.com/snapcore/snapd/overlord/devicestate/devicestate.go:238.16,240.3 1 0
github.com/snapcore/snapd/overlord/devicestate/devicestate.go:241.2,241.11 1 0
github.com/snapcore/snapd/overlord/devicestate/devicestate.go:241.11,244.3 1 0
github.com/snapcore/snapd/overlord/devicestate/devicestate.go:247.2,248.24 2 0
github.com/snapcore/snapd/overlord/devicestate/devicestate.go:248.24,250.3 1 0
github.com/snapcore/snapd/overlord/devicestate/devicestate.go:252.2,252.52 1 0
github.com/snapcore/snapd/overlord/devicestate/devicestate.go:252.52,254.3 1 0
github.com/snapcore/snapd/overlord/devicestate/devicestate.go:256.2,256.45 1 0
github.com/snapcore/snapd/overlord/devicestate/devicestate.go:256.45,258.3 1 0
github.com/snapcore/snapd/overlord/devicestate/devicestate.go:260.2,260.12 1 0
github.com/snapcore/snapd/overlord/devicestate/devicestate.go:263.150,264.40 1 0
github.com/snapcore/snapd/overlord/devicestate/devicestate.go:264.40,267.3 1 0
github.com/snapcore/snapd/overlord/devicestate/devicestate.go:268.2,268.31 1 0
github.com/snapcore/snapd/overlord/devicestate/devicestate.go:268.31,272.3 1 0
github.com/snapcore/snapd/overlord/devicestate/devicestate.go:275.2,276.12 2 0
github.com/snapcore/snapd/overlord/devicestate/devicestate.go:281.28,282.17 1 1
github.com/snapcore/snapd/overlord/devicestate/devicestate.go:282.17,286.3 3 1
github.com/snapcore/snapd/overlord/devicestate/devicestate.go:287.2,290.47 4 1
github.com/snapcore/snapd/overlord/devicestate/devicestate.go:294.82,297.16 3 1
github.com/snapcore/snapd/overlord/devicestate/devicestate.go:297.16,299.3 1 0
github.com/snapcore/snapd/overlord/devicestate/devicestate.go:300.2,300.22 1 1
github.com/snapcore/snapd/overlord/devicestate/devicestate.go:300.22,302.3 1 1
github.com/snapcore/snapd/overlord/devicestate/devicestate.go:304.2,307.46 2 0
github.com/snapcore/snapd/overlord/devicestate/devicestate.go:307.46,309.3 1 0
github.com/snapcore/snapd/overlord/devicestate/devicestate.go:310.2,310.16 1 0
github.com/snapcore/snapd/overlord/devicestate/devicestate.go:310.16,312.3 1 0
github.com/snapcore/snapd/overlord/devicestate/devicestate.go:314.2,314.32 1 0
github.com/snapcore/snapd/overlord/devicestate/devicestate.go:319.72,322.2 2 0
github.com/snapcore/snapd/overlord/devicestate/devicestate.go:332.47,334.16 2 0
github.com/snapcore/snapd/overlord/devicestate/devicestate.go:334.16,336.3 1 0
github.com/snapcore/snapd/overlord/devicestate/devicestate.go:337.2,337.36 1 0
github.com/snapcore/snapd/overlord/devicestate/devicestate.go:337.36,341.17 2 0
github.com/snapcore/snapd/overlord/devicestate/devicestate.go:341.17,342.12 1 0
github.com/snapcore/snapd/overlord/devicestate/devicestate.go:344.3,344.24 1 0
github.com/snapcore/snapd/overlord/devicestate/devicestate.go:344.24,345.12 1 0
github.com/snapcore/snapd/overlord/devicestate/devicestate.go:349.3,349.82 1 0
github.com/snapcore/snapd/overlord/devicestate/devicestate.go:349.82,350.12 1 0
github.com/snapcore/snapd/overlord/devicestate/devicestate.go:353.3,353.39 1 0
github.com/snapcore/snapd/overlord/devicestate/devicestate.go:353.39,354.96 1 0
github.com/snapcore/snapd/overlord/devicestate/devicestate.go:354.96,357.51 3 0
github.com/snapcore/snapd/overlord/devicestate/devicestate.go:357.51,359.6 1 0
github.com/snapcore/snapd/overlord/devicestate/devicestate.go:364.2,364.14 1 0
github.com/snapcore/snapd/overlord/devicestate/devicestate.go:368.42,370.16 2 0
github.com/snapcore/snapd/overlord/devicestate/devicestate.go:370.16,372.3 1 0
github.com/snapcore/snapd/overlord/devicestate/devicestate.go:373.2,373.34 1 0
github.com/snapcore/snapd/overlord/devicestate/devicestate.go:373.34,375.56 2 0
github.com/snapcore/snapd/overlord/devicestate/devicestate.go:375.56,377.4 1 0
github.com/snapcore/snapd/overlord/devicestate/devicestate.go:379.2,379.12 1 0
github.com/snapcore/snapd/overlord/devicestate/devicestate.go:382.72,385.2 2 0
github.com/snapcore/snapd/overlord/devicestate/devicestate.go:391.126,393.21 2 0
github.com/snapcore/snapd/overlord/devicestate/devicestate.go:393.21,395.3 1 0
github.com/snapcore/snapd/overlord/devicestate/devicestate.go:396.2,404.29 5 0
github.com/snapcore/snapd/overlord/devicestate/devicestate.go:404.29,405.23 1 0
github.com/snapcore/snapd/overlord/devicestate/devicestate.go:405.23,407.9 2 0
github.com/snapcore/snapd/overlord/devicestate/devicestate.go:410.2,410.77 1 0
github.com/snapcore/snapd/overlord/devicestate/devicestate.go:413.105,414.44 1 0
github.com/snapcore/snapd/overlord/devicestate/devicestate.go:414.44,415.15 1 0
github.com/snapcore/snapd/overlord/devicestate/devicestate.go:415.15,418.4 1 0
github.com/snapcore/snapd/overlord/devicestate/devicestate.go:419.3,419.80 1 0
github.com/snapcore/snapd/overlord/devicestate/devicestate.go:419.80,421.4 1 0
github.com/snapcore/snapd/overlord/devicestate/devicestate.go:422.3,422.17 1 0
github.com/snapcore/snapd/overlord/devicestate/devicestate.go:424.2,424.39 1 0
github.com/snapcore/snapd/overlord/devicestate/devicestate.go:473.57,475.2 1 0
github.com/snapcore/snapd/overlord/devicestate/devicestate.go:479.39,481.2 1 0
github.com/snapcore/snapd/overlord/devicestate/devicestate.go:494.143,496.38 2 0
github.com/snapcore/snapd/overlord/devicestate/devicestate.go:496.38,497.39 1 0
github.com/snapcore/snapd/overlord/devicestate/devicestate.go:497.39,498.23 1 0
github.com/snapcore/snapd/overlord/devicestate/devicestate.go:499.20,500.58 1 0
github.com/snapcore/snapd/overlord/devicestate/devicestate.go:501.20,502.58 1 0
github.com/snapcore/snapd/overlord/devicestate/devicestate.go:507.2,508.60 2 0
github.com/snapcore/snapd/overlord/devicestate/devicestate.go:508.60,509.40 1 0
github.com/snapcore/snapd/overlord/devicestate/devicestate.go:509.40,511.4 1 0
github.com/snapcore/snapd/overlord/devicestate/devicestate.go:516.3,516.71 1 0
github.com/snapcore/snapd/overlord/devicestate/devicestate.go:516.71,518.4 1 0
github.com/snapcore/snapd/overlord/devicestate/devicestate.go:520.3,521.17 2 0
github.com/snapcore/snapd/overlord/devicestate/devicestate.go:521.17,523.4 1 0
github.com/snapcore/snapd/overlord/devicestate/devicestate.go:525.3,531.17 2 0
[...]
github.com/snapcore/snapd/overlord/devicestate/systems.go:194.34,196.3 1 0
github.com/snapcore/snapd/overlord/devicestate/systems.go:198.2,199.16 2 0
github.com/snapcore/snapd/overlord/devicestate/systems.go:199.16,201.3 1 0
github.com/snapcore/snapd/overlord/devicestate/systems.go:202.2,210.23 2 0
github.com/snapcore/snapd/overlord/devicestate/systems.go:238.171,246.45 2 0
github.com/snapcore/snapd/overlord/devicestate/systems.go:246.45,247.35 1 0
github.com/snapcore/snapd/overlord/devicestate/systems.go:247.35,248.12 1 0
github.com/snapcore/snapd/overlord/devicestate/systems.go:251.3,252.17 2 0
github.com/snapcore/snapd/overlord/devicestate/systems.go:252.17,254.4 1 0
github.com/snapcore/snapd/overlord/devicestate/systems.go:256.3,257.17 2 0
github.com/snapcore/snapd/overlord/devicestate/systems.go:257.17,259.4 1 0
github.com/snapcore/snapd/overlord/devicestate/systems.go:261.3,261.33 1 0
github.com/snapcore/snapd/overlord/devicestate/systems.go:267.2,267.53 1 0
github.com/snapcore/snapd/overlord/devicestate/systems.go:267.53,270.17 3 0
github.com/snapcore/snapd/overlord/devicestate/systems.go:270.17,272.4 1 0
github.com/snapcore/snapd/overlord/devicestate/systems.go:273.3,273.45 1 0
github.com/snapcore/snapd/overlord/devicestate/systems.go:273.45,274.12 1 0
github.com/snapcore/snapd/overlord/devicestate/systems.go:277.3,280.17 3 0
github.com/snapcore/snapd/overlord/devicestate/systems.go:280.17,282.4 1 0
github.com/snapcore/snapd/overlord/devicestate/systems.go:284.3,285.17 2 0
github.com/snapcore/snapd/overlord/devicestate/systems.go:285.17,287.4 1 0
github.com/snapcore/snapd/overlord/devicestate/systems.go:289.3,289.36 1 0
github.com/snapcore/snapd/overlord/devicestate/systems.go:296.2,297.76 2 0
github.com/snapcore/snapd/overlord/devicestate/systems.go:297.76,298.39 1 0
github.com/snapcore/snapd/overlord/devicestate/systems.go:298.39,300.4 1 0
github.com/snapcore/snapd/overlord/devicestate/systems.go:301.3,301.29 1 0
github.com/snapcore/snapd/overlord/devicestate/systems.go:304.2,305.16 2 0
github.com/snapcore/snapd/overlord/devicestate/systems.go:305.16,306.45 1 0
github.com/snapcore/snapd/overlord/devicestate/systems.go:306.45,308.4 1 0
github.com/snapcore/snapd/overlord/devicestate/systems.go:309.3,309.29 1 0
github.com/snapcore/snapd/overlord/devicestate/systems.go:312.2,318.41 2 0
github.com/snapcore/snapd/overlord/devicestate/systems.go:321.123,328.40 1 0
github.com/snapcore/snapd/overlord/devicestate/systems.go:328.40,329.34 1 0
github.com/snapcore/snapd/overlord/devicestate/systems.go:329.34,330.12 1 0
github.com/snapcore/snapd/overlord/devicestate/systems.go:333.3,334.17 2 0
github.com/snapcore/snapd/overlord/devicestate/systems.go:334.17,336.4 1 0
github.com/snapcore/snapd/overlord/devicestate/systems.go:338.3,339.17 2 0
github.com/snapcore/snapd/overlord/devicestate/systems.go:339.17,341.4 1 0
github.com/snapcore/snapd/overlord/devicestate/systems.go:343.3,343.33 1 0
github.com/snapcore/snapd/overlord/devicestate/systems.go:350.2,351.48 2 0
github.com/snapcore/snapd/overlord/devicestate/systems.go:351.48,354.17 3 0
github.com/snapcore/snapd/overlord/devicestate/systems.go:354.17,356.4 1 0
github.com/snapcore/snapd/overlord/devicestate/systems.go:357.3,357.33 1 0
github.com/snapcore/snapd/overlord/devicestate/systems.go:357.33,358.12 1 0
github.com/snapcore/snapd/overlord/devicestate/systems.go:362.3,363.17 2 0
github.com/snapcore/snapd/overlord/devicestate/systems.go:363.17,365.4 1 0
github.com/snapcore/snapd/overlord/devicestate/systems.go:366.3,367.17 2 0
github.com/snapcore/snapd/overlord/devicestate/systems.go:367.17,369.4 1 0
github.com/snapcore/snapd/overlord/devicestate/systems.go:371.3,371.43 1 0
github.com/snapcore/snapd/overlord/devicestate/systems.go:379.2,380.16 2 0
github.com/snapcore/snapd/overlord/devicestate/systems.go:380.16,382.17 2 0
github.com/snapcore/snapd/overlord/devicestate/systems.go:382.17,384.4 1 0
github.com/snapcore/snapd/overlord/devicestate/systems.go:385.3,386.43 2 0
github.com/snapcore/snapd/overlord/devicestate/systems.go:388.2,388.49 1 0
github.com/snapcore/snapd/overlord/devicestate/systems.go:388.49,390.3 1 0
github.com/snapcore/snapd/overlord/devicestate/systems.go:391.2,391.28 1 0
github.com/snapcore/snapd/overlord/devicestate/systems.go:415.27,416.46 1 0
github.com/snapcore/snapd/overlord/devicestate/systems.go:416.46,418.3 1 0
github.com/snapcore/snapd/overlord/devicestate/systems.go:420.2,437.16 7 0
github.com/snapcore/snapd/overlord/devicestate/systems.go:437.16,439.3 1 0
github.com/snapcore/snapd/overlord/devicestate/systems.go:441.2,447.68 4 0
github.com/snapcore/snapd/overlord/devicestate/systems.go:447.68,449.17 2 0
github.com/snapcore/snapd/overlord/devicestate/systems.go:449.17,451.25 2 0
github.com/snapcore/snapd/overlord/devicestate/systems.go:451.25,453.5 1 0
github.com/snapcore/snapd/overlord/devicestate/systems.go:455.3,456.17 2 0
github.com/snapcore/snapd/overlord/devicestate/systems.go:456.17,458.4 1 0
github.com/snapcore/snapd/overlord/devicestate/systems.go:459.3,459.58 1 0
github.com/snapcore/snapd/overlord/devicestate/systems.go:459.58,463.4 1 0
github.com/snapcore/snapd/overlord/devicestate/systems.go:465.3,466.15 2 0
github.com/snapcore/snapd/overlord/devicestate/systems.go:466.15,468.4 1 0
github.com/snapcore/snapd/overlord/devicestate/systems.go:469.3,469.40 1 0
github.com/snapcore/snapd/overlord/devicestate/systems.go:469.40,472.4 1 0
github.com/snapcore/snapd/overlord/devicestate/systems.go:474.3,476.45 3 0
github.com/snapcore/snapd/overlord/devicestate/systems.go:476.45,479.18 3 0
github.com/snapcore/snapd/overlord/devicestate/systems.go:479.18,481.5 1 0
github.com/snapcore/snapd/overlord/devicestate/systems.go:483.4,483.16 1 0
github.com/snapcore/snapd/overlord/devicestate/systems.go:483.16,484.36 1 0
github.com/snapcore/snapd/overlord/devicestate/systems.go:484.36,485.14 1 0
github.com/snapcore/snapd/overlord/devicestate/systems.go:487.5,487.81 1 0
github.com/snapcore/snapd/overlord/devicestate/systems.go:492.4,495.49 2 0
github.com/snapcore/snapd/overlord/devicestate/systems.go:501.3,506.13 3 0
github.com/snapcore/snapd/overlord/devicestate/systems.go:509.2,509.44 1 0
github.com/snapcore/snapd/overlord/devicestate/systems.go:509.44,511.53 2 0
github.com/snapcore/snapd/overlord/devicestate/systems.go:511.53,513.4 1 0
github.com/snapcore/snapd/overlord/devicestate/systems.go:516.2,517.90 2 0
github.com/snapcore/snapd/overlord/devicestate/systems.go:517.90,519.3 1 0
github.com/snapcore/snapd/overlord/devicestate/systems.go:520.2,520.51 1 0
github.com/snapcore/snapd/overlord/devicestate/systems.go:520.51,522.53 2 0
github.com/snapcore/snapd/overlord/devicestate/systems.go:522.53,524.4 1 0
github.com/snapcore/snapd/overlord/devicestate/systems.go:526.2,526.53 1 0
github.com/snapcore/snapd/overlord/devicestate/systems.go:526.53,528.3 1 0
github.com/snapcore/snapd/overlord/devicestate/systems.go:530.2,530.73 1 0
github.com/snapcore/snapd/overlord/devicestate/systems.go:530.73,531.63 1 0
github.com/snapcore/snapd/overlord/devicestate/systems.go:531.63,533.4 1 0
github.com/snapcore/snapd/overlord/devicestate/systems.go:535.3,535.73 1 0
github.com/snapcore/snapd/overlord/devicestate/systems.go:535.73,536.25 1 0
github.com/snapcore/snapd/overlord/devicestate/systems.go:536.25,538.19 2 0
github.com/snapcore/snapd/overlord/devicestate/systems.go:538.19,540.6 1 0
github.com/snapcore/snapd/overlord/devicestate/systems.go:541.5,541.51 1 0
github.com/snapcore/snapd/overlord/devicestate/systems.go:543.4,543.31 1 0
github.com/snapcore/snapd/overlord/devicestate/systems.go:546.3,546.72 1 0
github.com/snapcore/snapd/overlord/devicestate/systems.go:549.2,550.40 2 0
github.com/snapcore/snapd/overlord/devicestate/systems.go:550.40,552.3 1 0
github.com/snapcore/snapd/overlord/devicestate/systems.go:557.2,558.16 2 0
github.com/snapcore/snapd/overlord/devicestate/systems.go:558.16,560.3 1 0
github.com/snapcore/snapd/overlord/devicestate/systems.go:562.2,563.32 2 0
github.com/snapcore/snapd/overlord/devicestate/systems.go:563.32,565.10 2 0
github.com/snapcore/snapd/overlord/devicestate/systems.go:565.10,567.4 1 0
github.com/snapcore/snapd/overlord/devicestate/systems.go:569.3,576.17 3 0
github.com/snapcore/snapd/overlord/devicestate/systems.go:576.17,577.49 1 0
github.com/snapcore/snapd/overlord/devicestate/systems.go:577.49,579.5 1 0
github.com/snapcore/snapd/overlord/devicestate/systems.go:583.4,583.16 1 0
github.com/snapcore/snapd/overlord/devicestate/systems.go:583.16,585.5 1 0
github.com/snapcore/snapd/overlord/devicestate/systems.go:588.3,589.64 2 0
github.com/snapcore/snapd/overlord/devicestate/systems.go:589.64,590.16 1 0
github.com/snapcore/snapd/overlord/devicestate/systems.go:590.16,592.19 2 0
github.com/snapcore/snapd/overlord/devicestate/systems.go:592.19,594.6 1 0
github.com/snapcore/snapd/overlord/devicestate/systems.go:596.5,596.55 1 0
github.com/snapcore/snapd/overlord/devicestate/systems.go:599.4,603.5 1 0
github.com/snapcore/snapd/overlord/devicestate/systems.go:606.3,606.56 1 0
github.com/snapcore/snapd/overlord/devicestate/systems.go:606.56,608.4 1 0
github.com/snapcore/snapd/overlord/devicestate/systems.go:609.3,609.30 1 0
github.com/snapcore/snapd/overlord/devicestate/systems.go:612.2,612.40 1 0
github.com/snapcore/snapd/overlord/devicestate/systems.go:612.40,614.3 1 0
github.com/snapcore/snapd/overlord/devicestate/systems.go:616.2,616.81 1 0
github.com/snapcore/snapd/overlord/devicestate/systems.go:616.81,618.3 1 0
github.com/snapcore/snapd/overlord/devicestate/systems.go:620.2,620.6 1 0
github.com/snapcore/snapd/overlord/devicestate/systems.go:620.6,623.17 2 0
github.com/snapcore/snapd/overlord/devicestate/systems.go:623.17,625.4 1 0
github.com/snapcore/snapd/overlord/devicestate/systems.go:628.3,628.26 1 0
github.com/snapcore/snapd/overlord/devicestate/systems.go:628.26,630.34 2 0
github.com/snapcore/snapd/overlord/devicestate/systems.go:630.34,632.5 1 0
github.com/snapcore/snapd/overlord/devicestate/systems.go:633.4,633.98 1 0
github.com/snapcore/snapd/overlord/devicestate/systems.go:636.3,637.17 2 0
github.com/snapcore/snapd/overlord/devicestate/systems.go:637.17,639.4 1 0
github.com/snapcore/snapd/overlord/devicestate/systems.go:640.3,640.15 1 0
github.com/snapcore/snapd/overlord/devicestate/systems.go:640.15,642.9 2 0
github.com/snapcore/snapd/overlord/devicestate/systems.go:646.2,646.36 1 0
github.com/snapcore/snapd/overlord/devicestate/systems.go:646.36,648.3 1 0
github.com/snapcore/snapd/overlord/devicestate/systems.go:650.2,651.16 2 0
github.com/snapcore/snapd/overlord/devicestate/systems.go:651.16,653.3 1 0
github.com/snapcore/snapd/overlord/devicestate/systems.go:654.2,654.30 1 0
github.com/snapcore/snapd/overlord/devicestate/systems.go:654.30,656.38 2 0
github.com/snapcore/snapd/overlord/devicestate/systems.go:656.38,658.4 1 0
github.com/snapcore/snapd/overlord/devicestate/systems.go:659.3,659.90 1 0
github.com/snapcore/snapd/overlord/devicestate/systems.go:662.2,662.48 1 0
github.com/snapcore/snapd/overlord/devicestate/systems.go:662.48,665.77 1 0
github.com/snapcore/snapd/overlord/devicestate/systems.go:665.77,667.4 1 0
github.com/snapcore/snapd/overlord/devicestate/systems.go:671.3,672.26 2 0
github.com/snapcore/snapd/overlord/devicestate/systems.go:672.26,673.63 1 0
github.com/snapcore/snapd/overlord/devicestate/systems.go:673.63,675.5 1 0
github.com/snapcore/snapd/overlord/devicestate/systems.go:677.3,677.38 1 0
github.com/snapcore/snapd/overlord/devicestate/systems.go:679.2,679.46 1 0
github.com/snapcore/snapd/overlord/devicestate/systems.go:679.46,681.3 1 0
github.com/snapcore/snapd/overlord/devicestate/systems.go:682.2,682.38 1 0
github.com/snapcore/snapd/overlord/devicestate/systems.go:682.38,684.3 1 0
github.com/snapcore/snapd/overlord/devicestate/systems.go:686.2,687.16 2 0
github.com/snapcore/snapd/overlord/devicestate/systems.go:687.16,689.3 1 0
github.com/snapcore/snapd/overlord/devicestate/systems.go:690.2,691.31 2 0
github.com/snapcore/snapd/overlord/devicestate/systems.go:691.31,692.25 1 0
github.com/snapcore/snapd/overlord/devicestate/systems.go:693.24,695.33 2 0
github.com/snapcore/snapd/overlord/devicestate/systems.go:696.24,697.38 1 0
github.com/snapcore/snapd/overlord/devicestate/systems.go:700.2,700.130 1 0
github.com/snapcore/snapd/overlord/devicestate/systems.go:700.130,702.3 1 0
github.com/snapcore/snapd/overlord/devicestate/systems.go:703.2,705.31 2 0
github.com/snapcore/snapd/overlord/devicestate/users.go:52.36,54.2 1 0
github.com/snapcore/snapd/overlord/devicestate/users.go:69.105,70.17 1 0
github.com/snapcore/snapd/overlord/devicestate/users.go:70.17,72.3 1 0
github.com/snapcore/snapd/overlord/devicestate/users.go:74.2,76.16 3 0
github.com/snapcore/snapd/overlord/devicestate/users.go:76.16,78.3 1 0
github.com/snapcore/snapd/overlord/devicestate/users.go:80.2,81.55 2 0
github.com/snapcore/snapd/overlord/devicestate/users.go:88.91,90.16 2 0
github.com/snapcore/snapd/overlord/devicestate/users.go:90.16,92.3 1 0
github.com/snapcore/snapd/overlord/devicestate/users.go:94.2,95.53 2 0
github.com/snapcore/snapd/overlord/devicestate/users.go:95.53,97.3 1 0
github.com/snapcore/snapd/overlord/devicestate/users.go:99.2,100.17 2 0
github.com/snapcore/snapd/overlord/devicestate/users.go:100.17,102.3 1 0
github.com/snapcore/snapd/overlord/devicestate/users.go:104.2,105.16 2 0
github.com/snapcore/snapd/overlord/devicestate/users.go:105.16,107.3 1 0
github.com/snapcore/snapd/overlord/devicestate/users.go:109.2,111.16 3 0
github.com/snapcore/snapd/overlord/devicestate/users.go:111.16,113.3 1 0
github.com/snapcore/snapd/overlord/devicestate/users.go:114.2,114.41 1 0
github.com/snapcore/snapd/overlord/devicestate/users.go:118.101,120.17 1 0
github.com/snapcore/snapd/overlord/devicestate/users.go:120.17,122.3 1 0
github.com/snapcore/snapd/overlord/devicestate/users.go:125.2,125.20 1 0
github.com/snapcore/snapd/overlord/devicestate/users.go:125.20,127.3 1 0
github.com/snapcore/snapd/overlord/devicestate/users.go:130.2,131.16 2 0
github.com/snapcore/snapd/overlord/devicestate/users.go:131.16,132.42 1 0
github.com/snapcore/snapd/overlord/devicestate/users.go:132.42,134.4 1 0
github.com/snapcore/snapd/overlord/devicestate/users.go:135.3,135.18 1 0
github.com/snapcore/snapd/overlord/devicestate/users.go:139.2,143.61 2 0
github.com/snapcore/snapd/overlord/devicestate/users.go:143.61,145.3 1 0
github.com/snapcore/snapd/overlord/devicestate/users.go:148.2,150.46 2 0
github.com/snapcore/snapd/overlord/devicestate/users.go:150.46,152.3 1 0
github.com/snapcore/snapd/overlord/devicestate/users.go:153.2,153.15 1 0
github.com/snapcore/snapd/overlord/devicestate/users.go:156.134,161.16 4 0
github.com/snapcore/snapd/overlord/devicestate/users.go:161.16,163.3 1 0
github.com/snapcore/snapd/overlord/devicestate/users.go:164.2,164.25 1 0
github.com/snapcore/snapd/overlord/devicestate/users.go:164.25,166.3 1 0
github.com/snapcore/snapd/overlord/devicestate/users.go:170.2,170.30 1 0
github.com/snapcore/snapd/overlord/devicestate/users.go:170.30,172.3 1 0
github.com/snapcore/snapd/overlord/devicestate/users.go:174.2,179.30 3 0
github.com/snapcore/snapd/overlord/devicestate/users.go:182.193,187.16 3 0
github.com/snapcore/snapd/overlord/devicestate/users.go:187.16,188.60 1 0
github.com/snapcore/snapd/overlord/devicestate/users.go:188.60,191.4 1 0
github.com/snapcore/snapd/overlord/devicestate/users.go:192.3,193.18 2 0
github.com/snapcore/snapd/overlord/devicestate/users.go:197.2,197.48 1 0
github.com/snapcore/snapd/overlord/devicestate/users.go:197.48,199.3 1 0
github.com/snapcore/snapd/overlord/devicestate/users.go:201.2,202.65 2 0
github.com/snapcore/snapd/overlord/devicestate/users.go:205.170,211.61 3 0
github.com/snapcore/snapd/overlord/devicestate/users.go:211.61,213.3 1 0
github.com/snapcore/snapd/overlord/devicestate/users.go:215.2,216.32 2 0
github.com/snapcore/snapd/overlord/devicestate/users.go:216.32,219.17 3 0
github.com/snapcore/snapd/overlord/devicestate/users.go:219.17,220.61 1 0
github.com/snapcore/snapd/overlord/devicestate/users.go:220.61,223.13 3 0
github.com/snapcore/snapd/overlord/devicestate/users.go:225.4,225.19 1 0
github.com/snapcore/snapd/overlord/devicestate/users.go:227.3,227.25 1 0
github.com/snapcore/snapd/overlord/devicestate/users.go:227.25,228.12 1 0
github.com/snapcore/snapd/overlord/devicestate/users.go:230.3,230.51 1 0
github.com/snapcore/snapd/overlord/devicestate/users.go:233.2,233.26 1 0
github.com/snapcore/snapd/overlord/devicestate/users.go:238.178,247.16 5 0
github.com/snapcore/snapd/overlord/devicestate/users.go:247.16,249.3 1 0
github.com/snapcore/snapd/overlord/devicestate/users.go:251.2,255.84 3 0
github.com/snapcore/snapd/overlord/devicestate/users.go:255.84,257.3 1 0
github.com/snapcore/snapd/overlord/devicestate/users.go:259.2,259.72 1 0
github.com/snapcore/snapd/overlord/devicestate/users.go:259.72,261.3 1 0
github.com/snapcore/snapd/overlord/devicestate/users.go:262.2,262.71 1 0
github.com/snapcore/snapd/overlord/devicestate/users.go:262.71,264.3 1 0
github.com/snapcore/snapd/overlord/devicestate/users.go:265.2,265.27 1 0
github.com/snapcore/snapd/overlord/devicestate/users.go:265.27,266.22 1 0
github.com/snapcore/snapd/overlord/devicestate/users.go:266.22,268.4 1 0
github.com/snapcore/snapd/overlord/devicestate/users.go:269.3,270.50 2 0
github.com/snapcore/snapd/overlord/devicestate/users.go:270.50,272.4 1 0
github.com/snapcore/snapd/overlord/devicestate/users.go:275.2,275.29 1 0
github.com/snapcore/snapd/overlord/devicestate/users.go:275.29,277.3 1 0
github.com/snapcore/snapd/overlord/devicestate/users.go:279.2,286.54 3 0
github.com/snapcore/snapd/overlord/devicestate/users.go:289.93,291.16 2 0
github.com/snapcore/snapd/overlord/devicestate/users.go:291.16,293.3 1 0
github.com/snapcore/snapd/overlord/devicestate/users.go:294.2,295.16 2 0
github.com/snapcore/snapd/overlord/devicestate/users.go:295.16,297.3 1 0
github.com/snapcore/snapd/overlord/devicestate/users.go:298.2,299.87 2 0
github.com/snapcore/snapd/overlord/devicestate/users.go:299.87,301.3 1 0
github.com/snapcore/snapd/overlord/devicestate/users.go:304.2,311.16 2 0
github.com/snapcore/snapd/overlord/devicestate/users.go:311.16,313.3 1 0
github.com/snapcore/snapd/overlord/devicestate/users.go:316.2,327.16 2 0
github.com/snapcore/snapd/overlord/devicestate/users.go:327.16,329.3 1 0
github.com/snapcore/snapd/overlord/devicestate/users.go:330.2,330.99 1 0
github.com/snapcore/snapd/overlord/devicestate/users.go:330.99,332.3 1 0
github.com/snapcore/snapd/overlord/devicestate/users.go:334.2,334.12 1 0
github.com/snapcore/snapd/overlord/devicestate/users.go:337.138,339.54 2 0
github.com/snapcore/snapd/overlord/devicestate/users.go:339.54,341.3 1 0
github.com/snapcore/snapd/overlord/devicestate/users.go:342.2,342.75 1 0
github.com/snapcore/snapd/overlord/devicestate/users.go:342.75,344.3 1 0
github.com/snapcore/snapd/overlord/devicestate/users.go:346.2,349.8 1 0
github.com/snapcore/snapd/overlord/devicestate/volumes.go:48.94,50.16 2 0
github.com/snapcore/snapd/overlord/devicestate/volumes.go:50.16,52.3 1 0
github.com/snapcore/snapd/overlord/devicestate/volumes.go:53.2,54.16 2 0
github.com/snapcore/snapd/overlord/devicestate/volumes.go:54.16,56.3 1 0
github.com/snapcore/snapd/overlord/devicestate/volumes.go:58.2,59.16 2 0
github.com/snapcore/snapd/overlord/devicestate/volumes.go:59.16,61.3 1 0
github.com/snapcore/snapd/overlord/devicestate/volumes.go:63.2,64.16 2 0
github.com/snapcore/snapd/overlord/devicestate/volumes.go:64.16,66.3 1 0
github.com/snapcore/snapd/overlord/devicestate/volumes.go:67.2,68.35 2 0
github.com/snapcore/snapd/overlord/devicestate/volumes.go:68.35,70.3 1 0
github.com/snapcore/snapd/overlord/devicestate/volumes.go:72.2,73.40 2 0
github.com/snapcore/snapd/overlord/devicestate/volumes.go:73.40,74.35 1 0
github.com/snapcore/snapd/overlord/devicestate/volumes.go:74.35,79.4 1 0
github.com/snapcore/snapd/overlord/devicestate/volumes.go:82.2,82.36 1 0
